<!DOCTYPE html>
<html>
  <head>
    <meta charset="utf-8"/>
    <title id="head-title">testcase_TC_PIM_03_Menu_Validation</title>
      <link href="assets\style.css" rel="stylesheet" type="text/css"/>
  </head>
  <body>
    <h1 id="title">testcase_TC_PIM_03_Menu_Validation</h1>
    <p>Report generated on 05-Feb-2024 at 22:55:29 by <a href="https://pypi.python.org/pypi/pytest-html">pytest-html</a>
        v4.1.1</p>
    <div id="environment-header">
      <h2>Environment</h2>
    </div>
    <table id="environment"></table>
    <!-- TEMPLATES -->
      <template id="template_environment_row">
      <tr>
        <td></td>
        <td></td>
      </tr>
    </template>
    <template id="template_results-table__body--empty">
      <tbody class="results-table-row">
        <tr id="not-found-message">
          <td colspan="4">No results found. Check the filters.</th>
        </tr>
    </template>
    <template id="template_results-table__tbody">
      <tbody class="results-table-row">
        <tr class="collapsible">
        </tr>
        <tr class="extras-row">
          <td class="extra" colspan="4">
            <div class="extraHTML"></div>
            <div class="media">
              <div class="media-container">
                  <div class="media-container__nav--left"><</div>
                  <div class="media-container__viewport">
                    <img src="" />
                    <video controls>
                      <source src="" type="video/mp4">
                    </video>
                  </div>
                  <div class="media-container__nav--right">></div>
                </div>
                <div class="media__name"></div>
                <div class="media__counter"></div>
            </div>
            <div class="logwrapper">
              <div class="logexpander"></div>
              <div class="log"></div>
            </div>
          </td>
        </tr>
      </tbody>
    </template>
    <!-- END TEMPLATES -->
    <div class="summary">
      <div class="summary__data">
        <h2>Summary</h2>
        <div class="additional-summary prefix">
        </div>
        <p class="run-count">96 tests took 00:35:59.</p>
        <p class="filter">(Un)check the boxes to filter the results.</p>
        <div class="summary__reload">
          <div class="summary__reload__button hidden" onclick="location.reload()">
            <div>There are still tests running. <br />Reload this page to get the latest results!</div>
          </div>
        </div>
        <div class="summary__spacer"></div>
        <div class="controls">
          <div class="filters">
            <input checked="true" class="filter" name="filter_checkbox" type="checkbox" data-test-result="failed" />
            <span class="failed">48 Failed,</span>
            <input checked="true" class="filter" name="filter_checkbox" type="checkbox" data-test-result="passed" />
            <span class="passed">48 Passed,</span>
            <input checked="true" class="filter" name="filter_checkbox" type="checkbox" data-test-result="skipped" disabled/>
            <span class="skipped">0 Skipped,</span>
            <input checked="true" class="filter" name="filter_checkbox" type="checkbox" data-test-result="xfailed" disabled/>
            <span class="xfailed">0 Expected failures,</span>
            <input checked="true" class="filter" name="filter_checkbox" type="checkbox" data-test-result="xpassed" disabled/>
            <span class="xpassed">0 Unexpected passes,</span>
            <input checked="true" class="filter" name="filter_checkbox" type="checkbox" data-test-result="error" disabled/>
            <span class="error">0 Errors,</span>
            <input checked="true" class="filter" name="filter_checkbox" type="checkbox" data-test-result="rerun" disabled/>
            <span class="rerun">0 Reruns</span>
          </div>
          <div class="collapse">
            <button id="show_all_details">Show all details</button>&nbsp;/&nbsp;<button id="hide_all_details">Hide all details</button>
          </div>
        </div>
      </div>
      <div class="additional-summary summary">
      </div>
      <div class="additional-summary postfix">
      </div>
    </div>
    <table id="results-table">
      <thead id="results-table-head">
        <tr>
          <th class="sortable" data-column-type="result">Result</th>
          <th class="sortable" data-column-type="testId">Test</th>
          <th class="sortable" data-column-type="duration">Duration</th>
          <th>Links</th>
        </tr>
      </thead>
    </table>
  </body>
  <footer>
    <div id="data-container" data-jsonblob="{&#34;environment&#34;: {&#34;Python&#34;: &#34;3.12.0&#34;, &#34;Platform&#34;: &#34;Windows-11-10.0.22621-SP0&#34;, &#34;Packages&#34;: {&#34;pytest&#34;: &#34;7.4.3&#34;, &#34;pluggy&#34;: &#34;1.3.0&#34;}, &#34;Plugins&#34;: {&#34;html&#34;: &#34;4.1.1&#34;, &#34;metadata&#34;: &#34;3.0.0&#34;}}, &#34;tests&#34;: {&#34;test_orange_menu_validation.py::test_admin_menu_label_present&#34;: [{&#34;extras&#34;: [], &#34;result&#34;: &#34;Passed&#34;, &#34;testId&#34;: &#34;test_orange_menu_validation.py::test_admin_menu_label_present&#34;, &#34;duration&#34;: &#34;00:00:11&#34;, &#34;resultsTableRow&#34;: [&#34;&lt;td class=\&#34;col-result\&#34;&gt;Passed&lt;/td&gt;&#34;, &#34;&lt;td class=\&#34;col-testId\&#34;&gt;test_orange_menu_validation.py::test_admin_menu_label_present&lt;/td&gt;&#34;, &#34;&lt;td class=\&#34;col-duration\&#34;&gt;00:00:11&lt;/td&gt;&#34;, &#34;&lt;td class=\&#34;col-links\&#34;&gt;&lt;/td&gt;&#34;], &#34;log&#34;: &#34;---------------------------- Captured stdout setup -----------------------------\nBrowser started successfully.\nLogin successful.\n&#34;}], &#34;test_orange_menu_validation.py::test_admin_menu_label_absent&#34;: [{&#34;extras&#34;: [], &#34;result&#34;: &#34;Failed&#34;, &#34;testId&#34;: &#34;test_orange_menu_validation.py::test_admin_menu_label_absent&#34;, &#34;duration&#34;: &#34;00:00:23&#34;, &#34;resultsTableRow&#34;: [&#34;&lt;td class=\&#34;col-result\&#34;&gt;Failed&lt;/td&gt;&#34;, &#34;&lt;td class=\&#34;col-testId\&#34;&gt;test_orange_menu_validation.py::test_admin_menu_label_absent&lt;/td&gt;&#34;, &#34;&lt;td class=\&#34;col-duration\&#34;&gt;00:00:23&lt;/td&gt;&#34;, &#34;&lt;td class=\&#34;col-links\&#34;&gt;&lt;/td&gt;&#34;], &#34;log&#34;: &#34;menu_list = &amp;lt;Automation_Scripts.orange_menu_validation.Menu_validation object at 0x000001C4E3D34350&amp;gt;\n\n    def test_admin_menu_label_absent(menu_list):\n        admin_menu = WebDriverWait(menu_list.driver, 20).until(\n            EC.visibility_of_element_located((By.XPATH, locators.WebLocators().admin)))\n&amp;gt;       assert &amp;quot;Admin&amp;quot; not in admin_menu.text\nE       AssertionError: assert &amp;#x27;Admin&amp;#x27; not in &amp;#x27;Admin&amp;#x27;\nE         &amp;#x27;Admin&amp;#x27; is contained here:\nE           Admin\n\ntest_orange_menu_validation.py:33: AssertionError\n\n---------------------------- Captured stdout setup -----------------------------\nBrowser started successfully.\nError during login: Message: \nStacktrace:\nRemoteError@chrome://remote/content/shared/RemoteError.sys.mjs:8:8\nWebDriverError@chrome://remote/content/shared/webdriver/Errors.sys.mjs:191:5\nNoSuchElementError@chrome://remote/content/shared/webdriver/Errors.sys.mjs:509:5\ndom.find/&amp;lt;/&amp;lt;@chrome://remote/content/shared/DOM.sys.mjs:136:16\n\n&#34;}], &#34;test_orange_menu_validation.py::test_admin_menu_displayed&#34;: [{&#34;extras&#34;: [], &#34;result&#34;: &#34;Passed&#34;, &#34;testId&#34;: &#34;test_orange_menu_validation.py::test_admin_menu_displayed&#34;, &#34;duration&#34;: &#34;00:00:23&#34;, &#34;resultsTableRow&#34;: [&#34;&lt;td class=\&#34;col-result\&#34;&gt;Passed&lt;/td&gt;&#34;, &#34;&lt;td class=\&#34;col-testId\&#34;&gt;test_orange_menu_validation.py::test_admin_menu_displayed&lt;/td&gt;&#34;, &#34;&lt;td class=\&#34;col-duration\&#34;&gt;00:00:23&lt;/td&gt;&#34;, &#34;&lt;td class=\&#34;col-links\&#34;&gt;&lt;/td&gt;&#34;], &#34;log&#34;: &#34;---------------------------- Captured stdout setup -----------------------------\nBrowser started successfully.\nError during login: Message: \nStacktrace:\nRemoteError@chrome://remote/content/shared/RemoteError.sys.mjs:8:8\nWebDriverError@chrome://remote/content/shared/webdriver/Errors.sys.mjs:191:5\nNoSuchElementError@chrome://remote/content/shared/webdriver/Errors.sys.mjs:509:5\ndom.find/&amp;lt;/&amp;lt;@chrome://remote/content/shared/DOM.sys.mjs:136:16\n\n&#34;}], &#34;test_orange_menu_validation.py::test_admin_menu_not_displayed&#34;: [{&#34;extras&#34;: [], &#34;result&#34;: &#34;Failed&#34;, &#34;testId&#34;: &#34;test_orange_menu_validation.py::test_admin_menu_not_displayed&#34;, &#34;duration&#34;: &#34;00:00:23&#34;, &#34;resultsTableRow&#34;: [&#34;&lt;td class=\&#34;col-result\&#34;&gt;Failed&lt;/td&gt;&#34;, &#34;&lt;td class=\&#34;col-testId\&#34;&gt;test_orange_menu_validation.py::test_admin_menu_not_displayed&lt;/td&gt;&#34;, &#34;&lt;td class=\&#34;col-duration\&#34;&gt;00:00:23&lt;/td&gt;&#34;, &#34;&lt;td class=\&#34;col-links\&#34;&gt;&lt;/td&gt;&#34;], &#34;log&#34;: &#34;menu_list = &amp;lt;Automation_Scripts.orange_menu_validation.Menu_validation object at 0x000001C4E3D62E40&amp;gt;\n\n    def test_admin_menu_not_displayed(menu_list):\n        admin_menu = WebDriverWait(menu_list.driver, 20).until(\n            EC.visibility_of_element_located((By.XPATH, locators.WebLocators().admin)))\n&amp;gt;       assert not admin_menu.is_displayed()\nE       assert not True\nE        +  where True = &amp;lt;bound method WebElement.is_displayed of &amp;lt;selenium.webdriver.remote.webelement.WebElement (session=&amp;quot;975aecba-dc85-4959-abc7-ddc291767ba2&amp;quot;, element=&amp;quot;eb4ed084-af63-4978-9979-ce16c3aecadb&amp;quot;)&amp;gt;&amp;gt;()\nE        +    where &amp;lt;bound method WebElement.is_displayed of &amp;lt;selenium.webdriver.remote.webelement.WebElement (session=&amp;quot;975aecba-dc85-4959-abc7-ddc291767ba2&amp;quot;, element=&amp;quot;eb4ed084-af63-4978-9979-ce16c3aecadb&amp;quot;)&amp;gt;&amp;gt; = &amp;lt;selenium.webdriver.remote.webelement.WebElement (session=&amp;quot;975aecba-dc85-4959-abc7-ddc291767ba2&amp;quot;, element=&amp;quot;eb4ed084-af63-4978-9979-ce16c3aecadb&amp;quot;)&amp;gt;.is_displayed\n\ntest_orange_menu_validation.py:45: AssertionError\n\n---------------------------- Captured stdout setup -----------------------------\nBrowser started successfully.\nError during login: Message: \nStacktrace:\nRemoteError@chrome://remote/content/shared/RemoteError.sys.mjs:8:8\nWebDriverError@chrome://remote/content/shared/webdriver/Errors.sys.mjs:191:5\nNoSuchElementError@chrome://remote/content/shared/webdriver/Errors.sys.mjs:509:5\ndom.find/&amp;lt;/&amp;lt;@chrome://remote/content/shared/DOM.sys.mjs:136:16\n\n&#34;}], &#34;test_orange_menu_validation.py::test_admin_menu_enabled&#34;: [{&#34;extras&#34;: [], &#34;result&#34;: &#34;Passed&#34;, &#34;testId&#34;: &#34;test_orange_menu_validation.py::test_admin_menu_enabled&#34;, &#34;duration&#34;: &#34;00:00:23&#34;, &#34;resultsTableRow&#34;: [&#34;&lt;td class=\&#34;col-result\&#34;&gt;Passed&lt;/td&gt;&#34;, &#34;&lt;td class=\&#34;col-testId\&#34;&gt;test_orange_menu_validation.py::test_admin_menu_enabled&lt;/td&gt;&#34;, &#34;&lt;td class=\&#34;col-duration\&#34;&gt;00:00:23&lt;/td&gt;&#34;, &#34;&lt;td class=\&#34;col-links\&#34;&gt;&lt;/td&gt;&#34;], &#34;log&#34;: &#34;---------------------------- Captured stdout setup -----------------------------\nBrowser started successfully.\nError during login: Message: \nStacktrace:\nRemoteError@chrome://remote/content/shared/RemoteError.sys.mjs:8:8\nWebDriverError@chrome://remote/content/shared/webdriver/Errors.sys.mjs:191:5\nNoSuchElementError@chrome://remote/content/shared/webdriver/Errors.sys.mjs:509:5\ndom.find/&amp;lt;/&amp;lt;@chrome://remote/content/shared/DOM.sys.mjs:136:16\n\n&#34;}], &#34;test_orange_menu_validation.py::test_admin_menu_not_enabled&#34;: [{&#34;extras&#34;: [], &#34;result&#34;: &#34;Failed&#34;, &#34;testId&#34;: &#34;test_orange_menu_validation.py::test_admin_menu_not_enabled&#34;, &#34;duration&#34;: &#34;00:00:23&#34;, &#34;resultsTableRow&#34;: [&#34;&lt;td class=\&#34;col-result\&#34;&gt;Failed&lt;/td&gt;&#34;, &#34;&lt;td class=\&#34;col-testId\&#34;&gt;test_orange_menu_validation.py::test_admin_menu_not_enabled&lt;/td&gt;&#34;, &#34;&lt;td class=\&#34;col-duration\&#34;&gt;00:00:23&lt;/td&gt;&#34;, &#34;&lt;td class=\&#34;col-links\&#34;&gt;&lt;/td&gt;&#34;], &#34;log&#34;: &#34;menu_list = &amp;lt;Automation_Scripts.orange_menu_validation.Menu_validation object at 0x000001C4E3D62300&amp;gt;\n\n    def test_admin_menu_not_enabled(menu_list):\n        admin_menu = WebDriverWait(menu_list.driver, 20).until(\n            EC.visibility_of_element_located((By.XPATH, locators.WebLocators().admin)))\n&amp;gt;       assert not admin_menu.is_enabled()\nE       assert not True\nE        +  where True = &amp;lt;bound method WebElement.is_enabled of &amp;lt;selenium.webdriver.remote.webelement.WebElement (session=&amp;quot;975aecba-dc85-4959-abc7-ddc291767ba2&amp;quot;, element=&amp;quot;29ba0971-aeff-4004-aa8c-92727d5cc6f1&amp;quot;)&amp;gt;&amp;gt;()\nE        +    where &amp;lt;bound method WebElement.is_enabled of &amp;lt;selenium.webdriver.remote.webelement.WebElement (session=&amp;quot;975aecba-dc85-4959-abc7-ddc291767ba2&amp;quot;, element=&amp;quot;29ba0971-aeff-4004-aa8c-92727d5cc6f1&amp;quot;)&amp;gt;&amp;gt; = &amp;lt;selenium.webdriver.remote.webelement.WebElement (session=&amp;quot;975aecba-dc85-4959-abc7-ddc291767ba2&amp;quot;, element=&amp;quot;29ba0971-aeff-4004-aa8c-92727d5cc6f1&amp;quot;)&amp;gt;.is_enabled\n\ntest_orange_menu_validation.py:57: AssertionError\n\n---------------------------- Captured stdout setup -----------------------------\nBrowser started successfully.\nError during login: Message: \nStacktrace:\nRemoteError@chrome://remote/content/shared/RemoteError.sys.mjs:8:8\nWebDriverError@chrome://remote/content/shared/webdriver/Errors.sys.mjs:191:5\nNoSuchElementError@chrome://remote/content/shared/webdriver/Errors.sys.mjs:509:5\ndom.find/&amp;lt;/&amp;lt;@chrome://remote/content/shared/DOM.sys.mjs:136:16\n\n&#34;}], &#34;test_orange_menu_validation.py::test_admin_menu_selected&#34;: [{&#34;extras&#34;: [], &#34;result&#34;: &#34;Failed&#34;, &#34;testId&#34;: &#34;test_orange_menu_validation.py::test_admin_menu_selected&#34;, &#34;duration&#34;: &#34;00:00:22&#34;, &#34;resultsTableRow&#34;: [&#34;&lt;td class=\&#34;col-result\&#34;&gt;Failed&lt;/td&gt;&#34;, &#34;&lt;td class=\&#34;col-testId\&#34;&gt;test_orange_menu_validation.py::test_admin_menu_selected&lt;/td&gt;&#34;, &#34;&lt;td class=\&#34;col-duration\&#34;&gt;00:00:22&lt;/td&gt;&#34;, &#34;&lt;td class=\&#34;col-links\&#34;&gt;&lt;/td&gt;&#34;], &#34;log&#34;: &#34;menu_list = &amp;lt;Automation_Scripts.orange_menu_validation.Menu_validation object at 0x000001C4E3D631A0&amp;gt;\n\n    def test_admin_menu_selected(menu_list):\n        admin_menu = WebDriverWait(menu_list.driver, 20).until(\n            EC.visibility_of_element_located((By.XPATH, locators.WebLocators().admin)))\n&amp;gt;       assert admin_menu.is_selected()\nE       assert False\nE        +  where False = &amp;lt;bound method WebElement.is_selected of &amp;lt;selenium.webdriver.remote.webelement.WebElement (session=&amp;quot;975aecba-dc85-4959-abc7-ddc291767ba2&amp;quot;, element=&amp;quot;35a48993-456f-427b-b1a6-7beb665a9b19&amp;quot;)&amp;gt;&amp;gt;()\nE        +    where &amp;lt;bound method WebElement.is_selected of &amp;lt;selenium.webdriver.remote.webelement.WebElement (session=&amp;quot;975aecba-dc85-4959-abc7-ddc291767ba2&amp;quot;, element=&amp;quot;35a48993-456f-427b-b1a6-7beb665a9b19&amp;quot;)&amp;gt;&amp;gt; = &amp;lt;selenium.webdriver.remote.webelement.WebElement (session=&amp;quot;975aecba-dc85-4959-abc7-ddc291767ba2&amp;quot;, element=&amp;quot;35a48993-456f-427b-b1a6-7beb665a9b19&amp;quot;)&amp;gt;.is_selected\n\ntest_orange_menu_validation.py:63: AssertionError\n\n---------------------------- Captured stdout setup -----------------------------\nBrowser started successfully.\nError during login: Message: \nStacktrace:\nRemoteError@chrome://remote/content/shared/RemoteError.sys.mjs:8:8\nWebDriverError@chrome://remote/content/shared/webdriver/Errors.sys.mjs:191:5\nNoSuchElementError@chrome://remote/content/shared/webdriver/Errors.sys.mjs:509:5\ndom.find/&amp;lt;/&amp;lt;@chrome://remote/content/shared/DOM.sys.mjs:136:16\n\n&#34;}], &#34;test_orange_menu_validation.py::test_admin_menu_not_selected&#34;: [{&#34;extras&#34;: [], &#34;result&#34;: &#34;Passed&#34;, &#34;testId&#34;: &#34;test_orange_menu_validation.py::test_admin_menu_not_selected&#34;, &#34;duration&#34;: &#34;00:00:23&#34;, &#34;resultsTableRow&#34;: [&#34;&lt;td class=\&#34;col-result\&#34;&gt;Passed&lt;/td&gt;&#34;, &#34;&lt;td class=\&#34;col-testId\&#34;&gt;test_orange_menu_validation.py::test_admin_menu_not_selected&lt;/td&gt;&#34;, &#34;&lt;td class=\&#34;col-duration\&#34;&gt;00:00:23&lt;/td&gt;&#34;, &#34;&lt;td class=\&#34;col-links\&#34;&gt;&lt;/td&gt;&#34;], &#34;log&#34;: &#34;---------------------------- Captured stdout setup -----------------------------\nBrowser started successfully.\nError during login: Message: \nStacktrace:\nRemoteError@chrome://remote/content/shared/RemoteError.sys.mjs:8:8\nWebDriverError@chrome://remote/content/shared/webdriver/Errors.sys.mjs:191:5\nNoSuchElementError@chrome://remote/content/shared/webdriver/Errors.sys.mjs:509:5\ndom.find/&amp;lt;/&amp;lt;@chrome://remote/content/shared/DOM.sys.mjs:136:16\n\n&#34;}], &#34;test_orange_menu_validation.py::test_pim_menu_label_present&#34;: [{&#34;extras&#34;: [], &#34;result&#34;: &#34;Passed&#34;, &#34;testId&#34;: &#34;test_orange_menu_validation.py::test_pim_menu_label_present&#34;, &#34;duration&#34;: &#34;00:00:22&#34;, &#34;resultsTableRow&#34;: [&#34;&lt;td class=\&#34;col-result\&#34;&gt;Passed&lt;/td&gt;&#34;, &#34;&lt;td class=\&#34;col-testId\&#34;&gt;test_orange_menu_validation.py::test_pim_menu_label_present&lt;/td&gt;&#34;, &#34;&lt;td class=\&#34;col-duration\&#34;&gt;00:00:22&lt;/td&gt;&#34;, &#34;&lt;td class=\&#34;col-links\&#34;&gt;&lt;/td&gt;&#34;], &#34;log&#34;: &#34;---------------------------- Captured stdout setup -----------------------------\nBrowser started successfully.\nError during login: Message: \nStacktrace:\nRemoteError@chrome://remote/content/shared/RemoteError.sys.mjs:8:8\nWebDriverError@chrome://remote/content/shared/webdriver/Errors.sys.mjs:191:5\nNoSuchElementError@chrome://remote/content/shared/webdriver/Errors.sys.mjs:509:5\ndom.find/&amp;lt;/&amp;lt;@chrome://remote/content/shared/DOM.sys.mjs:136:16\n\n&#34;}], &#34;test_orange_menu_validation.py::test_pim_menu_label_absent&#34;: [{&#34;extras&#34;: [], &#34;result&#34;: &#34;Failed&#34;, &#34;testId&#34;: &#34;test_orange_menu_validation.py::test_pim_menu_label_absent&#34;, &#34;duration&#34;: &#34;00:00:23&#34;, &#34;resultsTableRow&#34;: [&#34;&lt;td class=\&#34;col-result\&#34;&gt;Failed&lt;/td&gt;&#34;, &#34;&lt;td class=\&#34;col-testId\&#34;&gt;test_orange_menu_validation.py::test_pim_menu_label_absent&lt;/td&gt;&#34;, &#34;&lt;td class=\&#34;col-duration\&#34;&gt;00:00:23&lt;/td&gt;&#34;, &#34;&lt;td class=\&#34;col-links\&#34;&gt;&lt;/td&gt;&#34;], &#34;log&#34;: &#34;menu_list = &amp;lt;Automation_Scripts.orange_menu_validation.Menu_validation object at 0x000001C4E3D63770&amp;gt;\n\n    def test_pim_menu_label_absent(menu_list):\n        pim_menu = WebDriverWait(menu_list.driver, 20).until(\n            EC.visibility_of_element_located((By.XPATH, locators.WebLocators().pim)))\n&amp;gt;       assert &amp;quot;PIM&amp;quot; not in pim_menu.text\nE       AssertionError: assert &amp;#x27;PIM&amp;#x27; not in &amp;#x27;PIM&amp;#x27;\nE         &amp;#x27;PIM&amp;#x27; is contained here:\nE           PIM\n\ntest_orange_menu_validation.py:82: AssertionError\n\n---------------------------- Captured stdout setup -----------------------------\nBrowser started successfully.\nError during login: Message: \nStacktrace:\nRemoteError@chrome://remote/content/shared/RemoteError.sys.mjs:8:8\nWebDriverError@chrome://remote/content/shared/webdriver/Errors.sys.mjs:191:5\nNoSuchElementError@chrome://remote/content/shared/webdriver/Errors.sys.mjs:509:5\ndom.find/&amp;lt;/&amp;lt;@chrome://remote/content/shared/DOM.sys.mjs:136:16\n\n&#34;}], &#34;test_orange_menu_validation.py::test_pim_menu_displayed&#34;: [{&#34;extras&#34;: [], &#34;result&#34;: &#34;Passed&#34;, &#34;testId&#34;: &#34;test_orange_menu_validation.py::test_pim_menu_displayed&#34;, &#34;duration&#34;: &#34;00:00:23&#34;, &#34;resultsTableRow&#34;: [&#34;&lt;td class=\&#34;col-result\&#34;&gt;Passed&lt;/td&gt;&#34;, &#34;&lt;td class=\&#34;col-testId\&#34;&gt;test_orange_menu_validation.py::test_pim_menu_displayed&lt;/td&gt;&#34;, &#34;&lt;td class=\&#34;col-duration\&#34;&gt;00:00:23&lt;/td&gt;&#34;, &#34;&lt;td class=\&#34;col-links\&#34;&gt;&lt;/td&gt;&#34;], &#34;log&#34;: &#34;---------------------------- Captured stdout setup -----------------------------\nBrowser started successfully.\nError during login: Message: \nStacktrace:\nRemoteError@chrome://remote/content/shared/RemoteError.sys.mjs:8:8\nWebDriverError@chrome://remote/content/shared/webdriver/Errors.sys.mjs:191:5\nNoSuchElementError@chrome://remote/content/shared/webdriver/Errors.sys.mjs:509:5\ndom.find/&amp;lt;/&amp;lt;@chrome://remote/content/shared/DOM.sys.mjs:136:16\n\n&#34;}], &#34;test_orange_menu_validation.py::test_pim_menu_not_displayed&#34;: [{&#34;extras&#34;: [], &#34;result&#34;: &#34;Failed&#34;, &#34;testId&#34;: &#34;test_orange_menu_validation.py::test_pim_menu_not_displayed&#34;, &#34;duration&#34;: &#34;00:00:23&#34;, &#34;resultsTableRow&#34;: [&#34;&lt;td class=\&#34;col-result\&#34;&gt;Failed&lt;/td&gt;&#34;, &#34;&lt;td class=\&#34;col-testId\&#34;&gt;test_orange_menu_validation.py::test_pim_menu_not_displayed&lt;/td&gt;&#34;, &#34;&lt;td class=\&#34;col-duration\&#34;&gt;00:00:23&lt;/td&gt;&#34;, &#34;&lt;td class=\&#34;col-links\&#34;&gt;&lt;/td&gt;&#34;], &#34;log&#34;: &#34;menu_list = &amp;lt;Automation_Scripts.orange_menu_validation.Menu_validation object at 0x000001C4E3E04470&amp;gt;\n\n    def test_pim_menu_not_displayed(menu_list):\n        pim_menu = WebDriverWait(menu_list.driver, 20).until(\n            EC.visibility_of_element_located((By.XPATH, locators.WebLocators().pim)))\n&amp;gt;       assert not pim_menu.is_displayed()\nE       assert not True\nE        +  where True = &amp;lt;bound method WebElement.is_displayed of &amp;lt;selenium.webdriver.remote.webelement.WebElement (session=&amp;quot;975aecba-dc85-4959-abc7-ddc291767ba2&amp;quot;, element=&amp;quot;2a1d8a2e-de29-4bb1-8c0f-12d4a696945a&amp;quot;)&amp;gt;&amp;gt;()\nE        +    where &amp;lt;bound method WebElement.is_displayed of &amp;lt;selenium.webdriver.remote.webelement.WebElement (session=&amp;quot;975aecba-dc85-4959-abc7-ddc291767ba2&amp;quot;, element=&amp;quot;2a1d8a2e-de29-4bb1-8c0f-12d4a696945a&amp;quot;)&amp;gt;&amp;gt; = &amp;lt;selenium.webdriver.remote.webelement.WebElement (session=&amp;quot;975aecba-dc85-4959-abc7-ddc291767ba2&amp;quot;, element=&amp;quot;2a1d8a2e-de29-4bb1-8c0f-12d4a696945a&amp;quot;)&amp;gt;.is_displayed\n\ntest_orange_menu_validation.py:94: AssertionError\n\n---------------------------- Captured stdout setup -----------------------------\nBrowser started successfully.\nError during login: Message: \nStacktrace:\nRemoteError@chrome://remote/content/shared/RemoteError.sys.mjs:8:8\nWebDriverError@chrome://remote/content/shared/webdriver/Errors.sys.mjs:191:5\nNoSuchElementError@chrome://remote/content/shared/webdriver/Errors.sys.mjs:509:5\ndom.find/&amp;lt;/&amp;lt;@chrome://remote/content/shared/DOM.sys.mjs:136:16\n\n&#34;}], &#34;test_orange_menu_validation.py::test_pim_menu_enabled&#34;: [{&#34;extras&#34;: [], &#34;result&#34;: &#34;Passed&#34;, &#34;testId&#34;: &#34;test_orange_menu_validation.py::test_pim_menu_enabled&#34;, &#34;duration&#34;: &#34;00:00:23&#34;, &#34;resultsTableRow&#34;: [&#34;&lt;td class=\&#34;col-result\&#34;&gt;Passed&lt;/td&gt;&#34;, &#34;&lt;td class=\&#34;col-testId\&#34;&gt;test_orange_menu_validation.py::test_pim_menu_enabled&lt;/td&gt;&#34;, &#34;&lt;td class=\&#34;col-duration\&#34;&gt;00:00:23&lt;/td&gt;&#34;, &#34;&lt;td class=\&#34;col-links\&#34;&gt;&lt;/td&gt;&#34;], &#34;log&#34;: &#34;---------------------------- Captured stdout setup -----------------------------\nBrowser started successfully.\nError during login: Message: \nStacktrace:\nRemoteError@chrome://remote/content/shared/RemoteError.sys.mjs:8:8\nWebDriverError@chrome://remote/content/shared/webdriver/Errors.sys.mjs:191:5\nNoSuchElementError@chrome://remote/content/shared/webdriver/Errors.sys.mjs:509:5\ndom.find/&amp;lt;/&amp;lt;@chrome://remote/content/shared/DOM.sys.mjs:136:16\n\n&#34;}], &#34;test_orange_menu_validation.py::test_pim_menu_not_enabled&#34;: [{&#34;extras&#34;: [], &#34;result&#34;: &#34;Failed&#34;, &#34;testId&#34;: &#34;test_orange_menu_validation.py::test_pim_menu_not_enabled&#34;, &#34;duration&#34;: &#34;00:00:23&#34;, &#34;resultsTableRow&#34;: [&#34;&lt;td class=\&#34;col-result\&#34;&gt;Failed&lt;/td&gt;&#34;, &#34;&lt;td class=\&#34;col-testId\&#34;&gt;test_orange_menu_validation.py::test_pim_menu_not_enabled&lt;/td&gt;&#34;, &#34;&lt;td class=\&#34;col-duration\&#34;&gt;00:00:23&lt;/td&gt;&#34;, &#34;&lt;td class=\&#34;col-links\&#34;&gt;&lt;/td&gt;&#34;], &#34;log&#34;: &#34;menu_list = &amp;lt;Automation_Scripts.orange_menu_validation.Menu_validation object at 0x000001C4E3E04EC0&amp;gt;\n\n    def test_pim_menu_not_enabled(menu_list):\n        pim_menu = WebDriverWait(menu_list.driver, 20).until(\n            EC.visibility_of_element_located((By.XPATH, locators.WebLocators().pim)))\n&amp;gt;       assert not pim_menu.is_enabled()\nE       assert not True\nE        +  where True = &amp;lt;bound method WebElement.is_enabled of &amp;lt;selenium.webdriver.remote.webelement.WebElement (session=&amp;quot;975aecba-dc85-4959-abc7-ddc291767ba2&amp;quot;, element=&amp;quot;1357cf21-12f5-43ed-aa61-3e7476bc18ba&amp;quot;)&amp;gt;&amp;gt;()\nE        +    where &amp;lt;bound method WebElement.is_enabled of &amp;lt;selenium.webdriver.remote.webelement.WebElement (session=&amp;quot;975aecba-dc85-4959-abc7-ddc291767ba2&amp;quot;, element=&amp;quot;1357cf21-12f5-43ed-aa61-3e7476bc18ba&amp;quot;)&amp;gt;&amp;gt; = &amp;lt;selenium.webdriver.remote.webelement.WebElement (session=&amp;quot;975aecba-dc85-4959-abc7-ddc291767ba2&amp;quot;, element=&amp;quot;1357cf21-12f5-43ed-aa61-3e7476bc18ba&amp;quot;)&amp;gt;.is_enabled\n\ntest_orange_menu_validation.py:106: AssertionError\n\n---------------------------- Captured stdout setup -----------------------------\nBrowser started successfully.\nError during login: Message: \nStacktrace:\nRemoteError@chrome://remote/content/shared/RemoteError.sys.mjs:8:8\nWebDriverError@chrome://remote/content/shared/webdriver/Errors.sys.mjs:191:5\nNoSuchElementError@chrome://remote/content/shared/webdriver/Errors.sys.mjs:509:5\ndom.find/&amp;lt;/&amp;lt;@chrome://remote/content/shared/DOM.sys.mjs:136:16\n\n&#34;}], &#34;test_orange_menu_validation.py::test_pim_menu_selected&#34;: [{&#34;extras&#34;: [], &#34;result&#34;: &#34;Failed&#34;, &#34;testId&#34;: &#34;test_orange_menu_validation.py::test_pim_menu_selected&#34;, &#34;duration&#34;: &#34;00:00:23&#34;, &#34;resultsTableRow&#34;: [&#34;&lt;td class=\&#34;col-result\&#34;&gt;Failed&lt;/td&gt;&#34;, &#34;&lt;td class=\&#34;col-testId\&#34;&gt;test_orange_menu_validation.py::test_pim_menu_selected&lt;/td&gt;&#34;, &#34;&lt;td class=\&#34;col-duration\&#34;&gt;00:00:23&lt;/td&gt;&#34;, &#34;&lt;td class=\&#34;col-links\&#34;&gt;&lt;/td&gt;&#34;], &#34;log&#34;: &#34;menu_list = &amp;lt;Automation_Scripts.orange_menu_validation.Menu_validation object at 0x000001C4E3E059A0&amp;gt;\n\n    def test_pim_menu_selected(menu_list):\n        pim_menu = WebDriverWait(menu_list.driver, 20).until(\n            EC.visibility_of_element_located((By.XPATH, locators.WebLocators().pim)))\n&amp;gt;       assert pim_menu.is_selected()\nE       assert False\nE        +  where False = &amp;lt;bound method WebElement.is_selected of &amp;lt;selenium.webdriver.remote.webelement.WebElement (session=&amp;quot;975aecba-dc85-4959-abc7-ddc291767ba2&amp;quot;, element=&amp;quot;e7c47a96-6163-42df-a550-cf5f81116fdd&amp;quot;)&amp;gt;&amp;gt;()\nE        +    where &amp;lt;bound method WebElement.is_selected of &amp;lt;selenium.webdriver.remote.webelement.WebElement (session=&amp;quot;975aecba-dc85-4959-abc7-ddc291767ba2&amp;quot;, element=&amp;quot;e7c47a96-6163-42df-a550-cf5f81116fdd&amp;quot;)&amp;gt;&amp;gt; = &amp;lt;selenium.webdriver.remote.webelement.WebElement (session=&amp;quot;975aecba-dc85-4959-abc7-ddc291767ba2&amp;quot;, element=&amp;quot;e7c47a96-6163-42df-a550-cf5f81116fdd&amp;quot;)&amp;gt;.is_selected\n\ntest_orange_menu_validation.py:112: AssertionError\n\n---------------------------- Captured stdout setup -----------------------------\nBrowser started successfully.\nError during login: Message: \nStacktrace:\nRemoteError@chrome://remote/content/shared/RemoteError.sys.mjs:8:8\nWebDriverError@chrome://remote/content/shared/webdriver/Errors.sys.mjs:191:5\nNoSuchElementError@chrome://remote/content/shared/webdriver/Errors.sys.mjs:509:5\ndom.find/&amp;lt;/&amp;lt;@chrome://remote/content/shared/DOM.sys.mjs:136:16\n\n&#34;}], &#34;test_orange_menu_validation.py::test_pim_menu_not_selected&#34;: [{&#34;extras&#34;: [], &#34;result&#34;: &#34;Passed&#34;, &#34;testId&#34;: &#34;test_orange_menu_validation.py::test_pim_menu_not_selected&#34;, &#34;duration&#34;: &#34;00:00:23&#34;, &#34;resultsTableRow&#34;: [&#34;&lt;td class=\&#34;col-result\&#34;&gt;Passed&lt;/td&gt;&#34;, &#34;&lt;td class=\&#34;col-testId\&#34;&gt;test_orange_menu_validation.py::test_pim_menu_not_selected&lt;/td&gt;&#34;, &#34;&lt;td class=\&#34;col-duration\&#34;&gt;00:00:23&lt;/td&gt;&#34;, &#34;&lt;td class=\&#34;col-links\&#34;&gt;&lt;/td&gt;&#34;], &#34;log&#34;: &#34;---------------------------- Captured stdout setup -----------------------------\nBrowser started successfully.\nError during login: Message: \nStacktrace:\nRemoteError@chrome://remote/content/shared/RemoteError.sys.mjs:8:8\nWebDriverError@chrome://remote/content/shared/webdriver/Errors.sys.mjs:191:5\nNoSuchElementError@chrome://remote/content/shared/webdriver/Errors.sys.mjs:509:5\ndom.find/&amp;lt;/&amp;lt;@chrome://remote/content/shared/DOM.sys.mjs:136:16\n\n&#34;}], &#34;test_orange_menu_validation.py::test_leave_menu_label_present&#34;: [{&#34;extras&#34;: [], &#34;result&#34;: &#34;Passed&#34;, &#34;testId&#34;: &#34;test_orange_menu_validation.py::test_leave_menu_label_present&#34;, &#34;duration&#34;: &#34;00:00:23&#34;, &#34;resultsTableRow&#34;: [&#34;&lt;td class=\&#34;col-result\&#34;&gt;Passed&lt;/td&gt;&#34;, &#34;&lt;td class=\&#34;col-testId\&#34;&gt;test_orange_menu_validation.py::test_leave_menu_label_present&lt;/td&gt;&#34;, &#34;&lt;td class=\&#34;col-duration\&#34;&gt;00:00:23&lt;/td&gt;&#34;, &#34;&lt;td class=\&#34;col-links\&#34;&gt;&lt;/td&gt;&#34;], &#34;log&#34;: &#34;---------------------------- Captured stdout setup -----------------------------\nBrowser started successfully.\nError during login: Message: \nStacktrace:\nRemoteError@chrome://remote/content/shared/RemoteError.sys.mjs:8:8\nWebDriverError@chrome://remote/content/shared/webdriver/Errors.sys.mjs:191:5\nNoSuchElementError@chrome://remote/content/shared/webdriver/Errors.sys.mjs:509:5\ndom.find/&amp;lt;/&amp;lt;@chrome://remote/content/shared/DOM.sys.mjs:136:16\n\n&#34;}], &#34;test_orange_menu_validation.py::test_leave_menu_label_absent&#34;: [{&#34;extras&#34;: [], &#34;result&#34;: &#34;Failed&#34;, &#34;testId&#34;: &#34;test_orange_menu_validation.py::test_leave_menu_label_absent&#34;, &#34;duration&#34;: &#34;00:00:23&#34;, &#34;resultsTableRow&#34;: [&#34;&lt;td class=\&#34;col-result\&#34;&gt;Failed&lt;/td&gt;&#34;, &#34;&lt;td class=\&#34;col-testId\&#34;&gt;test_orange_menu_validation.py::test_leave_menu_label_absent&lt;/td&gt;&#34;, &#34;&lt;td class=\&#34;col-duration\&#34;&gt;00:00:23&lt;/td&gt;&#34;, &#34;&lt;td class=\&#34;col-links\&#34;&gt;&lt;/td&gt;&#34;], &#34;log&#34;: &#34;menu_list = &amp;lt;Automation_Scripts.orange_menu_validation.Menu_validation object at 0x000001C4E3E05700&amp;gt;\n\n    def test_leave_menu_label_absent(menu_list):\n        leave_menu = WebDriverWait(menu_list.driver, 20).until(\n            EC.visibility_of_element_located((By.XPATH, locators.WebLocators().leave)))\n&amp;gt;       assert &amp;quot;Leave&amp;quot; not in leave_menu.text\nE       AssertionError: assert &amp;#x27;Leave&amp;#x27; not in &amp;#x27;Leave&amp;#x27;\nE         &amp;#x27;Leave&amp;#x27; is contained here:\nE           Leave\n\ntest_orange_menu_validation.py:131: AssertionError\n\n---------------------------- Captured stdout setup -----------------------------\nBrowser started successfully.\nError during login: Message: \nStacktrace:\nRemoteError@chrome://remote/content/shared/RemoteError.sys.mjs:8:8\nWebDriverError@chrome://remote/content/shared/webdriver/Errors.sys.mjs:191:5\nNoSuchElementError@chrome://remote/content/shared/webdriver/Errors.sys.mjs:509:5\ndom.find/&amp;lt;/&amp;lt;@chrome://remote/content/shared/DOM.sys.mjs:136:16\n\n&#34;}], &#34;test_orange_menu_validation.py::test_leave_menu_displayed&#34;: [{&#34;extras&#34;: [], &#34;result&#34;: &#34;Passed&#34;, &#34;testId&#34;: &#34;test_orange_menu_validation.py::test_leave_menu_displayed&#34;, &#34;duration&#34;: &#34;00:00:23&#34;, &#34;resultsTableRow&#34;: [&#34;&lt;td class=\&#34;col-result\&#34;&gt;Passed&lt;/td&gt;&#34;, &#34;&lt;td class=\&#34;col-testId\&#34;&gt;test_orange_menu_validation.py::test_leave_menu_displayed&lt;/td&gt;&#34;, &#34;&lt;td class=\&#34;col-duration\&#34;&gt;00:00:23&lt;/td&gt;&#34;, &#34;&lt;td class=\&#34;col-links\&#34;&gt;&lt;/td&gt;&#34;], &#34;log&#34;: &#34;---------------------------- Captured stdout setup -----------------------------\nBrowser started successfully.\nError during login: Message: \nStacktrace:\nRemoteError@chrome://remote/content/shared/RemoteError.sys.mjs:8:8\nWebDriverError@chrome://remote/content/shared/webdriver/Errors.sys.mjs:191:5\nNoSuchElementError@chrome://remote/content/shared/webdriver/Errors.sys.mjs:509:5\ndom.find/&amp;lt;/&amp;lt;@chrome://remote/content/shared/DOM.sys.mjs:136:16\n\n&#34;}], &#34;test_orange_menu_validation.py::test_leave_menu_not_displayed&#34;: [{&#34;extras&#34;: [], &#34;result&#34;: &#34;Failed&#34;, &#34;testId&#34;: &#34;test_orange_menu_validation.py::test_leave_menu_not_displayed&#34;, &#34;duration&#34;: &#34;00:00:23&#34;, &#34;resultsTableRow&#34;: [&#34;&lt;td class=\&#34;col-result\&#34;&gt;Failed&lt;/td&gt;&#34;, &#34;&lt;td class=\&#34;col-testId\&#34;&gt;test_orange_menu_validation.py::test_leave_menu_not_displayed&lt;/td&gt;&#34;, &#34;&lt;td class=\&#34;col-duration\&#34;&gt;00:00:23&lt;/td&gt;&#34;, &#34;&lt;td class=\&#34;col-links\&#34;&gt;&lt;/td&gt;&#34;], &#34;log&#34;: &#34;menu_list = &amp;lt;Automation_Scripts.orange_menu_validation.Menu_validation object at 0x000001C4E3E06C00&amp;gt;\n\n    def test_leave_menu_not_displayed(menu_list):\n        leave_menu = WebDriverWait(menu_list.driver, 20).until(\n            EC.visibility_of_element_located((By.XPATH, locators.WebLocators().leave)))\n&amp;gt;       assert not leave_menu.is_displayed()\nE       assert not True\nE        +  where True = &amp;lt;bound method WebElement.is_displayed of &amp;lt;selenium.webdriver.remote.webelement.WebElement (session=&amp;quot;975aecba-dc85-4959-abc7-ddc291767ba2&amp;quot;, element=&amp;quot;9d1ee451-f6d6-405a-a09b-cb38fae09e46&amp;quot;)&amp;gt;&amp;gt;()\nE        +    where &amp;lt;bound method WebElement.is_displayed of &amp;lt;selenium.webdriver.remote.webelement.WebElement (session=&amp;quot;975aecba-dc85-4959-abc7-ddc291767ba2&amp;quot;, element=&amp;quot;9d1ee451-f6d6-405a-a09b-cb38fae09e46&amp;quot;)&amp;gt;&amp;gt; = &amp;lt;selenium.webdriver.remote.webelement.WebElement (session=&amp;quot;975aecba-dc85-4959-abc7-ddc291767ba2&amp;quot;, element=&amp;quot;9d1ee451-f6d6-405a-a09b-cb38fae09e46&amp;quot;)&amp;gt;.is_displayed\n\ntest_orange_menu_validation.py:143: AssertionError\n\n---------------------------- Captured stdout setup -----------------------------\nBrowser started successfully.\nError during login: Message: \nStacktrace:\nRemoteError@chrome://remote/content/shared/RemoteError.sys.mjs:8:8\nWebDriverError@chrome://remote/content/shared/webdriver/Errors.sys.mjs:191:5\nNoSuchElementError@chrome://remote/content/shared/webdriver/Errors.sys.mjs:509:5\ndom.find/&amp;lt;/&amp;lt;@chrome://remote/content/shared/DOM.sys.mjs:136:16\n\n&#34;}], &#34;test_orange_menu_validation.py::test_leave_menu_enabled&#34;: [{&#34;extras&#34;: [], &#34;result&#34;: &#34;Passed&#34;, &#34;testId&#34;: &#34;test_orange_menu_validation.py::test_leave_menu_enabled&#34;, &#34;duration&#34;: &#34;00:00:23&#34;, &#34;resultsTableRow&#34;: [&#34;&lt;td class=\&#34;col-result\&#34;&gt;Passed&lt;/td&gt;&#34;, &#34;&lt;td class=\&#34;col-testId\&#34;&gt;test_orange_menu_validation.py::test_leave_menu_enabled&lt;/td&gt;&#34;, &#34;&lt;td class=\&#34;col-duration\&#34;&gt;00:00:23&lt;/td&gt;&#34;, &#34;&lt;td class=\&#34;col-links\&#34;&gt;&lt;/td&gt;&#34;], &#34;log&#34;: &#34;---------------------------- Captured stdout setup -----------------------------\nBrowser started successfully.\nError during login: Message: \nStacktrace:\nRemoteError@chrome://remote/content/shared/RemoteError.sys.mjs:8:8\nWebDriverError@chrome://remote/content/shared/webdriver/Errors.sys.mjs:191:5\nNoSuchElementError@chrome://remote/content/shared/webdriver/Errors.sys.mjs:509:5\ndom.find/&amp;lt;/&amp;lt;@chrome://remote/content/shared/DOM.sys.mjs:136:16\n\n&#34;}], &#34;test_orange_menu_validation.py::test_leave_menu_not_enabled&#34;: [{&#34;extras&#34;: [], &#34;result&#34;: &#34;Failed&#34;, &#34;testId&#34;: &#34;test_orange_menu_validation.py::test_leave_menu_not_enabled&#34;, &#34;duration&#34;: &#34;00:00:23&#34;, &#34;resultsTableRow&#34;: [&#34;&lt;td class=\&#34;col-result\&#34;&gt;Failed&lt;/td&gt;&#34;, &#34;&lt;td class=\&#34;col-testId\&#34;&gt;test_orange_menu_validation.py::test_leave_menu_not_enabled&lt;/td&gt;&#34;, &#34;&lt;td class=\&#34;col-duration\&#34;&gt;00:00:23&lt;/td&gt;&#34;, &#34;&lt;td class=\&#34;col-links\&#34;&gt;&lt;/td&gt;&#34;], &#34;log&#34;: &#34;menu_list = &amp;lt;Automation_Scripts.orange_menu_validation.Menu_validation object at 0x000001C4E3E07770&amp;gt;\n\n    def test_leave_menu_not_enabled(menu_list):\n        leave_menu = WebDriverWait(menu_list.driver, 20).until(\n            EC.visibility_of_element_located((By.XPATH, locators.WebLocators().leave)))\n&amp;gt;       assert not leave_menu.is_enabled()\nE       assert not True\nE        +  where True = &amp;lt;bound method WebElement.is_enabled of &amp;lt;selenium.webdriver.remote.webelement.WebElement (session=&amp;quot;975aecba-dc85-4959-abc7-ddc291767ba2&amp;quot;, element=&amp;quot;c1670d1d-5bab-4223-ba16-9c4b4caa65a4&amp;quot;)&amp;gt;&amp;gt;()\nE        +    where &amp;lt;bound method WebElement.is_enabled of &amp;lt;selenium.webdriver.remote.webelement.WebElement (session=&amp;quot;975aecba-dc85-4959-abc7-ddc291767ba2&amp;quot;, element=&amp;quot;c1670d1d-5bab-4223-ba16-9c4b4caa65a4&amp;quot;)&amp;gt;&amp;gt; = &amp;lt;selenium.webdriver.remote.webelement.WebElement (session=&amp;quot;975aecba-dc85-4959-abc7-ddc291767ba2&amp;quot;, element=&amp;quot;c1670d1d-5bab-4223-ba16-9c4b4caa65a4&amp;quot;)&amp;gt;.is_enabled\n\ntest_orange_menu_validation.py:155: AssertionError\n\n---------------------------- Captured stdout setup -----------------------------\nBrowser started successfully.\nError during login: Message: \nStacktrace:\nRemoteError@chrome://remote/content/shared/RemoteError.sys.mjs:8:8\nWebDriverError@chrome://remote/content/shared/webdriver/Errors.sys.mjs:191:5\nNoSuchElementError@chrome://remote/content/shared/webdriver/Errors.sys.mjs:509:5\ndom.find/&amp;lt;/&amp;lt;@chrome://remote/content/shared/DOM.sys.mjs:136:16\n\n&#34;}], &#34;test_orange_menu_validation.py::test_leave_menu_selected&#34;: [{&#34;extras&#34;: [], &#34;result&#34;: &#34;Failed&#34;, &#34;testId&#34;: &#34;test_orange_menu_validation.py::test_leave_menu_selected&#34;, &#34;duration&#34;: &#34;00:00:22&#34;, &#34;resultsTableRow&#34;: [&#34;&lt;td class=\&#34;col-result\&#34;&gt;Failed&lt;/td&gt;&#34;, &#34;&lt;td class=\&#34;col-testId\&#34;&gt;test_orange_menu_validation.py::test_leave_menu_selected&lt;/td&gt;&#34;, &#34;&lt;td class=\&#34;col-duration\&#34;&gt;00:00:22&lt;/td&gt;&#34;, &#34;&lt;td class=\&#34;col-links\&#34;&gt;&lt;/td&gt;&#34;], &#34;log&#34;: &#34;menu_list = &amp;lt;Automation_Scripts.orange_menu_validation.Menu_validation object at 0x000001C4E3E1C2C0&amp;gt;\n\n    def test_leave_menu_selected(menu_list):\n        leave_menu = WebDriverWait(menu_list.driver, 20).until(\n            EC.visibility_of_element_located((By.XPATH, locators.WebLocators().leave)))\n&amp;gt;       assert leave_menu.is_selected()\nE       assert False\nE        +  where False = &amp;lt;bound method WebElement.is_selected of &amp;lt;selenium.webdriver.remote.webelement.WebElement (session=&amp;quot;975aecba-dc85-4959-abc7-ddc291767ba2&amp;quot;, element=&amp;quot;ea617f49-529a-4c43-9008-86b45eedadef&amp;quot;)&amp;gt;&amp;gt;()\nE        +    where &amp;lt;bound method WebElement.is_selected of &amp;lt;selenium.webdriver.remote.webelement.WebElement (session=&amp;quot;975aecba-dc85-4959-abc7-ddc291767ba2&amp;quot;, element=&amp;quot;ea617f49-529a-4c43-9008-86b45eedadef&amp;quot;)&amp;gt;&amp;gt; = &amp;lt;selenium.webdriver.remote.webelement.WebElement (session=&amp;quot;975aecba-dc85-4959-abc7-ddc291767ba2&amp;quot;, element=&amp;quot;ea617f49-529a-4c43-9008-86b45eedadef&amp;quot;)&amp;gt;.is_selected\n\ntest_orange_menu_validation.py:161: AssertionError\n\n---------------------------- Captured stdout setup -----------------------------\nBrowser started successfully.\nError during login: Message: \nStacktrace:\nRemoteError@chrome://remote/content/shared/RemoteError.sys.mjs:8:8\nWebDriverError@chrome://remote/content/shared/webdriver/Errors.sys.mjs:191:5\nNoSuchElementError@chrome://remote/content/shared/webdriver/Errors.sys.mjs:509:5\ndom.find/&amp;lt;/&amp;lt;@chrome://remote/content/shared/DOM.sys.mjs:136:16\n\n&#34;}], &#34;test_orange_menu_validation.py::test_leave_menu_not_selected&#34;: [{&#34;extras&#34;: [], &#34;result&#34;: &#34;Passed&#34;, &#34;testId&#34;: &#34;test_orange_menu_validation.py::test_leave_menu_not_selected&#34;, &#34;duration&#34;: &#34;00:00:22&#34;, &#34;resultsTableRow&#34;: [&#34;&lt;td class=\&#34;col-result\&#34;&gt;Passed&lt;/td&gt;&#34;, &#34;&lt;td class=\&#34;col-testId\&#34;&gt;test_orange_menu_validation.py::test_leave_menu_not_selected&lt;/td&gt;&#34;, &#34;&lt;td class=\&#34;col-duration\&#34;&gt;00:00:22&lt;/td&gt;&#34;, &#34;&lt;td class=\&#34;col-links\&#34;&gt;&lt;/td&gt;&#34;], &#34;log&#34;: &#34;---------------------------- Captured stdout setup -----------------------------\nBrowser started successfully.\nError during login: Message: \nStacktrace:\nRemoteError@chrome://remote/content/shared/RemoteError.sys.mjs:8:8\nWebDriverError@chrome://remote/content/shared/webdriver/Errors.sys.mjs:191:5\nNoSuchElementError@chrome://remote/content/shared/webdriver/Errors.sys.mjs:509:5\ndom.find/&amp;lt;/&amp;lt;@chrome://remote/content/shared/DOM.sys.mjs:136:16\n\n&#34;}], &#34;test_orange_menu_validation.py::test_time_menu_label_present&#34;: [{&#34;extras&#34;: [], &#34;result&#34;: &#34;Passed&#34;, &#34;testId&#34;: &#34;test_orange_menu_validation.py::test_time_menu_label_present&#34;, &#34;duration&#34;: &#34;00:00:23&#34;, &#34;resultsTableRow&#34;: [&#34;&lt;td class=\&#34;col-result\&#34;&gt;Passed&lt;/td&gt;&#34;, &#34;&lt;td class=\&#34;col-testId\&#34;&gt;test_orange_menu_validation.py::test_time_menu_label_present&lt;/td&gt;&#34;, &#34;&lt;td class=\&#34;col-duration\&#34;&gt;00:00:23&lt;/td&gt;&#34;, &#34;&lt;td class=\&#34;col-links\&#34;&gt;&lt;/td&gt;&#34;], &#34;log&#34;: &#34;---------------------------- Captured stdout setup -----------------------------\nBrowser started successfully.\nError during login: Message: \nStacktrace:\nRemoteError@chrome://remote/content/shared/RemoteError.sys.mjs:8:8\nWebDriverError@chrome://remote/content/shared/webdriver/Errors.sys.mjs:191:5\nNoSuchElementError@chrome://remote/content/shared/webdriver/Errors.sys.mjs:509:5\ndom.find/&amp;lt;/&amp;lt;@chrome://remote/content/shared/DOM.sys.mjs:136:16\n\n&#34;}], &#34;test_orange_menu_validation.py::test_time_menu_label_absent&#34;: [{&#34;extras&#34;: [], &#34;result&#34;: &#34;Failed&#34;, &#34;testId&#34;: &#34;test_orange_menu_validation.py::test_time_menu_label_absent&#34;, &#34;duration&#34;: &#34;00:00:23&#34;, &#34;resultsTableRow&#34;: [&#34;&lt;td class=\&#34;col-result\&#34;&gt;Failed&lt;/td&gt;&#34;, &#34;&lt;td class=\&#34;col-testId\&#34;&gt;test_orange_menu_validation.py::test_time_menu_label_absent&lt;/td&gt;&#34;, &#34;&lt;td class=\&#34;col-duration\&#34;&gt;00:00:23&lt;/td&gt;&#34;, &#34;&lt;td class=\&#34;col-links\&#34;&gt;&lt;/td&gt;&#34;], &#34;log&#34;: &#34;menu_list = &amp;lt;Automation_Scripts.orange_menu_validation.Menu_validation object at 0x000001C4E3E1CAA0&amp;gt;\n\n    def test_time_menu_label_absent(menu_list):\n        time_menu = WebDriverWait(menu_list.driver, 20).until(\n            EC.visibility_of_element_located((By.XPATH, locators.WebLocators().time)))\n&amp;gt;       assert &amp;quot;Time&amp;quot; not in time_menu.text\nE       AssertionError: assert &amp;#x27;Time&amp;#x27; not in &amp;#x27;Time&amp;#x27;\nE         &amp;#x27;Time&amp;#x27; is contained here:\nE           Time\n\ntest_orange_menu_validation.py:180: AssertionError\n\n---------------------------- Captured stdout setup -----------------------------\nBrowser started successfully.\nError during login: Message: \nStacktrace:\nRemoteError@chrome://remote/content/shared/RemoteError.sys.mjs:8:8\nWebDriverError@chrome://remote/content/shared/webdriver/Errors.sys.mjs:191:5\nNoSuchElementError@chrome://remote/content/shared/webdriver/Errors.sys.mjs:509:5\ndom.find/&amp;lt;/&amp;lt;@chrome://remote/content/shared/DOM.sys.mjs:136:16\n\n&#34;}], &#34;test_orange_menu_validation.py::test_time_menu_displayed&#34;: [{&#34;extras&#34;: [], &#34;result&#34;: &#34;Passed&#34;, &#34;testId&#34;: &#34;test_orange_menu_validation.py::test_time_menu_displayed&#34;, &#34;duration&#34;: &#34;00:00:23&#34;, &#34;resultsTableRow&#34;: [&#34;&lt;td class=\&#34;col-result\&#34;&gt;Passed&lt;/td&gt;&#34;, &#34;&lt;td class=\&#34;col-testId\&#34;&gt;test_orange_menu_validation.py::test_time_menu_displayed&lt;/td&gt;&#34;, &#34;&lt;td class=\&#34;col-duration\&#34;&gt;00:00:23&lt;/td&gt;&#34;, &#34;&lt;td class=\&#34;col-links\&#34;&gt;&lt;/td&gt;&#34;], &#34;log&#34;: &#34;---------------------------- Captured stdout setup -----------------------------\nBrowser started successfully.\nError during login: Message: \nStacktrace:\nRemoteError@chrome://remote/content/shared/RemoteError.sys.mjs:8:8\nWebDriverError@chrome://remote/content/shared/webdriver/Errors.sys.mjs:191:5\nNoSuchElementError@chrome://remote/content/shared/webdriver/Errors.sys.mjs:509:5\ndom.find/&amp;lt;/&amp;lt;@chrome://remote/content/shared/DOM.sys.mjs:136:16\n\n&#34;}], &#34;test_orange_menu_validation.py::test_time_menu_not_displayed&#34;: [{&#34;extras&#34;: [], &#34;result&#34;: &#34;Failed&#34;, &#34;testId&#34;: &#34;test_orange_menu_validation.py::test_time_menu_not_displayed&#34;, &#34;duration&#34;: &#34;00:00:23&#34;, &#34;resultsTableRow&#34;: [&#34;&lt;td class=\&#34;col-result\&#34;&gt;Failed&lt;/td&gt;&#34;, &#34;&lt;td class=\&#34;col-testId\&#34;&gt;test_orange_menu_validation.py::test_time_menu_not_displayed&lt;/td&gt;&#34;, &#34;&lt;td class=\&#34;col-duration\&#34;&gt;00:00:23&lt;/td&gt;&#34;, &#34;&lt;td class=\&#34;col-links\&#34;&gt;&lt;/td&gt;&#34;], &#34;log&#34;: &#34;menu_list = &amp;lt;Automation_Scripts.orange_menu_validation.Menu_validation object at 0x000001C4E3E06810&amp;gt;\n\n    def test_time_menu_not_displayed(menu_list):\n        time_menu = WebDriverWait(menu_list.driver, 20).until(\n            EC.visibility_of_element_located((By.XPATH, locators.WebLocators().time)))\n&amp;gt;       assert not time_menu.is_displayed()\nE       assert not True\nE        +  where True = &amp;lt;bound method WebElement.is_displayed of &amp;lt;selenium.webdriver.remote.webelement.WebElement (session=&amp;quot;975aecba-dc85-4959-abc7-ddc291767ba2&amp;quot;, element=&amp;quot;4350224d-8465-425e-aa4d-2ad6f80c0d8f&amp;quot;)&amp;gt;&amp;gt;()\nE        +    where &amp;lt;bound method WebElement.is_displayed of &amp;lt;selenium.webdriver.remote.webelement.WebElement (session=&amp;quot;975aecba-dc85-4959-abc7-ddc291767ba2&amp;quot;, element=&amp;quot;4350224d-8465-425e-aa4d-2ad6f80c0d8f&amp;quot;)&amp;gt;&amp;gt; = &amp;lt;selenium.webdriver.remote.webelement.WebElement (session=&amp;quot;975aecba-dc85-4959-abc7-ddc291767ba2&amp;quot;, element=&amp;quot;4350224d-8465-425e-aa4d-2ad6f80c0d8f&amp;quot;)&amp;gt;.is_displayed\n\ntest_orange_menu_validation.py:192: AssertionError\n\n---------------------------- Captured stdout setup -----------------------------\nBrowser started successfully.\nError during login: Message: \nStacktrace:\nRemoteError@chrome://remote/content/shared/RemoteError.sys.mjs:8:8\nWebDriverError@chrome://remote/content/shared/webdriver/Errors.sys.mjs:191:5\nNoSuchElementError@chrome://remote/content/shared/webdriver/Errors.sys.mjs:509:5\ndom.find/&amp;lt;/&amp;lt;@chrome://remote/content/shared/DOM.sys.mjs:136:16\n\n&#34;}], &#34;test_orange_menu_validation.py::test_time_menu_enabled&#34;: [{&#34;extras&#34;: [], &#34;result&#34;: &#34;Passed&#34;, &#34;testId&#34;: &#34;test_orange_menu_validation.py::test_time_menu_enabled&#34;, &#34;duration&#34;: &#34;00:00:23&#34;, &#34;resultsTableRow&#34;: [&#34;&lt;td class=\&#34;col-result\&#34;&gt;Passed&lt;/td&gt;&#34;, &#34;&lt;td class=\&#34;col-testId\&#34;&gt;test_orange_menu_validation.py::test_time_menu_enabled&lt;/td&gt;&#34;, &#34;&lt;td class=\&#34;col-duration\&#34;&gt;00:00:23&lt;/td&gt;&#34;, &#34;&lt;td class=\&#34;col-links\&#34;&gt;&lt;/td&gt;&#34;], &#34;log&#34;: &#34;---------------------------- Captured stdout setup -----------------------------\nBrowser started successfully.\nError during login: Message: \nStacktrace:\nRemoteError@chrome://remote/content/shared/RemoteError.sys.mjs:8:8\nWebDriverError@chrome://remote/content/shared/webdriver/Errors.sys.mjs:191:5\nNoSuchElementError@chrome://remote/content/shared/webdriver/Errors.sys.mjs:509:5\ndom.find/&amp;lt;/&amp;lt;@chrome://remote/content/shared/DOM.sys.mjs:136:16\n\n&#34;}], &#34;test_orange_menu_validation.py::test_time_menu_not_enabled&#34;: [{&#34;extras&#34;: [], &#34;result&#34;: &#34;Failed&#34;, &#34;testId&#34;: &#34;test_orange_menu_validation.py::test_time_menu_not_enabled&#34;, &#34;duration&#34;: &#34;00:00:23&#34;, &#34;resultsTableRow&#34;: [&#34;&lt;td class=\&#34;col-result\&#34;&gt;Failed&lt;/td&gt;&#34;, &#34;&lt;td class=\&#34;col-testId\&#34;&gt;test_orange_menu_validation.py::test_time_menu_not_enabled&lt;/td&gt;&#34;, &#34;&lt;td class=\&#34;col-duration\&#34;&gt;00:00:23&lt;/td&gt;&#34;, &#34;&lt;td class=\&#34;col-links\&#34;&gt;&lt;/td&gt;&#34;], &#34;log&#34;: &#34;menu_list = &amp;lt;Automation_Scripts.orange_menu_validation.Menu_validation object at 0x000001C4E3E051F0&amp;gt;\n\n    def test_time_menu_not_enabled(menu_list):\n        time_menu = WebDriverWait(menu_list.driver, 20).until(\n            EC.visibility_of_element_located((By.XPATH, locators.WebLocators().time)))\n&amp;gt;       assert not time_menu.is_enabled()\nE       assert not True\nE        +  where True = &amp;lt;bound method WebElement.is_enabled of &amp;lt;selenium.webdriver.remote.webelement.WebElement (session=&amp;quot;975aecba-dc85-4959-abc7-ddc291767ba2&amp;quot;, element=&amp;quot;ab76d76a-04eb-419b-99ee-2e6638875f4c&amp;quot;)&amp;gt;&amp;gt;()\nE        +    where &amp;lt;bound method WebElement.is_enabled of &amp;lt;selenium.webdriver.remote.webelement.WebElement (session=&amp;quot;975aecba-dc85-4959-abc7-ddc291767ba2&amp;quot;, element=&amp;quot;ab76d76a-04eb-419b-99ee-2e6638875f4c&amp;quot;)&amp;gt;&amp;gt; = &amp;lt;selenium.webdriver.remote.webelement.WebElement (session=&amp;quot;975aecba-dc85-4959-abc7-ddc291767ba2&amp;quot;, element=&amp;quot;ab76d76a-04eb-419b-99ee-2e6638875f4c&amp;quot;)&amp;gt;.is_enabled\n\ntest_orange_menu_validation.py:204: AssertionError\n\n---------------------------- Captured stdout setup -----------------------------\nBrowser started successfully.\nError during login: Message: \nStacktrace:\nRemoteError@chrome://remote/content/shared/RemoteError.sys.mjs:8:8\nWebDriverError@chrome://remote/content/shared/webdriver/Errors.sys.mjs:191:5\nNoSuchElementError@chrome://remote/content/shared/webdriver/Errors.sys.mjs:509:5\ndom.find/&amp;lt;/&amp;lt;@chrome://remote/content/shared/DOM.sys.mjs:136:16\n\n&#34;}], &#34;test_orange_menu_validation.py::test_time_menu_selected&#34;: [{&#34;extras&#34;: [], &#34;result&#34;: &#34;Failed&#34;, &#34;testId&#34;: &#34;test_orange_menu_validation.py::test_time_menu_selected&#34;, &#34;duration&#34;: &#34;00:00:23&#34;, &#34;resultsTableRow&#34;: [&#34;&lt;td class=\&#34;col-result\&#34;&gt;Failed&lt;/td&gt;&#34;, &#34;&lt;td class=\&#34;col-testId\&#34;&gt;test_orange_menu_validation.py::test_time_menu_selected&lt;/td&gt;&#34;, &#34;&lt;td class=\&#34;col-duration\&#34;&gt;00:00:23&lt;/td&gt;&#34;, &#34;&lt;td class=\&#34;col-links\&#34;&gt;&lt;/td&gt;&#34;], &#34;log&#34;: &#34;menu_list = &amp;lt;Automation_Scripts.orange_menu_validation.Menu_validation object at 0x000001C4E3E04C80&amp;gt;\n\n    def test_time_menu_selected(menu_list):\n        time_menu = WebDriverWait(menu_list.driver, 20).until(\n            EC.visibility_of_element_located((By.XPATH, locators.WebLocators().time)))\n&amp;gt;       assert time_menu.is_selected()\nE       assert False\nE        +  where False = &amp;lt;bound method WebElement.is_selected of &amp;lt;selenium.webdriver.remote.webelement.WebElement (session=&amp;quot;975aecba-dc85-4959-abc7-ddc291767ba2&amp;quot;, element=&amp;quot;6bfcce48-67ea-4e63-8db9-388d55fcc334&amp;quot;)&amp;gt;&amp;gt;()\nE        +    where &amp;lt;bound method WebElement.is_selected of &amp;lt;selenium.webdriver.remote.webelement.WebElement (session=&amp;quot;975aecba-dc85-4959-abc7-ddc291767ba2&amp;quot;, element=&amp;quot;6bfcce48-67ea-4e63-8db9-388d55fcc334&amp;quot;)&amp;gt;&amp;gt; = &amp;lt;selenium.webdriver.remote.webelement.WebElement (session=&amp;quot;975aecba-dc85-4959-abc7-ddc291767ba2&amp;quot;, element=&amp;quot;6bfcce48-67ea-4e63-8db9-388d55fcc334&amp;quot;)&amp;gt;.is_selected\n\ntest_orange_menu_validation.py:210: AssertionError\n\n---------------------------- Captured stdout setup -----------------------------\nBrowser started successfully.\nError during login: Message: \nStacktrace:\nRemoteError@chrome://remote/content/shared/RemoteError.sys.mjs:8:8\nWebDriverError@chrome://remote/content/shared/webdriver/Errors.sys.mjs:191:5\nNoSuchElementError@chrome://remote/content/shared/webdriver/Errors.sys.mjs:509:5\ndom.find/&amp;lt;/&amp;lt;@chrome://remote/content/shared/DOM.sys.mjs:136:16\n\n&#34;}], &#34;test_orange_menu_validation.py::test_time_menu_not_selected&#34;: [{&#34;extras&#34;: [], &#34;result&#34;: &#34;Passed&#34;, &#34;testId&#34;: &#34;test_orange_menu_validation.py::test_time_menu_not_selected&#34;, &#34;duration&#34;: &#34;00:00:23&#34;, &#34;resultsTableRow&#34;: [&#34;&lt;td class=\&#34;col-result\&#34;&gt;Passed&lt;/td&gt;&#34;, &#34;&lt;td class=\&#34;col-testId\&#34;&gt;test_orange_menu_validation.py::test_time_menu_not_selected&lt;/td&gt;&#34;, &#34;&lt;td class=\&#34;col-duration\&#34;&gt;00:00:23&lt;/td&gt;&#34;, &#34;&lt;td class=\&#34;col-links\&#34;&gt;&lt;/td&gt;&#34;], &#34;log&#34;: &#34;---------------------------- Captured stdout setup -----------------------------\nBrowser started successfully.\nError during login: Message: \nStacktrace:\nRemoteError@chrome://remote/content/shared/RemoteError.sys.mjs:8:8\nWebDriverError@chrome://remote/content/shared/webdriver/Errors.sys.mjs:191:5\nNoSuchElementError@chrome://remote/content/shared/webdriver/Errors.sys.mjs:509:5\ndom.find/&amp;lt;/&amp;lt;@chrome://remote/content/shared/DOM.sys.mjs:136:16\n\n&#34;}], &#34;test_orange_menu_validation.py::test_recruitment_menu_label_present&#34;: [{&#34;extras&#34;: [], &#34;result&#34;: &#34;Passed&#34;, &#34;testId&#34;: &#34;test_orange_menu_validation.py::test_recruitment_menu_label_present&#34;, &#34;duration&#34;: &#34;00:00:23&#34;, &#34;resultsTableRow&#34;: [&#34;&lt;td class=\&#34;col-result\&#34;&gt;Passed&lt;/td&gt;&#34;, &#34;&lt;td class=\&#34;col-testId\&#34;&gt;test_orange_menu_validation.py::test_recruitment_menu_label_present&lt;/td&gt;&#34;, &#34;&lt;td class=\&#34;col-duration\&#34;&gt;00:00:23&lt;/td&gt;&#34;, &#34;&lt;td class=\&#34;col-links\&#34;&gt;&lt;/td&gt;&#34;], &#34;log&#34;: &#34;---------------------------- Captured stdout setup -----------------------------\nBrowser started successfully.\nError during login: Message: \nStacktrace:\nRemoteError@chrome://remote/content/shared/RemoteError.sys.mjs:8:8\nWebDriverError@chrome://remote/content/shared/webdriver/Errors.sys.mjs:191:5\nNoSuchElementError@chrome://remote/content/shared/webdriver/Errors.sys.mjs:509:5\ndom.find/&amp;lt;/&amp;lt;@chrome://remote/content/shared/DOM.sys.mjs:136:16\n\n&#34;}], &#34;test_orange_menu_validation.py::test_recruitment_menu_label_absent&#34;: [{&#34;extras&#34;: [], &#34;result&#34;: &#34;Failed&#34;, &#34;testId&#34;: &#34;test_orange_menu_validation.py::test_recruitment_menu_label_absent&#34;, &#34;duration&#34;: &#34;00:00:23&#34;, &#34;resultsTableRow&#34;: [&#34;&lt;td class=\&#34;col-result\&#34;&gt;Failed&lt;/td&gt;&#34;, &#34;&lt;td class=\&#34;col-testId\&#34;&gt;test_orange_menu_validation.py::test_recruitment_menu_label_absent&lt;/td&gt;&#34;, &#34;&lt;td class=\&#34;col-duration\&#34;&gt;00:00:23&lt;/td&gt;&#34;, &#34;&lt;td class=\&#34;col-links\&#34;&gt;&lt;/td&gt;&#34;], &#34;log&#34;: &#34;menu_list = &amp;lt;Automation_Scripts.orange_menu_validation.Menu_validation object at 0x000001C4E3D356A0&amp;gt;\n\n    def test_recruitment_menu_label_absent(menu_list):\n        recruitment_menu = WebDriverWait(menu_list.driver, 20).until(\n            EC.visibility_of_element_located((By.XPATH, locators.WebLocators().recruitment)))\n&amp;gt;       assert &amp;quot;Recruitment&amp;quot; not in recruitment_menu.text\nE       AssertionError: assert &amp;#x27;Recruitment&amp;#x27; not in &amp;#x27;Recruitment&amp;#x27;\nE         &amp;#x27;Recruitment&amp;#x27; is contained here:\nE           Recruitment\n\ntest_orange_menu_validation.py:229: AssertionError\n\n---------------------------- Captured stdout setup -----------------------------\nBrowser started successfully.\nError during login: Message: \nStacktrace:\nRemoteError@chrome://remote/content/shared/RemoteError.sys.mjs:8:8\nWebDriverError@chrome://remote/content/shared/webdriver/Errors.sys.mjs:191:5\nNoSuchElementError@chrome://remote/content/shared/webdriver/Errors.sys.mjs:509:5\ndom.find/&amp;lt;/&amp;lt;@chrome://remote/content/shared/DOM.sys.mjs:136:16\n\n&#34;}], &#34;test_orange_menu_validation.py::test_recruitment_menu_displayed&#34;: [{&#34;extras&#34;: [], &#34;result&#34;: &#34;Passed&#34;, &#34;testId&#34;: &#34;test_orange_menu_validation.py::test_recruitment_menu_displayed&#34;, &#34;duration&#34;: &#34;00:00:23&#34;, &#34;resultsTableRow&#34;: [&#34;&lt;td class=\&#34;col-result\&#34;&gt;Passed&lt;/td&gt;&#34;, &#34;&lt;td class=\&#34;col-testId\&#34;&gt;test_orange_menu_validation.py::test_recruitment_menu_displayed&lt;/td&gt;&#34;, &#34;&lt;td class=\&#34;col-duration\&#34;&gt;00:00:23&lt;/td&gt;&#34;, &#34;&lt;td class=\&#34;col-links\&#34;&gt;&lt;/td&gt;&#34;], &#34;log&#34;: &#34;---------------------------- Captured stdout setup -----------------------------\nBrowser started successfully.\nError during login: Message: \nStacktrace:\nRemoteError@chrome://remote/content/shared/RemoteError.sys.mjs:8:8\nWebDriverError@chrome://remote/content/shared/webdriver/Errors.sys.mjs:191:5\nNoSuchElementError@chrome://remote/content/shared/webdriver/Errors.sys.mjs:509:5\ndom.find/&amp;lt;/&amp;lt;@chrome://remote/content/shared/DOM.sys.mjs:136:16\n\n&#34;}], &#34;test_orange_menu_validation.py::test_recruitment_menu_not_displayed&#34;: [{&#34;extras&#34;: [], &#34;result&#34;: &#34;Failed&#34;, &#34;testId&#34;: &#34;test_orange_menu_validation.py::test_recruitment_menu_not_displayed&#34;, &#34;duration&#34;: &#34;00:00:23&#34;, &#34;resultsTableRow&#34;: [&#34;&lt;td class=\&#34;col-result\&#34;&gt;Failed&lt;/td&gt;&#34;, &#34;&lt;td class=\&#34;col-testId\&#34;&gt;test_orange_menu_validation.py::test_recruitment_menu_not_displayed&lt;/td&gt;&#34;, &#34;&lt;td class=\&#34;col-duration\&#34;&gt;00:00:23&lt;/td&gt;&#34;, &#34;&lt;td class=\&#34;col-links\&#34;&gt;&lt;/td&gt;&#34;], &#34;log&#34;: &#34;menu_list = &amp;lt;Automation_Scripts.orange_menu_validation.Menu_validation object at 0x000001C4E3D63590&amp;gt;\n\n    def test_recruitment_menu_not_displayed(menu_list):\n        recruitment_menu = WebDriverWait(menu_list.driver, 20).until(\n            EC.visibility_of_element_located((By.XPATH, locators.WebLocators().recruitment)))\n&amp;gt;       assert not recruitment_menu.is_displayed()\nE       assert not True\nE        +  where True = &amp;lt;bound method WebElement.is_displayed of &amp;lt;selenium.webdriver.remote.webelement.WebElement (session=&amp;quot;975aecba-dc85-4959-abc7-ddc291767ba2&amp;quot;, element=&amp;quot;cb1e546d-cf3f-4069-9d5a-a3e2d47bda06&amp;quot;)&amp;gt;&amp;gt;()\nE        +    where &amp;lt;bound method WebElement.is_displayed of &amp;lt;selenium.webdriver.remote.webelement.WebElement (session=&amp;quot;975aecba-dc85-4959-abc7-ddc291767ba2&amp;quot;, element=&amp;quot;cb1e546d-cf3f-4069-9d5a-a3e2d47bda06&amp;quot;)&amp;gt;&amp;gt; = &amp;lt;selenium.webdriver.remote.webelement.WebElement (session=&amp;quot;975aecba-dc85-4959-abc7-ddc291767ba2&amp;quot;, element=&amp;quot;cb1e546d-cf3f-4069-9d5a-a3e2d47bda06&amp;quot;)&amp;gt;.is_displayed\n\ntest_orange_menu_validation.py:241: AssertionError\n\n---------------------------- Captured stdout setup -----------------------------\nBrowser started successfully.\nError during login: Message: \nStacktrace:\nRemoteError@chrome://remote/content/shared/RemoteError.sys.mjs:8:8\nWebDriverError@chrome://remote/content/shared/webdriver/Errors.sys.mjs:191:5\nNoSuchElementError@chrome://remote/content/shared/webdriver/Errors.sys.mjs:509:5\ndom.find/&amp;lt;/&amp;lt;@chrome://remote/content/shared/DOM.sys.mjs:136:16\n\n&#34;}], &#34;test_orange_menu_validation.py::test_recruitment_menu_enabled&#34;: [{&#34;extras&#34;: [], &#34;result&#34;: &#34;Passed&#34;, &#34;testId&#34;: &#34;test_orange_menu_validation.py::test_recruitment_menu_enabled&#34;, &#34;duration&#34;: &#34;00:00:23&#34;, &#34;resultsTableRow&#34;: [&#34;&lt;td class=\&#34;col-result\&#34;&gt;Passed&lt;/td&gt;&#34;, &#34;&lt;td class=\&#34;col-testId\&#34;&gt;test_orange_menu_validation.py::test_recruitment_menu_enabled&lt;/td&gt;&#34;, &#34;&lt;td class=\&#34;col-duration\&#34;&gt;00:00:23&lt;/td&gt;&#34;, &#34;&lt;td class=\&#34;col-links\&#34;&gt;&lt;/td&gt;&#34;], &#34;log&#34;: &#34;---------------------------- Captured stdout setup -----------------------------\nBrowser started successfully.\nError during login: Message: \nStacktrace:\nRemoteError@chrome://remote/content/shared/RemoteError.sys.mjs:8:8\nWebDriverError@chrome://remote/content/shared/webdriver/Errors.sys.mjs:191:5\nNoSuchElementError@chrome://remote/content/shared/webdriver/Errors.sys.mjs:509:5\ndom.find/&amp;lt;/&amp;lt;@chrome://remote/content/shared/DOM.sys.mjs:136:16\n\n&#34;}], &#34;test_orange_menu_validation.py::test_recruitment_menu_not_enabled&#34;: [{&#34;extras&#34;: [], &#34;result&#34;: &#34;Failed&#34;, &#34;testId&#34;: &#34;test_orange_menu_validation.py::test_recruitment_menu_not_enabled&#34;, &#34;duration&#34;: &#34;00:00:23&#34;, &#34;resultsTableRow&#34;: [&#34;&lt;td class=\&#34;col-result\&#34;&gt;Failed&lt;/td&gt;&#34;, &#34;&lt;td class=\&#34;col-testId\&#34;&gt;test_orange_menu_validation.py::test_recruitment_menu_not_enabled&lt;/td&gt;&#34;, &#34;&lt;td class=\&#34;col-duration\&#34;&gt;00:00:23&lt;/td&gt;&#34;, &#34;&lt;td class=\&#34;col-links\&#34;&gt;&lt;/td&gt;&#34;], &#34;log&#34;: &#34;menu_list = &amp;lt;Automation_Scripts.orange_menu_validation.Menu_validation object at 0x000001C4E3E1F4A0&amp;gt;\n\n    def test_recruitment_menu_not_enabled(menu_list):\n        recruitment_menu = WebDriverWait(menu_list.driver, 20).until(\n            EC.visibility_of_element_located((By.XPATH, locators.WebLocators().recruitment)))\n&amp;gt;       assert not recruitment_menu.is_enabled()\nE       assert not True\nE        +  where True = &amp;lt;bound method WebElement.is_enabled of &amp;lt;selenium.webdriver.remote.webelement.WebElement (session=&amp;quot;975aecba-dc85-4959-abc7-ddc291767ba2&amp;quot;, element=&amp;quot;c81cc392-1316-43de-be1f-a2fd8a9190b8&amp;quot;)&amp;gt;&amp;gt;()\nE        +    where &amp;lt;bound method WebElement.is_enabled of &amp;lt;selenium.webdriver.remote.webelement.WebElement (session=&amp;quot;975aecba-dc85-4959-abc7-ddc291767ba2&amp;quot;, element=&amp;quot;c81cc392-1316-43de-be1f-a2fd8a9190b8&amp;quot;)&amp;gt;&amp;gt; = &amp;lt;selenium.webdriver.remote.webelement.WebElement (session=&amp;quot;975aecba-dc85-4959-abc7-ddc291767ba2&amp;quot;, element=&amp;quot;c81cc392-1316-43de-be1f-a2fd8a9190b8&amp;quot;)&amp;gt;.is_enabled\n\ntest_orange_menu_validation.py:253: AssertionError\n\n---------------------------- Captured stdout setup -----------------------------\nBrowser started successfully.\nError during login: Message: \nStacktrace:\nRemoteError@chrome://remote/content/shared/RemoteError.sys.mjs:8:8\nWebDriverError@chrome://remote/content/shared/webdriver/Errors.sys.mjs:191:5\nNoSuchElementError@chrome://remote/content/shared/webdriver/Errors.sys.mjs:509:5\ndom.find/&amp;lt;/&amp;lt;@chrome://remote/content/shared/DOM.sys.mjs:136:16\n\n&#34;}], &#34;test_orange_menu_validation.py::test_recruitment_menu_selected&#34;: [{&#34;extras&#34;: [], &#34;result&#34;: &#34;Failed&#34;, &#34;testId&#34;: &#34;test_orange_menu_validation.py::test_recruitment_menu_selected&#34;, &#34;duration&#34;: &#34;00:00:23&#34;, &#34;resultsTableRow&#34;: [&#34;&lt;td class=\&#34;col-result\&#34;&gt;Failed&lt;/td&gt;&#34;, &#34;&lt;td class=\&#34;col-testId\&#34;&gt;test_orange_menu_validation.py::test_recruitment_menu_selected&lt;/td&gt;&#34;, &#34;&lt;td class=\&#34;col-duration\&#34;&gt;00:00:23&lt;/td&gt;&#34;, &#34;&lt;td class=\&#34;col-links\&#34;&gt;&lt;/td&gt;&#34;], &#34;log&#34;: &#34;menu_list = &amp;lt;Automation_Scripts.orange_menu_validation.Menu_validation object at 0x000001C4E3E1C950&amp;gt;\n\n    def test_recruitment_menu_selected(menu_list):\n        recruitment_menu = WebDriverWait(menu_list.driver, 20).until(\n            EC.visibility_of_element_located((By.XPATH, locators.WebLocators().recruitment)))\n&amp;gt;       assert recruitment_menu.is_selected()\nE       assert False\nE        +  where False = &amp;lt;bound method WebElement.is_selected of &amp;lt;selenium.webdriver.remote.webelement.WebElement (session=&amp;quot;975aecba-dc85-4959-abc7-ddc291767ba2&amp;quot;, element=&amp;quot;fae748ad-a978-4bcd-8801-4392e9c151d0&amp;quot;)&amp;gt;&amp;gt;()\nE        +    where &amp;lt;bound method WebElement.is_selected of &amp;lt;selenium.webdriver.remote.webelement.WebElement (session=&amp;quot;975aecba-dc85-4959-abc7-ddc291767ba2&amp;quot;, element=&amp;quot;fae748ad-a978-4bcd-8801-4392e9c151d0&amp;quot;)&amp;gt;&amp;gt; = &amp;lt;selenium.webdriver.remote.webelement.WebElement (session=&amp;quot;975aecba-dc85-4959-abc7-ddc291767ba2&amp;quot;, element=&amp;quot;fae748ad-a978-4bcd-8801-4392e9c151d0&amp;quot;)&amp;gt;.is_selected\n\ntest_orange_menu_validation.py:259: AssertionError\n\n---------------------------- Captured stdout setup -----------------------------\nBrowser started successfully.\nError during login: Message: \nStacktrace:\nRemoteError@chrome://remote/content/shared/RemoteError.sys.mjs:8:8\nWebDriverError@chrome://remote/content/shared/webdriver/Errors.sys.mjs:191:5\nNoSuchElementError@chrome://remote/content/shared/webdriver/Errors.sys.mjs:509:5\ndom.find/&amp;lt;/&amp;lt;@chrome://remote/content/shared/DOM.sys.mjs:136:16\n\n&#34;}], &#34;test_orange_menu_validation.py::test_recruitment_menu_not_selected&#34;: [{&#34;extras&#34;: [], &#34;result&#34;: &#34;Passed&#34;, &#34;testId&#34;: &#34;test_orange_menu_validation.py::test_recruitment_menu_not_selected&#34;, &#34;duration&#34;: &#34;00:00:23&#34;, &#34;resultsTableRow&#34;: [&#34;&lt;td class=\&#34;col-result\&#34;&gt;Passed&lt;/td&gt;&#34;, &#34;&lt;td class=\&#34;col-testId\&#34;&gt;test_orange_menu_validation.py::test_recruitment_menu_not_selected&lt;/td&gt;&#34;, &#34;&lt;td class=\&#34;col-duration\&#34;&gt;00:00:23&lt;/td&gt;&#34;, &#34;&lt;td class=\&#34;col-links\&#34;&gt;&lt;/td&gt;&#34;], &#34;log&#34;: &#34;---------------------------- Captured stdout setup -----------------------------\nBrowser started successfully.\nError during login: Message: \nStacktrace:\nRemoteError@chrome://remote/content/shared/RemoteError.sys.mjs:8:8\nWebDriverError@chrome://remote/content/shared/webdriver/Errors.sys.mjs:191:5\nNoSuchElementError@chrome://remote/content/shared/webdriver/Errors.sys.mjs:509:5\ndom.find/&amp;lt;/&amp;lt;@chrome://remote/content/shared/DOM.sys.mjs:136:16\n\n&#34;}], &#34;test_orange_menu_validation.py::test_myInfo_menu_label_present&#34;: [{&#34;extras&#34;: [], &#34;result&#34;: &#34;Passed&#34;, &#34;testId&#34;: &#34;test_orange_menu_validation.py::test_myInfo_menu_label_present&#34;, &#34;duration&#34;: &#34;00:00:23&#34;, &#34;resultsTableRow&#34;: [&#34;&lt;td class=\&#34;col-result\&#34;&gt;Passed&lt;/td&gt;&#34;, &#34;&lt;td class=\&#34;col-testId\&#34;&gt;test_orange_menu_validation.py::test_myInfo_menu_label_present&lt;/td&gt;&#34;, &#34;&lt;td class=\&#34;col-duration\&#34;&gt;00:00:23&lt;/td&gt;&#34;, &#34;&lt;td class=\&#34;col-links\&#34;&gt;&lt;/td&gt;&#34;], &#34;log&#34;: &#34;---------------------------- Captured stdout setup -----------------------------\nBrowser started successfully.\nError during login: Message: \nStacktrace:\nRemoteError@chrome://remote/content/shared/RemoteError.sys.mjs:8:8\nWebDriverError@chrome://remote/content/shared/webdriver/Errors.sys.mjs:191:5\nNoSuchElementError@chrome://remote/content/shared/webdriver/Errors.sys.mjs:509:5\ndom.find/&amp;lt;/&amp;lt;@chrome://remote/content/shared/DOM.sys.mjs:136:16\n\n&#34;}], &#34;test_orange_menu_validation.py::test_myInfo_menu_label_absent&#34;: [{&#34;extras&#34;: [], &#34;result&#34;: &#34;Failed&#34;, &#34;testId&#34;: &#34;test_orange_menu_validation.py::test_myInfo_menu_label_absent&#34;, &#34;duration&#34;: &#34;00:00:23&#34;, &#34;resultsTableRow&#34;: [&#34;&lt;td class=\&#34;col-result\&#34;&gt;Failed&lt;/td&gt;&#34;, &#34;&lt;td class=\&#34;col-testId\&#34;&gt;test_orange_menu_validation.py::test_myInfo_menu_label_absent&lt;/td&gt;&#34;, &#34;&lt;td class=\&#34;col-duration\&#34;&gt;00:00:23&lt;/td&gt;&#34;, &#34;&lt;td class=\&#34;col-links\&#34;&gt;&lt;/td&gt;&#34;], &#34;log&#34;: &#34;menu_list = &amp;lt;Automation_Scripts.orange_menu_validation.Menu_validation object at 0x000001C4E3E1DE80&amp;gt;\n\n    def test_myInfo_menu_label_absent(menu_list):\n        myInfo_menu = WebDriverWait(menu_list.driver, 20).until(\n            EC.visibility_of_element_located((By.XPATH, locators.WebLocators().myInfo)))\n&amp;gt;       assert &amp;quot;My Info&amp;quot; not in myInfo_menu.text\nE       AssertionError: assert &amp;#x27;My Info&amp;#x27; not in &amp;#x27;My Info&amp;#x27;\nE         &amp;#x27;My Info&amp;#x27; is contained here:\nE           My Info\n\ntest_orange_menu_validation.py:278: AssertionError\n\n---------------------------- Captured stdout setup -----------------------------\nBrowser started successfully.\nError during login: Message: \nStacktrace:\nRemoteError@chrome://remote/content/shared/RemoteError.sys.mjs:8:8\nWebDriverError@chrome://remote/content/shared/webdriver/Errors.sys.mjs:191:5\nNoSuchElementError@chrome://remote/content/shared/webdriver/Errors.sys.mjs:509:5\ndom.find/&amp;lt;/&amp;lt;@chrome://remote/content/shared/DOM.sys.mjs:136:16\n\n&#34;}], &#34;test_orange_menu_validation.py::test_myInfo_menu_displayed&#34;: [{&#34;extras&#34;: [], &#34;result&#34;: &#34;Passed&#34;, &#34;testId&#34;: &#34;test_orange_menu_validation.py::test_myInfo_menu_displayed&#34;, &#34;duration&#34;: &#34;00:00:23&#34;, &#34;resultsTableRow&#34;: [&#34;&lt;td class=\&#34;col-result\&#34;&gt;Passed&lt;/td&gt;&#34;, &#34;&lt;td class=\&#34;col-testId\&#34;&gt;test_orange_menu_validation.py::test_myInfo_menu_displayed&lt;/td&gt;&#34;, &#34;&lt;td class=\&#34;col-duration\&#34;&gt;00:00:23&lt;/td&gt;&#34;, &#34;&lt;td class=\&#34;col-links\&#34;&gt;&lt;/td&gt;&#34;], &#34;log&#34;: &#34;---------------------------- Captured stdout setup -----------------------------\nBrowser started successfully.\nError during login: Message: \nStacktrace:\nRemoteError@chrome://remote/content/shared/RemoteError.sys.mjs:8:8\nWebDriverError@chrome://remote/content/shared/webdriver/Errors.sys.mjs:191:5\nNoSuchElementError@chrome://remote/content/shared/webdriver/Errors.sys.mjs:509:5\ndom.find/&amp;lt;/&amp;lt;@chrome://remote/content/shared/DOM.sys.mjs:136:16\n\n&#34;}], &#34;test_orange_menu_validation.py::test_myInfo_menu_not_displayed&#34;: [{&#34;extras&#34;: [], &#34;result&#34;: &#34;Failed&#34;, &#34;testId&#34;: &#34;test_orange_menu_validation.py::test_myInfo_menu_not_displayed&#34;, &#34;duration&#34;: &#34;00:00:22&#34;, &#34;resultsTableRow&#34;: [&#34;&lt;td class=\&#34;col-result\&#34;&gt;Failed&lt;/td&gt;&#34;, &#34;&lt;td class=\&#34;col-testId\&#34;&gt;test_orange_menu_validation.py::test_myInfo_menu_not_displayed&lt;/td&gt;&#34;, &#34;&lt;td class=\&#34;col-duration\&#34;&gt;00:00:22&lt;/td&gt;&#34;, &#34;&lt;td class=\&#34;col-links\&#34;&gt;&lt;/td&gt;&#34;], &#34;log&#34;: &#34;menu_list = &amp;lt;Automation_Scripts.orange_menu_validation.Menu_validation object at 0x000001C4E3E1DEB0&amp;gt;\n\n    def test_myInfo_menu_not_displayed(menu_list):\n        myInfo_menu = WebDriverWait(menu_list.driver, 20).until(\n            EC.visibility_of_element_located((By.XPATH, locators.WebLocators().myInfo)))\n&amp;gt;       assert not myInfo_menu.is_displayed()\nE       assert not True\nE        +  where True = &amp;lt;bound method WebElement.is_displayed of &amp;lt;selenium.webdriver.remote.webelement.WebElement (session=&amp;quot;975aecba-dc85-4959-abc7-ddc291767ba2&amp;quot;, element=&amp;quot;9b214305-609c-46f0-aadd-26fda84b1522&amp;quot;)&amp;gt;&amp;gt;()\nE        +    where &amp;lt;bound method WebElement.is_displayed of &amp;lt;selenium.webdriver.remote.webelement.WebElement (session=&amp;quot;975aecba-dc85-4959-abc7-ddc291767ba2&amp;quot;, element=&amp;quot;9b214305-609c-46f0-aadd-26fda84b1522&amp;quot;)&amp;gt;&amp;gt; = &amp;lt;selenium.webdriver.remote.webelement.WebElement (session=&amp;quot;975aecba-dc85-4959-abc7-ddc291767ba2&amp;quot;, element=&amp;quot;9b214305-609c-46f0-aadd-26fda84b1522&amp;quot;)&amp;gt;.is_displayed\n\ntest_orange_menu_validation.py:290: AssertionError\n\n---------------------------- Captured stdout setup -----------------------------\nBrowser started successfully.\nError during login: Message: \nStacktrace:\nRemoteError@chrome://remote/content/shared/RemoteError.sys.mjs:8:8\nWebDriverError@chrome://remote/content/shared/webdriver/Errors.sys.mjs:191:5\nNoSuchElementError@chrome://remote/content/shared/webdriver/Errors.sys.mjs:509:5\ndom.find/&amp;lt;/&amp;lt;@chrome://remote/content/shared/DOM.sys.mjs:136:16\n\n&#34;}], &#34;test_orange_menu_validation.py::test_myInfo_menu_enabled&#34;: [{&#34;extras&#34;: [], &#34;result&#34;: &#34;Passed&#34;, &#34;testId&#34;: &#34;test_orange_menu_validation.py::test_myInfo_menu_enabled&#34;, &#34;duration&#34;: &#34;00:00:23&#34;, &#34;resultsTableRow&#34;: [&#34;&lt;td class=\&#34;col-result\&#34;&gt;Passed&lt;/td&gt;&#34;, &#34;&lt;td class=\&#34;col-testId\&#34;&gt;test_orange_menu_validation.py::test_myInfo_menu_enabled&lt;/td&gt;&#34;, &#34;&lt;td class=\&#34;col-duration\&#34;&gt;00:00:23&lt;/td&gt;&#34;, &#34;&lt;td class=\&#34;col-links\&#34;&gt;&lt;/td&gt;&#34;], &#34;log&#34;: &#34;---------------------------- Captured stdout setup -----------------------------\nBrowser started successfully.\nError during login: Message: \nStacktrace:\nRemoteError@chrome://remote/content/shared/RemoteError.sys.mjs:8:8\nWebDriverError@chrome://remote/content/shared/webdriver/Errors.sys.mjs:191:5\nNoSuchElementError@chrome://remote/content/shared/webdriver/Errors.sys.mjs:509:5\ndom.find/&amp;lt;/&amp;lt;@chrome://remote/content/shared/DOM.sys.mjs:136:16\n\n&#34;}], &#34;test_orange_menu_validation.py::test_myInfo_menu_not_enabled&#34;: [{&#34;extras&#34;: [], &#34;result&#34;: &#34;Failed&#34;, &#34;testId&#34;: &#34;test_orange_menu_validation.py::test_myInfo_menu_not_enabled&#34;, &#34;duration&#34;: &#34;00:00:23&#34;, &#34;resultsTableRow&#34;: [&#34;&lt;td class=\&#34;col-result\&#34;&gt;Failed&lt;/td&gt;&#34;, &#34;&lt;td class=\&#34;col-testId\&#34;&gt;test_orange_menu_validation.py::test_myInfo_menu_not_enabled&lt;/td&gt;&#34;, &#34;&lt;td class=\&#34;col-duration\&#34;&gt;00:00:23&lt;/td&gt;&#34;, &#34;&lt;td class=\&#34;col-links\&#34;&gt;&lt;/td&gt;&#34;], &#34;log&#34;: &#34;menu_list = &amp;lt;Automation_Scripts.orange_menu_validation.Menu_validation object at 0x000001C4E3E1E9F0&amp;gt;\n\n    def test_myInfo_menu_not_enabled(menu_list):\n        myInfo_menu = WebDriverWait(menu_list.driver, 20).until(\n            EC.visibility_of_element_located((By.XPATH, locators.WebLocators().myInfo)))\n&amp;gt;       assert not myInfo_menu.is_enabled()\nE       assert not True\nE        +  where True = &amp;lt;bound method WebElement.is_enabled of &amp;lt;selenium.webdriver.remote.webelement.WebElement (session=&amp;quot;975aecba-dc85-4959-abc7-ddc291767ba2&amp;quot;, element=&amp;quot;008fb840-cffb-47fc-98e8-d4fce2788308&amp;quot;)&amp;gt;&amp;gt;()\nE        +    where &amp;lt;bound method WebElement.is_enabled of &amp;lt;selenium.webdriver.remote.webelement.WebElement (session=&amp;quot;975aecba-dc85-4959-abc7-ddc291767ba2&amp;quot;, element=&amp;quot;008fb840-cffb-47fc-98e8-d4fce2788308&amp;quot;)&amp;gt;&amp;gt; = &amp;lt;selenium.webdriver.remote.webelement.WebElement (session=&amp;quot;975aecba-dc85-4959-abc7-ddc291767ba2&amp;quot;, element=&amp;quot;008fb840-cffb-47fc-98e8-d4fce2788308&amp;quot;)&amp;gt;.is_enabled\n\ntest_orange_menu_validation.py:302: AssertionError\n\n---------------------------- Captured stdout setup -----------------------------\nBrowser started successfully.\nError during login: Message: \nStacktrace:\nRemoteError@chrome://remote/content/shared/RemoteError.sys.mjs:8:8\nWebDriverError@chrome://remote/content/shared/webdriver/Errors.sys.mjs:191:5\nNoSuchElementError@chrome://remote/content/shared/webdriver/Errors.sys.mjs:509:5\ndom.find/&amp;lt;/&amp;lt;@chrome://remote/content/shared/DOM.sys.mjs:136:16\n\n&#34;}], &#34;test_orange_menu_validation.py::test_myInfo_menu_selected&#34;: [{&#34;extras&#34;: [], &#34;result&#34;: &#34;Failed&#34;, &#34;testId&#34;: &#34;test_orange_menu_validation.py::test_myInfo_menu_selected&#34;, &#34;duration&#34;: &#34;00:00:23&#34;, &#34;resultsTableRow&#34;: [&#34;&lt;td class=\&#34;col-result\&#34;&gt;Failed&lt;/td&gt;&#34;, &#34;&lt;td class=\&#34;col-testId\&#34;&gt;test_orange_menu_validation.py::test_myInfo_menu_selected&lt;/td&gt;&#34;, &#34;&lt;td class=\&#34;col-duration\&#34;&gt;00:00:23&lt;/td&gt;&#34;, &#34;&lt;td class=\&#34;col-links\&#34;&gt;&lt;/td&gt;&#34;], &#34;log&#34;: &#34;menu_list = &amp;lt;Automation_Scripts.orange_menu_validation.Menu_validation object at 0x000001C4E3E1F9E0&amp;gt;\n\n    def test_myInfo_menu_selected(menu_list):\n        myInfo_menu = WebDriverWait(menu_list.driver, 20).until(\n            EC.visibility_of_element_located((By.XPATH, locators.WebLocators().myInfo)))\n&amp;gt;       assert myInfo_menu.is_selected()\nE       assert False\nE        +  where False = &amp;lt;bound method WebElement.is_selected of &amp;lt;selenium.webdriver.remote.webelement.WebElement (session=&amp;quot;975aecba-dc85-4959-abc7-ddc291767ba2&amp;quot;, element=&amp;quot;8d1dfe78-a319-4771-9697-670b6c0b844b&amp;quot;)&amp;gt;&amp;gt;()\nE        +    where &amp;lt;bound method WebElement.is_selected of &amp;lt;selenium.webdriver.remote.webelement.WebElement (session=&amp;quot;975aecba-dc85-4959-abc7-ddc291767ba2&amp;quot;, element=&amp;quot;8d1dfe78-a319-4771-9697-670b6c0b844b&amp;quot;)&amp;gt;&amp;gt; = &amp;lt;selenium.webdriver.remote.webelement.WebElement (session=&amp;quot;975aecba-dc85-4959-abc7-ddc291767ba2&amp;quot;, element=&amp;quot;8d1dfe78-a319-4771-9697-670b6c0b844b&amp;quot;)&amp;gt;.is_selected\n\ntest_orange_menu_validation.py:308: AssertionError\n\n---------------------------- Captured stdout setup -----------------------------\nBrowser started successfully.\nError during login: Message: \nStacktrace:\nRemoteError@chrome://remote/content/shared/RemoteError.sys.mjs:8:8\nWebDriverError@chrome://remote/content/shared/webdriver/Errors.sys.mjs:191:5\nNoSuchElementError@chrome://remote/content/shared/webdriver/Errors.sys.mjs:509:5\ndom.find/&amp;lt;/&amp;lt;@chrome://remote/content/shared/DOM.sys.mjs:136:16\n\n&#34;}], &#34;test_orange_menu_validation.py::test_myInfo_menu_not_selected&#34;: [{&#34;extras&#34;: [], &#34;result&#34;: &#34;Passed&#34;, &#34;testId&#34;: &#34;test_orange_menu_validation.py::test_myInfo_menu_not_selected&#34;, &#34;duration&#34;: &#34;00:00:23&#34;, &#34;resultsTableRow&#34;: [&#34;&lt;td class=\&#34;col-result\&#34;&gt;Passed&lt;/td&gt;&#34;, &#34;&lt;td class=\&#34;col-testId\&#34;&gt;test_orange_menu_validation.py::test_myInfo_menu_not_selected&lt;/td&gt;&#34;, &#34;&lt;td class=\&#34;col-duration\&#34;&gt;00:00:23&lt;/td&gt;&#34;, &#34;&lt;td class=\&#34;col-links\&#34;&gt;&lt;/td&gt;&#34;], &#34;log&#34;: &#34;---------------------------- Captured stdout setup -----------------------------\nBrowser started successfully.\nError during login: Message: \nStacktrace:\nRemoteError@chrome://remote/content/shared/RemoteError.sys.mjs:8:8\nWebDriverError@chrome://remote/content/shared/webdriver/Errors.sys.mjs:191:5\nNoSuchElementError@chrome://remote/content/shared/webdriver/Errors.sys.mjs:509:5\ndom.find/&amp;lt;/&amp;lt;@chrome://remote/content/shared/DOM.sys.mjs:136:16\n\n&#34;}], &#34;test_orange_menu_validation.py::test_performance_menu_label_present&#34;: [{&#34;extras&#34;: [], &#34;result&#34;: &#34;Passed&#34;, &#34;testId&#34;: &#34;test_orange_menu_validation.py::test_performance_menu_label_present&#34;, &#34;duration&#34;: &#34;00:00:22&#34;, &#34;resultsTableRow&#34;: [&#34;&lt;td class=\&#34;col-result\&#34;&gt;Passed&lt;/td&gt;&#34;, &#34;&lt;td class=\&#34;col-testId\&#34;&gt;test_orange_menu_validation.py::test_performance_menu_label_present&lt;/td&gt;&#34;, &#34;&lt;td class=\&#34;col-duration\&#34;&gt;00:00:22&lt;/td&gt;&#34;, &#34;&lt;td class=\&#34;col-links\&#34;&gt;&lt;/td&gt;&#34;], &#34;log&#34;: &#34;---------------------------- Captured stdout setup -----------------------------\nBrowser started successfully.\nError during login: Message: \nStacktrace:\nRemoteError@chrome://remote/content/shared/RemoteError.sys.mjs:8:8\nWebDriverError@chrome://remote/content/shared/webdriver/Errors.sys.mjs:191:5\nNoSuchElementError@chrome://remote/content/shared/webdriver/Errors.sys.mjs:509:5\ndom.find/&amp;lt;/&amp;lt;@chrome://remote/content/shared/DOM.sys.mjs:136:16\n\n&#34;}], &#34;test_orange_menu_validation.py::test_performance_menu_label_absent&#34;: [{&#34;extras&#34;: [], &#34;result&#34;: &#34;Failed&#34;, &#34;testId&#34;: &#34;test_orange_menu_validation.py::test_performance_menu_label_absent&#34;, &#34;duration&#34;: &#34;00:00:23&#34;, &#34;resultsTableRow&#34;: [&#34;&lt;td class=\&#34;col-result\&#34;&gt;Failed&lt;/td&gt;&#34;, &#34;&lt;td class=\&#34;col-testId\&#34;&gt;test_orange_menu_validation.py::test_performance_menu_label_absent&lt;/td&gt;&#34;, &#34;&lt;td class=\&#34;col-duration\&#34;&gt;00:00:23&lt;/td&gt;&#34;, &#34;&lt;td class=\&#34;col-links\&#34;&gt;&lt;/td&gt;&#34;], &#34;log&#34;: &#34;menu_list = &amp;lt;Automation_Scripts.orange_menu_validation.Menu_validation object at 0x000001C4E3E185C0&amp;gt;\n\n    def test_performance_menu_label_absent(menu_list):\n        performance_menu = WebDriverWait(menu_list.driver, 20).until(\n            EC.visibility_of_element_located((By.XPATH, locators.WebLocators().performance)))\n&amp;gt;       assert &amp;quot;Performance&amp;quot; not in performance_menu.text\nE       AssertionError: assert &amp;#x27;Performance&amp;#x27; not in &amp;#x27;Performance&amp;#x27;\nE         &amp;#x27;Performance&amp;#x27; is contained here:\nE           Performance\n\ntest_orange_menu_validation.py:327: AssertionError\n\n---------------------------- Captured stdout setup -----------------------------\nBrowser started successfully.\nError during login: Message: \nStacktrace:\nRemoteError@chrome://remote/content/shared/RemoteError.sys.mjs:8:8\nWebDriverError@chrome://remote/content/shared/webdriver/Errors.sys.mjs:191:5\nNoSuchElementError@chrome://remote/content/shared/webdriver/Errors.sys.mjs:509:5\ndom.find/&amp;lt;/&amp;lt;@chrome://remote/content/shared/DOM.sys.mjs:136:16\n\n&#34;}], &#34;test_orange_menu_validation.py::test_performance_menu_displayed&#34;: [{&#34;extras&#34;: [], &#34;result&#34;: &#34;Passed&#34;, &#34;testId&#34;: &#34;test_orange_menu_validation.py::test_performance_menu_displayed&#34;, &#34;duration&#34;: &#34;00:00:23&#34;, &#34;resultsTableRow&#34;: [&#34;&lt;td class=\&#34;col-result\&#34;&gt;Passed&lt;/td&gt;&#34;, &#34;&lt;td class=\&#34;col-testId\&#34;&gt;test_orange_menu_validation.py::test_performance_menu_displayed&lt;/td&gt;&#34;, &#34;&lt;td class=\&#34;col-duration\&#34;&gt;00:00:23&lt;/td&gt;&#34;, &#34;&lt;td class=\&#34;col-links\&#34;&gt;&lt;/td&gt;&#34;], &#34;log&#34;: &#34;---------------------------- Captured stdout setup -----------------------------\nBrowser started successfully.\nError during login: Message: \nStacktrace:\nRemoteError@chrome://remote/content/shared/RemoteError.sys.mjs:8:8\nWebDriverError@chrome://remote/content/shared/webdriver/Errors.sys.mjs:191:5\nNoSuchElementError@chrome://remote/content/shared/webdriver/Errors.sys.mjs:509:5\ndom.find/&amp;lt;/&amp;lt;@chrome://remote/content/shared/DOM.sys.mjs:136:16\n\n&#34;}], &#34;test_orange_menu_validation.py::test_performance_menu_not_displayed&#34;: [{&#34;extras&#34;: [], &#34;result&#34;: &#34;Failed&#34;, &#34;testId&#34;: &#34;test_orange_menu_validation.py::test_performance_menu_not_displayed&#34;, &#34;duration&#34;: &#34;00:00:23&#34;, &#34;resultsTableRow&#34;: [&#34;&lt;td class=\&#34;col-result\&#34;&gt;Failed&lt;/td&gt;&#34;, &#34;&lt;td class=\&#34;col-testId\&#34;&gt;test_orange_menu_validation.py::test_performance_menu_not_displayed&lt;/td&gt;&#34;, &#34;&lt;td class=\&#34;col-duration\&#34;&gt;00:00:23&lt;/td&gt;&#34;, &#34;&lt;td class=\&#34;col-links\&#34;&gt;&lt;/td&gt;&#34;], &#34;log&#34;: &#34;menu_list = &amp;lt;Automation_Scripts.orange_menu_validation.Menu_validation object at 0x000001C4E3E1E5D0&amp;gt;\n\n    def test_performance_menu_not_displayed(menu_list):\n        performance_menu = WebDriverWait(menu_list.driver, 20).until(\n            EC.visibility_of_element_located((By.XPATH, locators.WebLocators().performance)))\n&amp;gt;       assert not performance_menu.is_displayed()\nE       assert not True\nE        +  where True = &amp;lt;bound method WebElement.is_displayed of &amp;lt;selenium.webdriver.remote.webelement.WebElement (session=&amp;quot;975aecba-dc85-4959-abc7-ddc291767ba2&amp;quot;, element=&amp;quot;c1f59d09-5611-4094-904c-7d2939f93723&amp;quot;)&amp;gt;&amp;gt;()\nE        +    where &amp;lt;bound method WebElement.is_displayed of &amp;lt;selenium.webdriver.remote.webelement.WebElement (session=&amp;quot;975aecba-dc85-4959-abc7-ddc291767ba2&amp;quot;, element=&amp;quot;c1f59d09-5611-4094-904c-7d2939f93723&amp;quot;)&amp;gt;&amp;gt; = &amp;lt;selenium.webdriver.remote.webelement.WebElement (session=&amp;quot;975aecba-dc85-4959-abc7-ddc291767ba2&amp;quot;, element=&amp;quot;c1f59d09-5611-4094-904c-7d2939f93723&amp;quot;)&amp;gt;.is_displayed\n\ntest_orange_menu_validation.py:339: AssertionError\n\n---------------------------- Captured stdout setup -----------------------------\nBrowser started successfully.\nError during login: Message: \nStacktrace:\nRemoteError@chrome://remote/content/shared/RemoteError.sys.mjs:8:8\nWebDriverError@chrome://remote/content/shared/webdriver/Errors.sys.mjs:191:5\nNoSuchElementError@chrome://remote/content/shared/webdriver/Errors.sys.mjs:509:5\ndom.find/&amp;lt;/&amp;lt;@chrome://remote/content/shared/DOM.sys.mjs:136:16\n\n&#34;}], &#34;test_orange_menu_validation.py::test_performance_menu_enabled&#34;: [{&#34;extras&#34;: [], &#34;result&#34;: &#34;Passed&#34;, &#34;testId&#34;: &#34;test_orange_menu_validation.py::test_performance_menu_enabled&#34;, &#34;duration&#34;: &#34;00:00:23&#34;, &#34;resultsTableRow&#34;: [&#34;&lt;td class=\&#34;col-result\&#34;&gt;Passed&lt;/td&gt;&#34;, &#34;&lt;td class=\&#34;col-testId\&#34;&gt;test_orange_menu_validation.py::test_performance_menu_enabled&lt;/td&gt;&#34;, &#34;&lt;td class=\&#34;col-duration\&#34;&gt;00:00:23&lt;/td&gt;&#34;, &#34;&lt;td class=\&#34;col-links\&#34;&gt;&lt;/td&gt;&#34;], &#34;log&#34;: &#34;---------------------------- Captured stdout setup -----------------------------\nBrowser started successfully.\nError during login: Message: \nStacktrace:\nRemoteError@chrome://remote/content/shared/RemoteError.sys.mjs:8:8\nWebDriverError@chrome://remote/content/shared/webdriver/Errors.sys.mjs:191:5\nNoSuchElementError@chrome://remote/content/shared/webdriver/Errors.sys.mjs:509:5\ndom.find/&amp;lt;/&amp;lt;@chrome://remote/content/shared/DOM.sys.mjs:136:16\n\n&#34;}], &#34;test_orange_menu_validation.py::test_performance_menu_not_enabled&#34;: [{&#34;extras&#34;: [], &#34;result&#34;: &#34;Failed&#34;, &#34;testId&#34;: &#34;test_orange_menu_validation.py::test_performance_menu_not_enabled&#34;, &#34;duration&#34;: &#34;00:00:23&#34;, &#34;resultsTableRow&#34;: [&#34;&lt;td class=\&#34;col-result\&#34;&gt;Failed&lt;/td&gt;&#34;, &#34;&lt;td class=\&#34;col-testId\&#34;&gt;test_orange_menu_validation.py::test_performance_menu_not_enabled&lt;/td&gt;&#34;, &#34;&lt;td class=\&#34;col-duration\&#34;&gt;00:00:23&lt;/td&gt;&#34;, &#34;&lt;td class=\&#34;col-links\&#34;&gt;&lt;/td&gt;&#34;], &#34;log&#34;: &#34;menu_list = &amp;lt;Automation_Scripts.orange_menu_validation.Menu_validation object at 0x000001C4E3E1C2C0&amp;gt;\n\n    def test_performance_menu_not_enabled(menu_list):\n        performance_menu = WebDriverWait(menu_list.driver, 20).until(\n            EC.visibility_of_element_located((By.XPATH, locators.WebLocators().performance)))\n&amp;gt;       assert not performance_menu.is_enabled()\nE       assert not True\nE        +  where True = &amp;lt;bound method WebElement.is_enabled of &amp;lt;selenium.webdriver.remote.webelement.WebElement (session=&amp;quot;975aecba-dc85-4959-abc7-ddc291767ba2&amp;quot;, element=&amp;quot;8a9913ca-fd6b-49c7-ac5d-3bf33df775b3&amp;quot;)&amp;gt;&amp;gt;()\nE        +    where &amp;lt;bound method WebElement.is_enabled of &amp;lt;selenium.webdriver.remote.webelement.WebElement (session=&amp;quot;975aecba-dc85-4959-abc7-ddc291767ba2&amp;quot;, element=&amp;quot;8a9913ca-fd6b-49c7-ac5d-3bf33df775b3&amp;quot;)&amp;gt;&amp;gt; = &amp;lt;selenium.webdriver.remote.webelement.WebElement (session=&amp;quot;975aecba-dc85-4959-abc7-ddc291767ba2&amp;quot;, element=&amp;quot;8a9913ca-fd6b-49c7-ac5d-3bf33df775b3&amp;quot;)&amp;gt;.is_enabled\n\ntest_orange_menu_validation.py:351: AssertionError\n\n---------------------------- Captured stdout setup -----------------------------\nBrowser started successfully.\nError during login: Message: \nStacktrace:\nRemoteError@chrome://remote/content/shared/RemoteError.sys.mjs:8:8\nWebDriverError@chrome://remote/content/shared/webdriver/Errors.sys.mjs:191:5\nNoSuchElementError@chrome://remote/content/shared/webdriver/Errors.sys.mjs:509:5\ndom.find/&amp;lt;/&amp;lt;@chrome://remote/content/shared/DOM.sys.mjs:136:16\n\n&#34;}], &#34;test_orange_menu_validation.py::test_performance_menu_selected&#34;: [{&#34;extras&#34;: [], &#34;result&#34;: &#34;Failed&#34;, &#34;testId&#34;: &#34;test_orange_menu_validation.py::test_performance_menu_selected&#34;, &#34;duration&#34;: &#34;00:00:23&#34;, &#34;resultsTableRow&#34;: [&#34;&lt;td class=\&#34;col-result\&#34;&gt;Failed&lt;/td&gt;&#34;, &#34;&lt;td class=\&#34;col-testId\&#34;&gt;test_orange_menu_validation.py::test_performance_menu_selected&lt;/td&gt;&#34;, &#34;&lt;td class=\&#34;col-duration\&#34;&gt;00:00:23&lt;/td&gt;&#34;, &#34;&lt;td class=\&#34;col-links\&#34;&gt;&lt;/td&gt;&#34;], &#34;log&#34;: &#34;menu_list = &amp;lt;Automation_Scripts.orange_menu_validation.Menu_validation object at 0x000001C4E3D36E40&amp;gt;\n\n    def test_performance_menu_selected(menu_list):\n        performance_menu = WebDriverWait(menu_list.driver, 20).until(\n            EC.visibility_of_element_located((By.XPATH, locators.WebLocators().performance)))\n&amp;gt;       assert performance_menu.is_selected()\nE       assert False\nE        +  where False = &amp;lt;bound method WebElement.is_selected of &amp;lt;selenium.webdriver.remote.webelement.WebElement (session=&amp;quot;975aecba-dc85-4959-abc7-ddc291767ba2&amp;quot;, element=&amp;quot;c4c73724-f1b9-4fe5-b4da-cc6680a764f1&amp;quot;)&amp;gt;&amp;gt;()\nE        +    where &amp;lt;bound method WebElement.is_selected of &amp;lt;selenium.webdriver.remote.webelement.WebElement (session=&amp;quot;975aecba-dc85-4959-abc7-ddc291767ba2&amp;quot;, element=&amp;quot;c4c73724-f1b9-4fe5-b4da-cc6680a764f1&amp;quot;)&amp;gt;&amp;gt; = &amp;lt;selenium.webdriver.remote.webelement.WebElement (session=&amp;quot;975aecba-dc85-4959-abc7-ddc291767ba2&amp;quot;, element=&amp;quot;c4c73724-f1b9-4fe5-b4da-cc6680a764f1&amp;quot;)&amp;gt;.is_selected\n\ntest_orange_menu_validation.py:357: AssertionError\n\n---------------------------- Captured stdout setup -----------------------------\nBrowser started successfully.\nError during login: Message: \nStacktrace:\nRemoteError@chrome://remote/content/shared/RemoteError.sys.mjs:8:8\nWebDriverError@chrome://remote/content/shared/webdriver/Errors.sys.mjs:191:5\nNoSuchElementError@chrome://remote/content/shared/webdriver/Errors.sys.mjs:509:5\ndom.find/&amp;lt;/&amp;lt;@chrome://remote/content/shared/DOM.sys.mjs:136:16\n\n&#34;}], &#34;test_orange_menu_validation.py::test_performance_menu_not_selected&#34;: [{&#34;extras&#34;: [], &#34;result&#34;: &#34;Passed&#34;, &#34;testId&#34;: &#34;test_orange_menu_validation.py::test_performance_menu_not_selected&#34;, &#34;duration&#34;: &#34;00:00:23&#34;, &#34;resultsTableRow&#34;: [&#34;&lt;td class=\&#34;col-result\&#34;&gt;Passed&lt;/td&gt;&#34;, &#34;&lt;td class=\&#34;col-testId\&#34;&gt;test_orange_menu_validation.py::test_performance_menu_not_selected&lt;/td&gt;&#34;, &#34;&lt;td class=\&#34;col-duration\&#34;&gt;00:00:23&lt;/td&gt;&#34;, &#34;&lt;td class=\&#34;col-links\&#34;&gt;&lt;/td&gt;&#34;], &#34;log&#34;: &#34;---------------------------- Captured stdout setup -----------------------------\nBrowser started successfully.\nError during login: Message: \nStacktrace:\nRemoteError@chrome://remote/content/shared/RemoteError.sys.mjs:8:8\nWebDriverError@chrome://remote/content/shared/webdriver/Errors.sys.mjs:191:5\nNoSuchElementError@chrome://remote/content/shared/webdriver/Errors.sys.mjs:509:5\ndom.find/&amp;lt;/&amp;lt;@chrome://remote/content/shared/DOM.sys.mjs:136:16\n\n&#34;}], &#34;test_orange_menu_validation.py::test_dashboard_menu_label_present&#34;: [{&#34;extras&#34;: [], &#34;result&#34;: &#34;Passed&#34;, &#34;testId&#34;: &#34;test_orange_menu_validation.py::test_dashboard_menu_label_present&#34;, &#34;duration&#34;: &#34;00:00:22&#34;, &#34;resultsTableRow&#34;: [&#34;&lt;td class=\&#34;col-result\&#34;&gt;Passed&lt;/td&gt;&#34;, &#34;&lt;td class=\&#34;col-testId\&#34;&gt;test_orange_menu_validation.py::test_dashboard_menu_label_present&lt;/td&gt;&#34;, &#34;&lt;td class=\&#34;col-duration\&#34;&gt;00:00:22&lt;/td&gt;&#34;, &#34;&lt;td class=\&#34;col-links\&#34;&gt;&lt;/td&gt;&#34;], &#34;log&#34;: &#34;---------------------------- Captured stdout setup -----------------------------\nBrowser started successfully.\nError during login: Message: \nStacktrace:\nRemoteError@chrome://remote/content/shared/RemoteError.sys.mjs:8:8\nWebDriverError@chrome://remote/content/shared/webdriver/Errors.sys.mjs:191:5\nNoSuchElementError@chrome://remote/content/shared/webdriver/Errors.sys.mjs:509:5\ndom.find/&amp;lt;/&amp;lt;@chrome://remote/content/shared/DOM.sys.mjs:136:16\n\n&#34;}], &#34;test_orange_menu_validation.py::test_dashboard_menu_label_absent&#34;: [{&#34;extras&#34;: [], &#34;result&#34;: &#34;Failed&#34;, &#34;testId&#34;: &#34;test_orange_menu_validation.py::test_dashboard_menu_label_absent&#34;, &#34;duration&#34;: &#34;00:00:23&#34;, &#34;resultsTableRow&#34;: [&#34;&lt;td class=\&#34;col-result\&#34;&gt;Failed&lt;/td&gt;&#34;, &#34;&lt;td class=\&#34;col-testId\&#34;&gt;test_orange_menu_validation.py::test_dashboard_menu_label_absent&lt;/td&gt;&#34;, &#34;&lt;td class=\&#34;col-duration\&#34;&gt;00:00:23&lt;/td&gt;&#34;, &#34;&lt;td class=\&#34;col-links\&#34;&gt;&lt;/td&gt;&#34;], &#34;log&#34;: &#34;menu_list = &amp;lt;Automation_Scripts.orange_menu_validation.Menu_validation object at 0x000001C4E3D61610&amp;gt;\n\n    def test_dashboard_menu_label_absent(menu_list):\n        dashboard_menu = WebDriverWait(menu_list.driver, 20).until(\n            EC.visibility_of_element_located((By.XPATH, locators.WebLocators().dashboard)))\n&amp;gt;       assert &amp;quot;Dashboard&amp;quot; not in dashboard_menu.text\nE       AssertionError: assert &amp;#x27;Dashboard&amp;#x27; not in &amp;#x27;Dashboard&amp;#x27;\nE         &amp;#x27;Dashboard&amp;#x27; is contained here:\nE           Dashboard\n\ntest_orange_menu_validation.py:376: AssertionError\n\n---------------------------- Captured stdout setup -----------------------------\nBrowser started successfully.\nError during login: Message: \nStacktrace:\nRemoteError@chrome://remote/content/shared/RemoteError.sys.mjs:8:8\nWebDriverError@chrome://remote/content/shared/webdriver/Errors.sys.mjs:191:5\nNoSuchElementError@chrome://remote/content/shared/webdriver/Errors.sys.mjs:509:5\ndom.find/&amp;lt;/&amp;lt;@chrome://remote/content/shared/DOM.sys.mjs:136:16\n\n&#34;}], &#34;test_orange_menu_validation.py::test_dashboard_menu_displayed&#34;: [{&#34;extras&#34;: [], &#34;result&#34;: &#34;Passed&#34;, &#34;testId&#34;: &#34;test_orange_menu_validation.py::test_dashboard_menu_displayed&#34;, &#34;duration&#34;: &#34;00:00:23&#34;, &#34;resultsTableRow&#34;: [&#34;&lt;td class=\&#34;col-result\&#34;&gt;Passed&lt;/td&gt;&#34;, &#34;&lt;td class=\&#34;col-testId\&#34;&gt;test_orange_menu_validation.py::test_dashboard_menu_displayed&lt;/td&gt;&#34;, &#34;&lt;td class=\&#34;col-duration\&#34;&gt;00:00:23&lt;/td&gt;&#34;, &#34;&lt;td class=\&#34;col-links\&#34;&gt;&lt;/td&gt;&#34;], &#34;log&#34;: &#34;---------------------------- Captured stdout setup -----------------------------\nBrowser started successfully.\nError during login: Message: \nStacktrace:\nRemoteError@chrome://remote/content/shared/RemoteError.sys.mjs:8:8\nWebDriverError@chrome://remote/content/shared/webdriver/Errors.sys.mjs:191:5\nNoSuchElementError@chrome://remote/content/shared/webdriver/Errors.sys.mjs:509:5\ndom.find/&amp;lt;/&amp;lt;@chrome://remote/content/shared/DOM.sys.mjs:136:16\n\n&#34;}], &#34;test_orange_menu_validation.py::test_dashboard_menu_not_displayed&#34;: [{&#34;extras&#34;: [], &#34;result&#34;: &#34;Failed&#34;, &#34;testId&#34;: &#34;test_orange_menu_validation.py::test_dashboard_menu_not_displayed&#34;, &#34;duration&#34;: &#34;00:00:22&#34;, &#34;resultsTableRow&#34;: [&#34;&lt;td class=\&#34;col-result\&#34;&gt;Failed&lt;/td&gt;&#34;, &#34;&lt;td class=\&#34;col-testId\&#34;&gt;test_orange_menu_validation.py::test_dashboard_menu_not_displayed&lt;/td&gt;&#34;, &#34;&lt;td class=\&#34;col-duration\&#34;&gt;00:00:22&lt;/td&gt;&#34;, &#34;&lt;td class=\&#34;col-links\&#34;&gt;&lt;/td&gt;&#34;], &#34;log&#34;: &#34;menu_list = &amp;lt;Automation_Scripts.orange_menu_validation.Menu_validation object at 0x000001C4E3E04140&amp;gt;\n\n    def test_dashboard_menu_not_displayed(menu_list):\n        dashboard_menu = WebDriverWait(menu_list.driver, 20).until(\n            EC.visibility_of_element_located((By.XPATH, locators.WebLocators().dashboard)))\n&amp;gt;       assert not dashboard_menu.is_displayed()\nE       assert not True\nE        +  where True = &amp;lt;bound method WebElement.is_displayed of &amp;lt;selenium.webdriver.remote.webelement.WebElement (session=&amp;quot;975aecba-dc85-4959-abc7-ddc291767ba2&amp;quot;, element=&amp;quot;f834cc09-aac3-4f4c-8c39-74d6f8529e7b&amp;quot;)&amp;gt;&amp;gt;()\nE        +    where &amp;lt;bound method WebElement.is_displayed of &amp;lt;selenium.webdriver.remote.webelement.WebElement (session=&amp;quot;975aecba-dc85-4959-abc7-ddc291767ba2&amp;quot;, element=&amp;quot;f834cc09-aac3-4f4c-8c39-74d6f8529e7b&amp;quot;)&amp;gt;&amp;gt; = &amp;lt;selenium.webdriver.remote.webelement.WebElement (session=&amp;quot;975aecba-dc85-4959-abc7-ddc291767ba2&amp;quot;, element=&amp;quot;f834cc09-aac3-4f4c-8c39-74d6f8529e7b&amp;quot;)&amp;gt;.is_displayed\n\ntest_orange_menu_validation.py:388: AssertionError\n\n---------------------------- Captured stdout setup -----------------------------\nBrowser started successfully.\nError during login: Message: \nStacktrace:\nRemoteError@chrome://remote/content/shared/RemoteError.sys.mjs:8:8\nWebDriverError@chrome://remote/content/shared/webdriver/Errors.sys.mjs:191:5\nNoSuchElementError@chrome://remote/content/shared/webdriver/Errors.sys.mjs:509:5\ndom.find/&amp;lt;/&amp;lt;@chrome://remote/content/shared/DOM.sys.mjs:136:16\n\n&#34;}], &#34;test_orange_menu_validation.py::test_dashboard_menu_enabled&#34;: [{&#34;extras&#34;: [], &#34;result&#34;: &#34;Passed&#34;, &#34;testId&#34;: &#34;test_orange_menu_validation.py::test_dashboard_menu_enabled&#34;, &#34;duration&#34;: &#34;00:00:23&#34;, &#34;resultsTableRow&#34;: [&#34;&lt;td class=\&#34;col-result\&#34;&gt;Passed&lt;/td&gt;&#34;, &#34;&lt;td class=\&#34;col-testId\&#34;&gt;test_orange_menu_validation.py::test_dashboard_menu_enabled&lt;/td&gt;&#34;, &#34;&lt;td class=\&#34;col-duration\&#34;&gt;00:00:23&lt;/td&gt;&#34;, &#34;&lt;td class=\&#34;col-links\&#34;&gt;&lt;/td&gt;&#34;], &#34;log&#34;: &#34;---------------------------- Captured stdout setup -----------------------------\nBrowser started successfully.\nError during login: Message: \nStacktrace:\nRemoteError@chrome://remote/content/shared/RemoteError.sys.mjs:8:8\nWebDriverError@chrome://remote/content/shared/webdriver/Errors.sys.mjs:191:5\nNoSuchElementError@chrome://remote/content/shared/webdriver/Errors.sys.mjs:509:5\ndom.find/&amp;lt;/&amp;lt;@chrome://remote/content/shared/DOM.sys.mjs:136:16\n\n&#34;}], &#34;test_orange_menu_validation.py::test_dashboard_menu_not_enabled&#34;: [{&#34;extras&#34;: [], &#34;result&#34;: &#34;Failed&#34;, &#34;testId&#34;: &#34;test_orange_menu_validation.py::test_dashboard_menu_not_enabled&#34;, &#34;duration&#34;: &#34;00:00:23&#34;, &#34;resultsTableRow&#34;: [&#34;&lt;td class=\&#34;col-result\&#34;&gt;Failed&lt;/td&gt;&#34;, &#34;&lt;td class=\&#34;col-testId\&#34;&gt;test_orange_menu_validation.py::test_dashboard_menu_not_enabled&lt;/td&gt;&#34;, &#34;&lt;td class=\&#34;col-duration\&#34;&gt;00:00:23&lt;/td&gt;&#34;, &#34;&lt;td class=\&#34;col-links\&#34;&gt;&lt;/td&gt;&#34;], &#34;log&#34;: &#34;menu_list = &amp;lt;Automation_Scripts.orange_menu_validation.Menu_validation object at 0x000001C4E3E19070&amp;gt;\n\n    def test_dashboard_menu_not_enabled(menu_list):\n        dashboard_menu = WebDriverWait(menu_list.driver, 20).until(\n            EC.visibility_of_element_located((By.XPATH, locators.WebLocators().dashboard)))\n&amp;gt;       assert not dashboard_menu.is_enabled()\nE       assert not True\nE        +  where True = &amp;lt;bound method WebElement.is_enabled of &amp;lt;selenium.webdriver.remote.webelement.WebElement (session=&amp;quot;975aecba-dc85-4959-abc7-ddc291767ba2&amp;quot;, element=&amp;quot;87d1f871-d3ad-4816-bdca-48c85000e01b&amp;quot;)&amp;gt;&amp;gt;()\nE        +    where &amp;lt;bound method WebElement.is_enabled of &amp;lt;selenium.webdriver.remote.webelement.WebElement (session=&amp;quot;975aecba-dc85-4959-abc7-ddc291767ba2&amp;quot;, element=&amp;quot;87d1f871-d3ad-4816-bdca-48c85000e01b&amp;quot;)&amp;gt;&amp;gt; = &amp;lt;selenium.webdriver.remote.webelement.WebElement (session=&amp;quot;975aecba-dc85-4959-abc7-ddc291767ba2&amp;quot;, element=&amp;quot;87d1f871-d3ad-4816-bdca-48c85000e01b&amp;quot;)&amp;gt;.is_enabled\n\ntest_orange_menu_validation.py:400: AssertionError\n\n---------------------------- Captured stdout setup -----------------------------\nBrowser started successfully.\nError during login: Message: \nStacktrace:\nRemoteError@chrome://remote/content/shared/RemoteError.sys.mjs:8:8\nWebDriverError@chrome://remote/content/shared/webdriver/Errors.sys.mjs:191:5\nNoSuchElementError@chrome://remote/content/shared/webdriver/Errors.sys.mjs:509:5\ndom.find/&amp;lt;/&amp;lt;@chrome://remote/content/shared/DOM.sys.mjs:136:16\n\n&#34;}], &#34;test_orange_menu_validation.py::test_dashboard_menu_selected&#34;: [{&#34;extras&#34;: [], &#34;result&#34;: &#34;Failed&#34;, &#34;testId&#34;: &#34;test_orange_menu_validation.py::test_dashboard_menu_selected&#34;, &#34;duration&#34;: &#34;00:00:23&#34;, &#34;resultsTableRow&#34;: [&#34;&lt;td class=\&#34;col-result\&#34;&gt;Failed&lt;/td&gt;&#34;, &#34;&lt;td class=\&#34;col-testId\&#34;&gt;test_orange_menu_validation.py::test_dashboard_menu_selected&lt;/td&gt;&#34;, &#34;&lt;td class=\&#34;col-duration\&#34;&gt;00:00:23&lt;/td&gt;&#34;, &#34;&lt;td class=\&#34;col-links\&#34;&gt;&lt;/td&gt;&#34;], &#34;log&#34;: &#34;menu_list = &amp;lt;Automation_Scripts.orange_menu_validation.Menu_validation object at 0x000001C4E3E18D70&amp;gt;\n\n    def test_dashboard_menu_selected(menu_list):\n        dashboard_menu = WebDriverWait(menu_list.driver, 20).until(\n            EC.visibility_of_element_located((By.XPATH, locators.WebLocators().dashboard)))\n&amp;gt;       assert dashboard_menu.is_selected()\nE       assert False\nE        +  where False = &amp;lt;bound method WebElement.is_selected of &amp;lt;selenium.webdriver.remote.webelement.WebElement (session=&amp;quot;975aecba-dc85-4959-abc7-ddc291767ba2&amp;quot;, element=&amp;quot;b283768e-8cf4-45b0-9acb-24f4094d3e89&amp;quot;)&amp;gt;&amp;gt;()\nE        +    where &amp;lt;bound method WebElement.is_selected of &amp;lt;selenium.webdriver.remote.webelement.WebElement (session=&amp;quot;975aecba-dc85-4959-abc7-ddc291767ba2&amp;quot;, element=&amp;quot;b283768e-8cf4-45b0-9acb-24f4094d3e89&amp;quot;)&amp;gt;&amp;gt; = &amp;lt;selenium.webdriver.remote.webelement.WebElement (session=&amp;quot;975aecba-dc85-4959-abc7-ddc291767ba2&amp;quot;, element=&amp;quot;b283768e-8cf4-45b0-9acb-24f4094d3e89&amp;quot;)&amp;gt;.is_selected\n\ntest_orange_menu_validation.py:406: AssertionError\n\n---------------------------- Captured stdout setup -----------------------------\nBrowser started successfully.\nError during login: Message: \nStacktrace:\nRemoteError@chrome://remote/content/shared/RemoteError.sys.mjs:8:8\nWebDriverError@chrome://remote/content/shared/webdriver/Errors.sys.mjs:191:5\nNoSuchElementError@chrome://remote/content/shared/webdriver/Errors.sys.mjs:509:5\ndom.find/&amp;lt;/&amp;lt;@chrome://remote/content/shared/DOM.sys.mjs:136:16\n\n&#34;}], &#34;test_orange_menu_validation.py::test_dashboard_menu_not_selected&#34;: [{&#34;extras&#34;: [], &#34;result&#34;: &#34;Passed&#34;, &#34;testId&#34;: &#34;test_orange_menu_validation.py::test_dashboard_menu_not_selected&#34;, &#34;duration&#34;: &#34;00:00:23&#34;, &#34;resultsTableRow&#34;: [&#34;&lt;td class=\&#34;col-result\&#34;&gt;Passed&lt;/td&gt;&#34;, &#34;&lt;td class=\&#34;col-testId\&#34;&gt;test_orange_menu_validation.py::test_dashboard_menu_not_selected&lt;/td&gt;&#34;, &#34;&lt;td class=\&#34;col-duration\&#34;&gt;00:00:23&lt;/td&gt;&#34;, &#34;&lt;td class=\&#34;col-links\&#34;&gt;&lt;/td&gt;&#34;], &#34;log&#34;: &#34;---------------------------- Captured stdout setup -----------------------------\nBrowser started successfully.\nError during login: Message: \nStacktrace:\nRemoteError@chrome://remote/content/shared/RemoteError.sys.mjs:8:8\nWebDriverError@chrome://remote/content/shared/webdriver/Errors.sys.mjs:191:5\nNoSuchElementError@chrome://remote/content/shared/webdriver/Errors.sys.mjs:509:5\ndom.find/&amp;lt;/&amp;lt;@chrome://remote/content/shared/DOM.sys.mjs:136:16\n\n&#34;}], &#34;test_orange_menu_validation.py::test_directory_menu_label_present&#34;: [{&#34;extras&#34;: [], &#34;result&#34;: &#34;Passed&#34;, &#34;testId&#34;: &#34;test_orange_menu_validation.py::test_directory_menu_label_present&#34;, &#34;duration&#34;: &#34;00:00:22&#34;, &#34;resultsTableRow&#34;: [&#34;&lt;td class=\&#34;col-result\&#34;&gt;Passed&lt;/td&gt;&#34;, &#34;&lt;td class=\&#34;col-testId\&#34;&gt;test_orange_menu_validation.py::test_directory_menu_label_present&lt;/td&gt;&#34;, &#34;&lt;td class=\&#34;col-duration\&#34;&gt;00:00:22&lt;/td&gt;&#34;, &#34;&lt;td class=\&#34;col-links\&#34;&gt;&lt;/td&gt;&#34;], &#34;log&#34;: &#34;---------------------------- Captured stdout setup -----------------------------\nBrowser started successfully.\nError during login: Message: \nStacktrace:\nRemoteError@chrome://remote/content/shared/RemoteError.sys.mjs:8:8\nWebDriverError@chrome://remote/content/shared/webdriver/Errors.sys.mjs:191:5\nNoSuchElementError@chrome://remote/content/shared/webdriver/Errors.sys.mjs:509:5\ndom.find/&amp;lt;/&amp;lt;@chrome://remote/content/shared/DOM.sys.mjs:136:16\n\n&#34;}], &#34;test_orange_menu_validation.py::test_directory_menu_label_absent&#34;: [{&#34;extras&#34;: [], &#34;result&#34;: &#34;Failed&#34;, &#34;testId&#34;: &#34;test_orange_menu_validation.py::test_directory_menu_label_absent&#34;, &#34;duration&#34;: &#34;00:00:23&#34;, &#34;resultsTableRow&#34;: [&#34;&lt;td class=\&#34;col-result\&#34;&gt;Failed&lt;/td&gt;&#34;, &#34;&lt;td class=\&#34;col-testId\&#34;&gt;test_orange_menu_validation.py::test_directory_menu_label_absent&lt;/td&gt;&#34;, &#34;&lt;td class=\&#34;col-duration\&#34;&gt;00:00:23&lt;/td&gt;&#34;, &#34;&lt;td class=\&#34;col-links\&#34;&gt;&lt;/td&gt;&#34;], &#34;log&#34;: &#34;menu_list = &amp;lt;Automation_Scripts.orange_menu_validation.Menu_validation object at 0x000001C4E3E199D0&amp;gt;\n\n    def test_directory_menu_label_absent(menu_list):\n        directory_menu = WebDriverWait(menu_list.driver, 20).until(\n            EC.visibility_of_element_located((By.XPATH, locators.WebLocators().directory)))\n&amp;gt;       assert &amp;quot;Directory&amp;quot; not in directory_menu.text\nE       AssertionError: assert &amp;#x27;Directory&amp;#x27; not in &amp;#x27;Directory&amp;#x27;\nE         &amp;#x27;Directory&amp;#x27; is contained here:\nE           Directory\n\ntest_orange_menu_validation.py:425: AssertionError\n\n---------------------------- Captured stdout setup -----------------------------\nBrowser started successfully.\nError during login: Message: \nStacktrace:\nRemoteError@chrome://remote/content/shared/RemoteError.sys.mjs:8:8\nWebDriverError@chrome://remote/content/shared/webdriver/Errors.sys.mjs:191:5\nNoSuchElementError@chrome://remote/content/shared/webdriver/Errors.sys.mjs:509:5\ndom.find/&amp;lt;/&amp;lt;@chrome://remote/content/shared/DOM.sys.mjs:136:16\n\n&#34;}], &#34;test_orange_menu_validation.py::test_directory_menu_displayed&#34;: [{&#34;extras&#34;: [], &#34;result&#34;: &#34;Passed&#34;, &#34;testId&#34;: &#34;test_orange_menu_validation.py::test_directory_menu_displayed&#34;, &#34;duration&#34;: &#34;00:00:23&#34;, &#34;resultsTableRow&#34;: [&#34;&lt;td class=\&#34;col-result\&#34;&gt;Passed&lt;/td&gt;&#34;, &#34;&lt;td class=\&#34;col-testId\&#34;&gt;test_orange_menu_validation.py::test_directory_menu_displayed&lt;/td&gt;&#34;, &#34;&lt;td class=\&#34;col-duration\&#34;&gt;00:00:23&lt;/td&gt;&#34;, &#34;&lt;td class=\&#34;col-links\&#34;&gt;&lt;/td&gt;&#34;], &#34;log&#34;: &#34;---------------------------- Captured stdout setup -----------------------------\nBrowser started successfully.\nError during login: Message: \nStacktrace:\nRemoteError@chrome://remote/content/shared/RemoteError.sys.mjs:8:8\nWebDriverError@chrome://remote/content/shared/webdriver/Errors.sys.mjs:191:5\nNoSuchElementError@chrome://remote/content/shared/webdriver/Errors.sys.mjs:509:5\ndom.find/&amp;lt;/&amp;lt;@chrome://remote/content/shared/DOM.sys.mjs:136:16\n\n&#34;}], &#34;test_orange_menu_validation.py::test_directory_menu_not_displayed&#34;: [{&#34;extras&#34;: [], &#34;result&#34;: &#34;Failed&#34;, &#34;testId&#34;: &#34;test_orange_menu_validation.py::test_directory_menu_not_displayed&#34;, &#34;duration&#34;: &#34;00:00:23&#34;, &#34;resultsTableRow&#34;: [&#34;&lt;td class=\&#34;col-result\&#34;&gt;Failed&lt;/td&gt;&#34;, &#34;&lt;td class=\&#34;col-testId\&#34;&gt;test_orange_menu_validation.py::test_directory_menu_not_displayed&lt;/td&gt;&#34;, &#34;&lt;td class=\&#34;col-duration\&#34;&gt;00:00:23&lt;/td&gt;&#34;, &#34;&lt;td class=\&#34;col-links\&#34;&gt;&lt;/td&gt;&#34;], &#34;log&#34;: &#34;menu_list = &amp;lt;Automation_Scripts.orange_menu_validation.Menu_validation object at 0x000001C4E3E19A00&amp;gt;\n\n    def test_directory_menu_not_displayed(menu_list):\n        directory_menu = WebDriverWait(menu_list.driver, 20).until(\n            EC.visibility_of_element_located((By.XPATH, locators.WebLocators().directory)))\n&amp;gt;       assert not directory_menu.is_displayed()\nE       assert not True\nE        +  where True = &amp;lt;bound method WebElement.is_displayed of &amp;lt;selenium.webdriver.remote.webelement.WebElement (session=&amp;quot;975aecba-dc85-4959-abc7-ddc291767ba2&amp;quot;, element=&amp;quot;9dcb0946-1d8e-4231-90fb-e64857423d91&amp;quot;)&amp;gt;&amp;gt;()\nE        +    where &amp;lt;bound method WebElement.is_displayed of &amp;lt;selenium.webdriver.remote.webelement.WebElement (session=&amp;quot;975aecba-dc85-4959-abc7-ddc291767ba2&amp;quot;, element=&amp;quot;9dcb0946-1d8e-4231-90fb-e64857423d91&amp;quot;)&amp;gt;&amp;gt; = &amp;lt;selenium.webdriver.remote.webelement.WebElement (session=&amp;quot;975aecba-dc85-4959-abc7-ddc291767ba2&amp;quot;, element=&amp;quot;9dcb0946-1d8e-4231-90fb-e64857423d91&amp;quot;)&amp;gt;.is_displayed\n\ntest_orange_menu_validation.py:437: AssertionError\n\n---------------------------- Captured stdout setup -----------------------------\nBrowser started successfully.\nError during login: Message: \nStacktrace:\nRemoteError@chrome://remote/content/shared/RemoteError.sys.mjs:8:8\nWebDriverError@chrome://remote/content/shared/webdriver/Errors.sys.mjs:191:5\nNoSuchElementError@chrome://remote/content/shared/webdriver/Errors.sys.mjs:509:5\ndom.find/&amp;lt;/&amp;lt;@chrome://remote/content/shared/DOM.sys.mjs:136:16\n\n&#34;}], &#34;test_orange_menu_validation.py::test_directory_menu_enabled&#34;: [{&#34;extras&#34;: [], &#34;result&#34;: &#34;Passed&#34;, &#34;testId&#34;: &#34;test_orange_menu_validation.py::test_directory_menu_enabled&#34;, &#34;duration&#34;: &#34;00:00:23&#34;, &#34;resultsTableRow&#34;: [&#34;&lt;td class=\&#34;col-result\&#34;&gt;Passed&lt;/td&gt;&#34;, &#34;&lt;td class=\&#34;col-testId\&#34;&gt;test_orange_menu_validation.py::test_directory_menu_enabled&lt;/td&gt;&#34;, &#34;&lt;td class=\&#34;col-duration\&#34;&gt;00:00:23&lt;/td&gt;&#34;, &#34;&lt;td class=\&#34;col-links\&#34;&gt;&lt;/td&gt;&#34;], &#34;log&#34;: &#34;---------------------------- Captured stdout setup -----------------------------\nBrowser started successfully.\nError during login: Message: \nStacktrace:\nRemoteError@chrome://remote/content/shared/RemoteError.sys.mjs:8:8\nWebDriverError@chrome://remote/content/shared/webdriver/Errors.sys.mjs:191:5\nNoSuchElementError@chrome://remote/content/shared/webdriver/Errors.sys.mjs:509:5\ndom.find/&amp;lt;/&amp;lt;@chrome://remote/content/shared/DOM.sys.mjs:136:16\n\n&#34;}], &#34;test_orange_menu_validation.py::test_directory_menu_not_enabled&#34;: [{&#34;extras&#34;: [], &#34;result&#34;: &#34;Failed&#34;, &#34;testId&#34;: &#34;test_orange_menu_validation.py::test_directory_menu_not_enabled&#34;, &#34;duration&#34;: &#34;00:00:22&#34;, &#34;resultsTableRow&#34;: [&#34;&lt;td class=\&#34;col-result\&#34;&gt;Failed&lt;/td&gt;&#34;, &#34;&lt;td class=\&#34;col-testId\&#34;&gt;test_orange_menu_validation.py::test_directory_menu_not_enabled&lt;/td&gt;&#34;, &#34;&lt;td class=\&#34;col-duration\&#34;&gt;00:00:22&lt;/td&gt;&#34;, &#34;&lt;td class=\&#34;col-links\&#34;&gt;&lt;/td&gt;&#34;], &#34;log&#34;: &#34;menu_list = &amp;lt;Automation_Scripts.orange_menu_validation.Menu_validation object at 0x000001C4E3E1A600&amp;gt;\n\n    def test_directory_menu_not_enabled(menu_list):\n        directory_menu = WebDriverWait(menu_list.driver, 20).until(\n            EC.visibility_of_element_located((By.XPATH, locators.WebLocators().directory)))\n&amp;gt;       assert not directory_menu.is_enabled()\nE       assert not True\nE        +  where True = &amp;lt;bound method WebElement.is_enabled of &amp;lt;selenium.webdriver.remote.webelement.WebElement (session=&amp;quot;975aecba-dc85-4959-abc7-ddc291767ba2&amp;quot;, element=&amp;quot;59e67c13-d24b-4912-b209-4372e2231053&amp;quot;)&amp;gt;&amp;gt;()\nE        +    where &amp;lt;bound method WebElement.is_enabled of &amp;lt;selenium.webdriver.remote.webelement.WebElement (session=&amp;quot;975aecba-dc85-4959-abc7-ddc291767ba2&amp;quot;, element=&amp;quot;59e67c13-d24b-4912-b209-4372e2231053&amp;quot;)&amp;gt;&amp;gt; = &amp;lt;selenium.webdriver.remote.webelement.WebElement (session=&amp;quot;975aecba-dc85-4959-abc7-ddc291767ba2&amp;quot;, element=&amp;quot;59e67c13-d24b-4912-b209-4372e2231053&amp;quot;)&amp;gt;.is_enabled\n\ntest_orange_menu_validation.py:449: AssertionError\n\n---------------------------- Captured stdout setup -----------------------------\nBrowser started successfully.\nError during login: Message: \nStacktrace:\nRemoteError@chrome://remote/content/shared/RemoteError.sys.mjs:8:8\nWebDriverError@chrome://remote/content/shared/webdriver/Errors.sys.mjs:191:5\nNoSuchElementError@chrome://remote/content/shared/webdriver/Errors.sys.mjs:509:5\ndom.find/&amp;lt;/&amp;lt;@chrome://remote/content/shared/DOM.sys.mjs:136:16\n\n&#34;}], &#34;test_orange_menu_validation.py::test_directory_menu_selected&#34;: [{&#34;extras&#34;: [], &#34;result&#34;: &#34;Failed&#34;, &#34;testId&#34;: &#34;test_orange_menu_validation.py::test_directory_menu_selected&#34;, &#34;duration&#34;: &#34;00:00:23&#34;, &#34;resultsTableRow&#34;: [&#34;&lt;td class=\&#34;col-result\&#34;&gt;Failed&lt;/td&gt;&#34;, &#34;&lt;td class=\&#34;col-testId\&#34;&gt;test_orange_menu_validation.py::test_directory_menu_selected&lt;/td&gt;&#34;, &#34;&lt;td class=\&#34;col-duration\&#34;&gt;00:00:23&lt;/td&gt;&#34;, &#34;&lt;td class=\&#34;col-links\&#34;&gt;&lt;/td&gt;&#34;], &#34;log&#34;: &#34;menu_list = &amp;lt;Automation_Scripts.orange_menu_validation.Menu_validation object at 0x000001C4E3E1B5C0&amp;gt;\n\n    def test_directory_menu_selected(menu_list):\n        directory_menu = WebDriverWait(menu_list.driver, 20).until(\n            EC.visibility_of_element_located((By.XPATH, locators.WebLocators().directory)))\n&amp;gt;       assert directory_menu.is_selected()\nE       assert False\nE        +  where False = &amp;lt;bound method WebElement.is_selected of &amp;lt;selenium.webdriver.remote.webelement.WebElement (session=&amp;quot;975aecba-dc85-4959-abc7-ddc291767ba2&amp;quot;, element=&amp;quot;bee7fdf6-54b8-4aa5-bd01-9ebb312ea27e&amp;quot;)&amp;gt;&amp;gt;()\nE        +    where &amp;lt;bound method WebElement.is_selected of &amp;lt;selenium.webdriver.remote.webelement.WebElement (session=&amp;quot;975aecba-dc85-4959-abc7-ddc291767ba2&amp;quot;, element=&amp;quot;bee7fdf6-54b8-4aa5-bd01-9ebb312ea27e&amp;quot;)&amp;gt;&amp;gt; = &amp;lt;selenium.webdriver.remote.webelement.WebElement (session=&amp;quot;975aecba-dc85-4959-abc7-ddc291767ba2&amp;quot;, element=&amp;quot;bee7fdf6-54b8-4aa5-bd01-9ebb312ea27e&amp;quot;)&amp;gt;.is_selected\n\ntest_orange_menu_validation.py:455: AssertionError\n\n---------------------------- Captured stdout setup -----------------------------\nBrowser started successfully.\nError during login: Message: \nStacktrace:\nRemoteError@chrome://remote/content/shared/RemoteError.sys.mjs:8:8\nWebDriverError@chrome://remote/content/shared/webdriver/Errors.sys.mjs:191:5\nNoSuchElementError@chrome://remote/content/shared/webdriver/Errors.sys.mjs:509:5\ndom.find/&amp;lt;/&amp;lt;@chrome://remote/content/shared/DOM.sys.mjs:136:16\n\n&#34;}], &#34;test_orange_menu_validation.py::test_directory_menu_not_selected&#34;: [{&#34;extras&#34;: [], &#34;result&#34;: &#34;Passed&#34;, &#34;testId&#34;: &#34;test_orange_menu_validation.py::test_directory_menu_not_selected&#34;, &#34;duration&#34;: &#34;00:00:23&#34;, &#34;resultsTableRow&#34;: [&#34;&lt;td class=\&#34;col-result\&#34;&gt;Passed&lt;/td&gt;&#34;, &#34;&lt;td class=\&#34;col-testId\&#34;&gt;test_orange_menu_validation.py::test_directory_menu_not_selected&lt;/td&gt;&#34;, &#34;&lt;td class=\&#34;col-duration\&#34;&gt;00:00:23&lt;/td&gt;&#34;, &#34;&lt;td class=\&#34;col-links\&#34;&gt;&lt;/td&gt;&#34;], &#34;log&#34;: &#34;---------------------------- Captured stdout setup -----------------------------\nBrowser started successfully.\nError during login: Message: \nStacktrace:\nRemoteError@chrome://remote/content/shared/RemoteError.sys.mjs:8:8\nWebDriverError@chrome://remote/content/shared/webdriver/Errors.sys.mjs:191:5\nNoSuchElementError@chrome://remote/content/shared/webdriver/Errors.sys.mjs:509:5\ndom.find/&amp;lt;/&amp;lt;@chrome://remote/content/shared/DOM.sys.mjs:136:16\n\n&#34;}], &#34;test_orange_menu_validation.py::test_maintenance_menu_label_present&#34;: [{&#34;extras&#34;: [], &#34;result&#34;: &#34;Passed&#34;, &#34;testId&#34;: &#34;test_orange_menu_validation.py::test_maintenance_menu_label_present&#34;, &#34;duration&#34;: &#34;00:00:23&#34;, &#34;resultsTableRow&#34;: [&#34;&lt;td class=\&#34;col-result\&#34;&gt;Passed&lt;/td&gt;&#34;, &#34;&lt;td class=\&#34;col-testId\&#34;&gt;test_orange_menu_validation.py::test_maintenance_menu_label_present&lt;/td&gt;&#34;, &#34;&lt;td class=\&#34;col-duration\&#34;&gt;00:00:23&lt;/td&gt;&#34;, &#34;&lt;td class=\&#34;col-links\&#34;&gt;&lt;/td&gt;&#34;], &#34;log&#34;: &#34;---------------------------- Captured stdout setup -----------------------------\nBrowser started successfully.\nError during login: Message: \nStacktrace:\nRemoteError@chrome://remote/content/shared/RemoteError.sys.mjs:8:8\nWebDriverError@chrome://remote/content/shared/webdriver/Errors.sys.mjs:191:5\nNoSuchElementError@chrome://remote/content/shared/webdriver/Errors.sys.mjs:509:5\ndom.find/&amp;lt;/&amp;lt;@chrome://remote/content/shared/DOM.sys.mjs:136:16\n\n&#34;}], &#34;test_orange_menu_validation.py::test_maintenance_menu_label_absent&#34;: [{&#34;extras&#34;: [], &#34;result&#34;: &#34;Failed&#34;, &#34;testId&#34;: &#34;test_orange_menu_validation.py::test_maintenance_menu_label_absent&#34;, &#34;duration&#34;: &#34;00:00:23&#34;, &#34;resultsTableRow&#34;: [&#34;&lt;td class=\&#34;col-result\&#34;&gt;Failed&lt;/td&gt;&#34;, &#34;&lt;td class=\&#34;col-testId\&#34;&gt;test_orange_menu_validation.py::test_maintenance_menu_label_absent&lt;/td&gt;&#34;, &#34;&lt;td class=\&#34;col-duration\&#34;&gt;00:00:23&lt;/td&gt;&#34;, &#34;&lt;td class=\&#34;col-links\&#34;&gt;&lt;/td&gt;&#34;], &#34;log&#34;: &#34;menu_list = &amp;lt;Automation_Scripts.orange_menu_validation.Menu_validation object at 0x000001C4E3DB82C0&amp;gt;\n\n    def test_maintenance_menu_label_absent(menu_list):\n        maintenance_menu = WebDriverWait(menu_list.driver, 20).until(\n            EC.visibility_of_element_located((By.XPATH, locators.WebLocators().maintenance)))\n&amp;gt;       assert &amp;quot;Maintenance&amp;quot; not in maintenance_menu.text\nE       AssertionError: assert &amp;#x27;Maintenance&amp;#x27; not in &amp;#x27;Maintenance&amp;#x27;\nE         &amp;#x27;Maintenance&amp;#x27; is contained here:\nE           Maintenance\n\ntest_orange_menu_validation.py:474: AssertionError\n\n---------------------------- Captured stdout setup -----------------------------\nBrowser started successfully.\nError during login: Message: \nStacktrace:\nRemoteError@chrome://remote/content/shared/RemoteError.sys.mjs:8:8\nWebDriverError@chrome://remote/content/shared/webdriver/Errors.sys.mjs:191:5\nNoSuchElementError@chrome://remote/content/shared/webdriver/Errors.sys.mjs:509:5\ndom.find/&amp;lt;/&amp;lt;@chrome://remote/content/shared/DOM.sys.mjs:136:16\n\n&#34;}], &#34;test_orange_menu_validation.py::test_maintenance_menu_displayed&#34;: [{&#34;extras&#34;: [], &#34;result&#34;: &#34;Passed&#34;, &#34;testId&#34;: &#34;test_orange_menu_validation.py::test_maintenance_menu_displayed&#34;, &#34;duration&#34;: &#34;00:00:23&#34;, &#34;resultsTableRow&#34;: [&#34;&lt;td class=\&#34;col-result\&#34;&gt;Passed&lt;/td&gt;&#34;, &#34;&lt;td class=\&#34;col-testId\&#34;&gt;test_orange_menu_validation.py::test_maintenance_menu_displayed&lt;/td&gt;&#34;, &#34;&lt;td class=\&#34;col-duration\&#34;&gt;00:00:23&lt;/td&gt;&#34;, &#34;&lt;td class=\&#34;col-links\&#34;&gt;&lt;/td&gt;&#34;], &#34;log&#34;: &#34;---------------------------- Captured stdout setup -----------------------------\nBrowser started successfully.\nError during login: Message: \nStacktrace:\nRemoteError@chrome://remote/content/shared/RemoteError.sys.mjs:8:8\nWebDriverError@chrome://remote/content/shared/webdriver/Errors.sys.mjs:191:5\nNoSuchElementError@chrome://remote/content/shared/webdriver/Errors.sys.mjs:509:5\ndom.find/&amp;lt;/&amp;lt;@chrome://remote/content/shared/DOM.sys.mjs:136:16\n\n&#34;}], &#34;test_orange_menu_validation.py::test_maintenance_menu_not_displayed&#34;: [{&#34;extras&#34;: [], &#34;result&#34;: &#34;Failed&#34;, &#34;testId&#34;: &#34;test_orange_menu_validation.py::test_maintenance_menu_not_displayed&#34;, &#34;duration&#34;: &#34;00:00:23&#34;, &#34;resultsTableRow&#34;: [&#34;&lt;td class=\&#34;col-result\&#34;&gt;Failed&lt;/td&gt;&#34;, &#34;&lt;td class=\&#34;col-testId\&#34;&gt;test_orange_menu_validation.py::test_maintenance_menu_not_displayed&lt;/td&gt;&#34;, &#34;&lt;td class=\&#34;col-duration\&#34;&gt;00:00:23&lt;/td&gt;&#34;, &#34;&lt;td class=\&#34;col-links\&#34;&gt;&lt;/td&gt;&#34;], &#34;log&#34;: &#34;menu_list = &amp;lt;Automation_Scripts.orange_menu_validation.Menu_validation object at 0x000001C4E3E1A7B0&amp;gt;\n\n    def test_maintenance_menu_not_displayed(menu_list):\n        maintenance_menu = WebDriverWait(menu_list.driver, 20).until(\n            EC.visibility_of_element_located((By.XPATH, locators.WebLocators().maintenance)))\n&amp;gt;       assert not maintenance_menu.is_displayed()\nE       assert not True\nE        +  where True = &amp;lt;bound method WebElement.is_displayed of &amp;lt;selenium.webdriver.remote.webelement.WebElement (session=&amp;quot;975aecba-dc85-4959-abc7-ddc291767ba2&amp;quot;, element=&amp;quot;ba1ec311-561a-4f13-9ca0-32bcc07c39ef&amp;quot;)&amp;gt;&amp;gt;()\nE        +    where &amp;lt;bound method WebElement.is_displayed of &amp;lt;selenium.webdriver.remote.webelement.WebElement (session=&amp;quot;975aecba-dc85-4959-abc7-ddc291767ba2&amp;quot;, element=&amp;quot;ba1ec311-561a-4f13-9ca0-32bcc07c39ef&amp;quot;)&amp;gt;&amp;gt; = &amp;lt;selenium.webdriver.remote.webelement.WebElement (session=&amp;quot;975aecba-dc85-4959-abc7-ddc291767ba2&amp;quot;, element=&amp;quot;ba1ec311-561a-4f13-9ca0-32bcc07c39ef&amp;quot;)&amp;gt;.is_displayed\n\ntest_orange_menu_validation.py:486: AssertionError\n\n---------------------------- Captured stdout setup -----------------------------\nBrowser started successfully.\nError during login: Message: \nStacktrace:\nRemoteError@chrome://remote/content/shared/RemoteError.sys.mjs:8:8\nWebDriverError@chrome://remote/content/shared/webdriver/Errors.sys.mjs:191:5\nNoSuchElementError@chrome://remote/content/shared/webdriver/Errors.sys.mjs:509:5\ndom.find/&amp;lt;/&amp;lt;@chrome://remote/content/shared/DOM.sys.mjs:136:16\n\n&#34;}], &#34;test_orange_menu_validation.py::test_maintenance_menu_enabled&#34;: [{&#34;extras&#34;: [], &#34;result&#34;: &#34;Passed&#34;, &#34;testId&#34;: &#34;test_orange_menu_validation.py::test_maintenance_menu_enabled&#34;, &#34;duration&#34;: &#34;00:00:23&#34;, &#34;resultsTableRow&#34;: [&#34;&lt;td class=\&#34;col-result\&#34;&gt;Passed&lt;/td&gt;&#34;, &#34;&lt;td class=\&#34;col-testId\&#34;&gt;test_orange_menu_validation.py::test_maintenance_menu_enabled&lt;/td&gt;&#34;, &#34;&lt;td class=\&#34;col-duration\&#34;&gt;00:00:23&lt;/td&gt;&#34;, &#34;&lt;td class=\&#34;col-links\&#34;&gt;&lt;/td&gt;&#34;], &#34;log&#34;: &#34;---------------------------- Captured stdout setup -----------------------------\nBrowser started successfully.\nError during login: Message: \nStacktrace:\nRemoteError@chrome://remote/content/shared/RemoteError.sys.mjs:8:8\nWebDriverError@chrome://remote/content/shared/webdriver/Errors.sys.mjs:191:5\nNoSuchElementError@chrome://remote/content/shared/webdriver/Errors.sys.mjs:509:5\ndom.find/&amp;lt;/&amp;lt;@chrome://remote/content/shared/DOM.sys.mjs:136:16\n\n&#34;}], &#34;test_orange_menu_validation.py::test_maintenance_menu_not_enabled&#34;: [{&#34;extras&#34;: [], &#34;result&#34;: &#34;Failed&#34;, &#34;testId&#34;: &#34;test_orange_menu_validation.py::test_maintenance_menu_not_enabled&#34;, &#34;duration&#34;: &#34;00:00:23&#34;, &#34;resultsTableRow&#34;: [&#34;&lt;td class=\&#34;col-result\&#34;&gt;Failed&lt;/td&gt;&#34;, &#34;&lt;td class=\&#34;col-testId\&#34;&gt;test_orange_menu_validation.py::test_maintenance_menu_not_enabled&lt;/td&gt;&#34;, &#34;&lt;td class=\&#34;col-duration\&#34;&gt;00:00:23&lt;/td&gt;&#34;, &#34;&lt;td class=\&#34;col-links\&#34;&gt;&lt;/td&gt;&#34;], &#34;log&#34;: &#34;menu_list = &amp;lt;Automation_Scripts.orange_menu_validation.Menu_validation object at 0x000001C4E3E1B8C0&amp;gt;\n\n    def test_maintenance_menu_not_enabled(menu_list):\n        maintenance_menu = WebDriverWait(menu_list.driver, 20).until(\n            EC.visibility_of_element_located((By.XPATH, locators.WebLocators().maintenance)))\n&amp;gt;       assert not maintenance_menu.is_enabled()\nE       assert not True\nE        +  where True = &amp;lt;bound method WebElement.is_enabled of &amp;lt;selenium.webdriver.remote.webelement.WebElement (session=&amp;quot;975aecba-dc85-4959-abc7-ddc291767ba2&amp;quot;, element=&amp;quot;8832d457-e5b1-4be0-9e1e-8b076c14599f&amp;quot;)&amp;gt;&amp;gt;()\nE        +    where &amp;lt;bound method WebElement.is_enabled of &amp;lt;selenium.webdriver.remote.webelement.WebElement (session=&amp;quot;975aecba-dc85-4959-abc7-ddc291767ba2&amp;quot;, element=&amp;quot;8832d457-e5b1-4be0-9e1e-8b076c14599f&amp;quot;)&amp;gt;&amp;gt; = &amp;lt;selenium.webdriver.remote.webelement.WebElement (session=&amp;quot;975aecba-dc85-4959-abc7-ddc291767ba2&amp;quot;, element=&amp;quot;8832d457-e5b1-4be0-9e1e-8b076c14599f&amp;quot;)&amp;gt;.is_enabled\n\ntest_orange_menu_validation.py:498: AssertionError\n\n---------------------------- Captured stdout setup -----------------------------\nBrowser started successfully.\nError during login: Message: \nStacktrace:\nRemoteError@chrome://remote/content/shared/RemoteError.sys.mjs:8:8\nWebDriverError@chrome://remote/content/shared/webdriver/Errors.sys.mjs:191:5\nNoSuchElementError@chrome://remote/content/shared/webdriver/Errors.sys.mjs:509:5\ndom.find/&amp;lt;/&amp;lt;@chrome://remote/content/shared/DOM.sys.mjs:136:16\n\n&#34;}], &#34;test_orange_menu_validation.py::test_maintenance_menu_selected&#34;: [{&#34;extras&#34;: [], &#34;result&#34;: &#34;Failed&#34;, &#34;testId&#34;: &#34;test_orange_menu_validation.py::test_maintenance_menu_selected&#34;, &#34;duration&#34;: &#34;00:00:23&#34;, &#34;resultsTableRow&#34;: [&#34;&lt;td class=\&#34;col-result\&#34;&gt;Failed&lt;/td&gt;&#34;, &#34;&lt;td class=\&#34;col-testId\&#34;&gt;test_orange_menu_validation.py::test_maintenance_menu_selected&lt;/td&gt;&#34;, &#34;&lt;td class=\&#34;col-duration\&#34;&gt;00:00:23&lt;/td&gt;&#34;, &#34;&lt;td class=\&#34;col-links\&#34;&gt;&lt;/td&gt;&#34;], &#34;log&#34;: &#34;menu_list = &amp;lt;Automation_Scripts.orange_menu_validation.Menu_validation object at 0x000001C4E3E18230&amp;gt;\n\n    def test_maintenance_menu_selected(menu_list):\n        maintenance_menu = WebDriverWait(menu_list.driver, 20).until(\n            EC.visibility_of_element_located((By.XPATH, locators.WebLocators().maintenance)))\n&amp;gt;       assert maintenance_menu.is_selected()\nE       assert False\nE        +  where False = &amp;lt;bound method WebElement.is_selected of &amp;lt;selenium.webdriver.remote.webelement.WebElement (session=&amp;quot;975aecba-dc85-4959-abc7-ddc291767ba2&amp;quot;, element=&amp;quot;8d012956-4fa6-4480-8838-158fb280b6ee&amp;quot;)&amp;gt;&amp;gt;()\nE        +    where &amp;lt;bound method WebElement.is_selected of &amp;lt;selenium.webdriver.remote.webelement.WebElement (session=&amp;quot;975aecba-dc85-4959-abc7-ddc291767ba2&amp;quot;, element=&amp;quot;8d012956-4fa6-4480-8838-158fb280b6ee&amp;quot;)&amp;gt;&amp;gt; = &amp;lt;selenium.webdriver.remote.webelement.WebElement (session=&amp;quot;975aecba-dc85-4959-abc7-ddc291767ba2&amp;quot;, element=&amp;quot;8d012956-4fa6-4480-8838-158fb280b6ee&amp;quot;)&amp;gt;.is_selected\n\ntest_orange_menu_validation.py:504: AssertionError\n\n---------------------------- Captured stdout setup -----------------------------\nBrowser started successfully.\nError during login: Message: \nStacktrace:\nRemoteError@chrome://remote/content/shared/RemoteError.sys.mjs:8:8\nWebDriverError@chrome://remote/content/shared/webdriver/Errors.sys.mjs:191:5\nNoSuchElementError@chrome://remote/content/shared/webdriver/Errors.sys.mjs:509:5\ndom.find/&amp;lt;/&amp;lt;@chrome://remote/content/shared/DOM.sys.mjs:136:16\n\n&#34;}], &#34;test_orange_menu_validation.py::test_maintenance_menu_not_selected&#34;: [{&#34;extras&#34;: [], &#34;result&#34;: &#34;Passed&#34;, &#34;testId&#34;: &#34;test_orange_menu_validation.py::test_maintenance_menu_not_selected&#34;, &#34;duration&#34;: &#34;00:00:22&#34;, &#34;resultsTableRow&#34;: [&#34;&lt;td class=\&#34;col-result\&#34;&gt;Passed&lt;/td&gt;&#34;, &#34;&lt;td class=\&#34;col-testId\&#34;&gt;test_orange_menu_validation.py::test_maintenance_menu_not_selected&lt;/td&gt;&#34;, &#34;&lt;td class=\&#34;col-duration\&#34;&gt;00:00:22&lt;/td&gt;&#34;, &#34;&lt;td class=\&#34;col-links\&#34;&gt;&lt;/td&gt;&#34;], &#34;log&#34;: &#34;---------------------------- Captured stdout setup -----------------------------\nBrowser started successfully.\nError during login: Message: \nStacktrace:\nRemoteError@chrome://remote/content/shared/RemoteError.sys.mjs:8:8\nWebDriverError@chrome://remote/content/shared/webdriver/Errors.sys.mjs:191:5\nNoSuchElementError@chrome://remote/content/shared/webdriver/Errors.sys.mjs:509:5\ndom.find/&amp;lt;/&amp;lt;@chrome://remote/content/shared/DOM.sys.mjs:136:16\n\n&#34;}], &#34;test_orange_menu_validation.py::test_claim_menu_label_present&#34;: [{&#34;extras&#34;: [], &#34;result&#34;: &#34;Passed&#34;, &#34;testId&#34;: &#34;test_orange_menu_validation.py::test_claim_menu_label_present&#34;, &#34;duration&#34;: &#34;00:00:22&#34;, &#34;resultsTableRow&#34;: [&#34;&lt;td class=\&#34;col-result\&#34;&gt;Passed&lt;/td&gt;&#34;, &#34;&lt;td class=\&#34;col-testId\&#34;&gt;test_orange_menu_validation.py::test_claim_menu_label_present&lt;/td&gt;&#34;, &#34;&lt;td class=\&#34;col-duration\&#34;&gt;00:00:22&lt;/td&gt;&#34;, &#34;&lt;td class=\&#34;col-links\&#34;&gt;&lt;/td&gt;&#34;], &#34;log&#34;: &#34;---------------------------- Captured stdout setup -----------------------------\nBrowser started successfully.\nError during login: Message: \nStacktrace:\nRemoteError@chrome://remote/content/shared/RemoteError.sys.mjs:8:8\nWebDriverError@chrome://remote/content/shared/webdriver/Errors.sys.mjs:191:5\nNoSuchElementError@chrome://remote/content/shared/webdriver/Errors.sys.mjs:509:5\ndom.find/&amp;lt;/&amp;lt;@chrome://remote/content/shared/DOM.sys.mjs:136:16\n\n&#34;}], &#34;test_orange_menu_validation.py::test_claim_menu_label_absent&#34;: [{&#34;extras&#34;: [], &#34;result&#34;: &#34;Failed&#34;, &#34;testId&#34;: &#34;test_orange_menu_validation.py::test_claim_menu_label_absent&#34;, &#34;duration&#34;: &#34;00:00:22&#34;, &#34;resultsTableRow&#34;: [&#34;&lt;td class=\&#34;col-result\&#34;&gt;Failed&lt;/td&gt;&#34;, &#34;&lt;td class=\&#34;col-testId\&#34;&gt;test_orange_menu_validation.py::test_claim_menu_label_absent&lt;/td&gt;&#34;, &#34;&lt;td class=\&#34;col-duration\&#34;&gt;00:00:22&lt;/td&gt;&#34;, &#34;&lt;td class=\&#34;col-links\&#34;&gt;&lt;/td&gt;&#34;], &#34;log&#34;: &#34;menu_list = &amp;lt;Automation_Scripts.orange_menu_validation.Menu_validation object at 0x000001C4E3E04890&amp;gt;\n\n    def test_claim_menu_label_absent(menu_list):\n        claim_menu = WebDriverWait(menu_list.driver, 20).until(\n            EC.visibility_of_element_located((By.XPATH, locators.WebLocators().claim)))\n&amp;gt;       assert &amp;quot;Claim&amp;quot; not in claim_menu.text\nE       AssertionError: assert &amp;#x27;Claim&amp;#x27; not in &amp;#x27;Claim&amp;#x27;\nE         &amp;#x27;Claim&amp;#x27; is contained here:\nE           Claim\n\ntest_orange_menu_validation.py:523: AssertionError\n\n---------------------------- Captured stdout setup -----------------------------\nBrowser started successfully.\nError during login: Message: \nStacktrace:\nRemoteError@chrome://remote/content/shared/RemoteError.sys.mjs:8:8\nWebDriverError@chrome://remote/content/shared/webdriver/Errors.sys.mjs:191:5\nNoSuchElementError@chrome://remote/content/shared/webdriver/Errors.sys.mjs:509:5\ndom.find/&amp;lt;/&amp;lt;@chrome://remote/content/shared/DOM.sys.mjs:136:16\n\n&#34;}], &#34;test_orange_menu_validation.py::test_claim_menu_displayed&#34;: [{&#34;extras&#34;: [], &#34;result&#34;: &#34;Passed&#34;, &#34;testId&#34;: &#34;test_orange_menu_validation.py::test_claim_menu_displayed&#34;, &#34;duration&#34;: &#34;00:00:22&#34;, &#34;resultsTableRow&#34;: [&#34;&lt;td class=\&#34;col-result\&#34;&gt;Passed&lt;/td&gt;&#34;, &#34;&lt;td class=\&#34;col-testId\&#34;&gt;test_orange_menu_validation.py::test_claim_menu_displayed&lt;/td&gt;&#34;, &#34;&lt;td class=\&#34;col-duration\&#34;&gt;00:00:22&lt;/td&gt;&#34;, &#34;&lt;td class=\&#34;col-links\&#34;&gt;&lt;/td&gt;&#34;], &#34;log&#34;: &#34;---------------------------- Captured stdout setup -----------------------------\nBrowser started successfully.\nError during login: Message: \nStacktrace:\nRemoteError@chrome://remote/content/shared/RemoteError.sys.mjs:8:8\nWebDriverError@chrome://remote/content/shared/webdriver/Errors.sys.mjs:191:5\nNoSuchElementError@chrome://remote/content/shared/webdriver/Errors.sys.mjs:509:5\ndom.find/&amp;lt;/&amp;lt;@chrome://remote/content/shared/DOM.sys.mjs:136:16\n\n&#34;}], &#34;test_orange_menu_validation.py::test_claim_menu_not_displayed&#34;: [{&#34;extras&#34;: [], &#34;result&#34;: &#34;Failed&#34;, &#34;testId&#34;: &#34;test_orange_menu_validation.py::test_claim_menu_not_displayed&#34;, &#34;duration&#34;: &#34;00:00:22&#34;, &#34;resultsTableRow&#34;: [&#34;&lt;td class=\&#34;col-result\&#34;&gt;Failed&lt;/td&gt;&#34;, &#34;&lt;td class=\&#34;col-testId\&#34;&gt;test_orange_menu_validation.py::test_claim_menu_not_displayed&lt;/td&gt;&#34;, &#34;&lt;td class=\&#34;col-duration\&#34;&gt;00:00:22&lt;/td&gt;&#34;, &#34;&lt;td class=\&#34;col-links\&#34;&gt;&lt;/td&gt;&#34;], &#34;log&#34;: &#34;menu_list = &amp;lt;Automation_Scripts.orange_menu_validation.Menu_validation object at 0x000001C4E3D35DF0&amp;gt;\n\n    def test_claim_menu_not_displayed(menu_list):\n        claim_menu = WebDriverWait(menu_list.driver, 20).until(\n            EC.visibility_of_element_located((By.XPATH, locators.WebLocators().claim)))\n&amp;gt;       assert not claim_menu.is_displayed()\nE       assert not True\nE        +  where True = &amp;lt;bound method WebElement.is_displayed of &amp;lt;selenium.webdriver.remote.webelement.WebElement (session=&amp;quot;975aecba-dc85-4959-abc7-ddc291767ba2&amp;quot;, element=&amp;quot;808ab64b-ffac-424c-ac3a-87880e371afc&amp;quot;)&amp;gt;&amp;gt;()\nE        +    where &amp;lt;bound method WebElement.is_displayed of &amp;lt;selenium.webdriver.remote.webelement.WebElement (session=&amp;quot;975aecba-dc85-4959-abc7-ddc291767ba2&amp;quot;, element=&amp;quot;808ab64b-ffac-424c-ac3a-87880e371afc&amp;quot;)&amp;gt;&amp;gt; = &amp;lt;selenium.webdriver.remote.webelement.WebElement (session=&amp;quot;975aecba-dc85-4959-abc7-ddc291767ba2&amp;quot;, element=&amp;quot;808ab64b-ffac-424c-ac3a-87880e371afc&amp;quot;)&amp;gt;.is_displayed\n\ntest_orange_menu_validation.py:535: AssertionError\n\n---------------------------- Captured stdout setup -----------------------------\nBrowser started successfully.\nError during login: Message: \nStacktrace:\nRemoteError@chrome://remote/content/shared/RemoteError.sys.mjs:8:8\nWebDriverError@chrome://remote/content/shared/webdriver/Errors.sys.mjs:191:5\nNoSuchElementError@chrome://remote/content/shared/webdriver/Errors.sys.mjs:509:5\ndom.find/&amp;lt;/&amp;lt;@chrome://remote/content/shared/DOM.sys.mjs:136:16\n\n&#34;}], &#34;test_orange_menu_validation.py::test_claim_menu_enabled&#34;: [{&#34;extras&#34;: [], &#34;result&#34;: &#34;Passed&#34;, &#34;testId&#34;: &#34;test_orange_menu_validation.py::test_claim_menu_enabled&#34;, &#34;duration&#34;: &#34;00:00:22&#34;, &#34;resultsTableRow&#34;: [&#34;&lt;td class=\&#34;col-result\&#34;&gt;Passed&lt;/td&gt;&#34;, &#34;&lt;td class=\&#34;col-testId\&#34;&gt;test_orange_menu_validation.py::test_claim_menu_enabled&lt;/td&gt;&#34;, &#34;&lt;td class=\&#34;col-duration\&#34;&gt;00:00:22&lt;/td&gt;&#34;, &#34;&lt;td class=\&#34;col-links\&#34;&gt;&lt;/td&gt;&#34;], &#34;log&#34;: &#34;---------------------------- Captured stdout setup -----------------------------\nBrowser started successfully.\nError during login: Message: \nStacktrace:\nRemoteError@chrome://remote/content/shared/RemoteError.sys.mjs:8:8\nWebDriverError@chrome://remote/content/shared/webdriver/Errors.sys.mjs:191:5\nNoSuchElementError@chrome://remote/content/shared/webdriver/Errors.sys.mjs:509:5\ndom.find/&amp;lt;/&amp;lt;@chrome://remote/content/shared/DOM.sys.mjs:136:16\n\n&#34;}], &#34;test_orange_menu_validation.py::test_claim_menu_not_enabled&#34;: [{&#34;extras&#34;: [], &#34;result&#34;: &#34;Failed&#34;, &#34;testId&#34;: &#34;test_orange_menu_validation.py::test_claim_menu_not_enabled&#34;, &#34;duration&#34;: &#34;00:00:23&#34;, &#34;resultsTableRow&#34;: [&#34;&lt;td class=\&#34;col-result\&#34;&gt;Failed&lt;/td&gt;&#34;, &#34;&lt;td class=\&#34;col-testId\&#34;&gt;test_orange_menu_validation.py::test_claim_menu_not_enabled&lt;/td&gt;&#34;, &#34;&lt;td class=\&#34;col-duration\&#34;&gt;00:00:23&lt;/td&gt;&#34;, &#34;&lt;td class=\&#34;col-links\&#34;&gt;&lt;/td&gt;&#34;], &#34;log&#34;: &#34;menu_list = &amp;lt;Automation_Scripts.orange_menu_validation.Menu_validation object at 0x000001C4E3E1D8B0&amp;gt;\n\n    def test_claim_menu_not_enabled(menu_list):\n        claim_menu = WebDriverWait(menu_list.driver, 20).until(\n            EC.visibility_of_element_located((By.XPATH, locators.WebLocators().claim)))\n&amp;gt;       assert not claim_menu.is_enabled()\nE       assert not True\nE        +  where True = &amp;lt;bound method WebElement.is_enabled of &amp;lt;selenium.webdriver.remote.webelement.WebElement (session=&amp;quot;975aecba-dc85-4959-abc7-ddc291767ba2&amp;quot;, element=&amp;quot;a75e721d-5f23-41b9-b215-a74b35504ad3&amp;quot;)&amp;gt;&amp;gt;()\nE        +    where &amp;lt;bound method WebElement.is_enabled of &amp;lt;selenium.webdriver.remote.webelement.WebElement (session=&amp;quot;975aecba-dc85-4959-abc7-ddc291767ba2&amp;quot;, element=&amp;quot;a75e721d-5f23-41b9-b215-a74b35504ad3&amp;quot;)&amp;gt;&amp;gt; = &amp;lt;selenium.webdriver.remote.webelement.WebElement (session=&amp;quot;975aecba-dc85-4959-abc7-ddc291767ba2&amp;quot;, element=&amp;quot;a75e721d-5f23-41b9-b215-a74b35504ad3&amp;quot;)&amp;gt;.is_enabled\n\ntest_orange_menu_validation.py:547: AssertionError\n\n---------------------------- Captured stdout setup -----------------------------\nBrowser started successfully.\nError during login: Message: \nStacktrace:\nRemoteError@chrome://remote/content/shared/RemoteError.sys.mjs:8:8\nWebDriverError@chrome://remote/content/shared/webdriver/Errors.sys.mjs:191:5\nNoSuchElementError@chrome://remote/content/shared/webdriver/Errors.sys.mjs:509:5\ndom.find/&amp;lt;/&amp;lt;@chrome://remote/content/shared/DOM.sys.mjs:136:16\n\n&#34;}], &#34;test_orange_menu_validation.py::test_claim_menu_selected&#34;: [{&#34;extras&#34;: [], &#34;result&#34;: &#34;Failed&#34;, &#34;testId&#34;: &#34;test_orange_menu_validation.py::test_claim_menu_selected&#34;, &#34;duration&#34;: &#34;00:00:22&#34;, &#34;resultsTableRow&#34;: [&#34;&lt;td class=\&#34;col-result\&#34;&gt;Failed&lt;/td&gt;&#34;, &#34;&lt;td class=\&#34;col-testId\&#34;&gt;test_orange_menu_validation.py::test_claim_menu_selected&lt;/td&gt;&#34;, &#34;&lt;td class=\&#34;col-duration\&#34;&gt;00:00:22&lt;/td&gt;&#34;, &#34;&lt;td class=\&#34;col-links\&#34;&gt;&lt;/td&gt;&#34;], &#34;log&#34;: &#34;menu_list = &amp;lt;Automation_Scripts.orange_menu_validation.Menu_validation object at 0x000001C4E3DBA6F0&amp;gt;\n\n    def test_claim_menu_selected(menu_list):\n        claim_menu = WebDriverWait(menu_list.driver, 20).until(\n            EC.visibility_of_element_located((By.XPATH, locators.WebLocators().claim)))\n&amp;gt;       assert claim_menu.is_selected()\nE       assert False\nE        +  where False = &amp;lt;bound method WebElement.is_selected of &amp;lt;selenium.webdriver.remote.webelement.WebElement (session=&amp;quot;975aecba-dc85-4959-abc7-ddc291767ba2&amp;quot;, element=&amp;quot;c7022ace-c535-476a-8686-2a77ae93b46c&amp;quot;)&amp;gt;&amp;gt;()\nE        +    where &amp;lt;bound method WebElement.is_selected of &amp;lt;selenium.webdriver.remote.webelement.WebElement (session=&amp;quot;975aecba-dc85-4959-abc7-ddc291767ba2&amp;quot;, element=&amp;quot;c7022ace-c535-476a-8686-2a77ae93b46c&amp;quot;)&amp;gt;&amp;gt; = &amp;lt;selenium.webdriver.remote.webelement.WebElement (session=&amp;quot;975aecba-dc85-4959-abc7-ddc291767ba2&amp;quot;, element=&amp;quot;c7022ace-c535-476a-8686-2a77ae93b46c&amp;quot;)&amp;gt;.is_selected\n\ntest_orange_menu_validation.py:553: AssertionError\n\n---------------------------- Captured stdout setup -----------------------------\nBrowser started successfully.\nError during login: Message: \nStacktrace:\nRemoteError@chrome://remote/content/shared/RemoteError.sys.mjs:8:8\nWebDriverError@chrome://remote/content/shared/webdriver/Errors.sys.mjs:191:5\nNoSuchElementError@chrome://remote/content/shared/webdriver/Errors.sys.mjs:509:5\ndom.find/&amp;lt;/&amp;lt;@chrome://remote/content/shared/DOM.sys.mjs:136:16\n\n&#34;}], &#34;test_orange_menu_validation.py::test_claim_menu_not_selected&#34;: [{&#34;extras&#34;: [], &#34;result&#34;: &#34;Passed&#34;, &#34;testId&#34;: &#34;test_orange_menu_validation.py::test_claim_menu_not_selected&#34;, &#34;duration&#34;: &#34;00:00:23&#34;, &#34;resultsTableRow&#34;: [&#34;&lt;td class=\&#34;col-result\&#34;&gt;Passed&lt;/td&gt;&#34;, &#34;&lt;td class=\&#34;col-testId\&#34;&gt;test_orange_menu_validation.py::test_claim_menu_not_selected&lt;/td&gt;&#34;, &#34;&lt;td class=\&#34;col-duration\&#34;&gt;00:00:23&lt;/td&gt;&#34;, &#34;&lt;td class=\&#34;col-links\&#34;&gt;&lt;/td&gt;&#34;], &#34;log&#34;: &#34;---------------------------- Captured stdout setup -----------------------------\nBrowser started successfully.\nError during login: Message: \nStacktrace:\nRemoteError@chrome://remote/content/shared/RemoteError.sys.mjs:8:8\nWebDriverError@chrome://remote/content/shared/webdriver/Errors.sys.mjs:191:5\nNoSuchElementError@chrome://remote/content/shared/webdriver/Errors.sys.mjs:509:5\ndom.find/&amp;lt;/&amp;lt;@chrome://remote/content/shared/DOM.sys.mjs:136:16\n\n&#34;}], &#34;test_orange_menu_validation.py::test_buzz_menu_label_present&#34;: [{&#34;extras&#34;: [], &#34;result&#34;: &#34;Passed&#34;, &#34;testId&#34;: &#34;test_orange_menu_validation.py::test_buzz_menu_label_present&#34;, &#34;duration&#34;: &#34;00:00:23&#34;, &#34;resultsTableRow&#34;: [&#34;&lt;td class=\&#34;col-result\&#34;&gt;Passed&lt;/td&gt;&#34;, &#34;&lt;td class=\&#34;col-testId\&#34;&gt;test_orange_menu_validation.py::test_buzz_menu_label_present&lt;/td&gt;&#34;, &#34;&lt;td class=\&#34;col-duration\&#34;&gt;00:00:23&lt;/td&gt;&#34;, &#34;&lt;td class=\&#34;col-links\&#34;&gt;&lt;/td&gt;&#34;], &#34;log&#34;: &#34;---------------------------- Captured stdout setup -----------------------------\nBrowser started successfully.\nError during login: Message: \nStacktrace:\nRemoteError@chrome://remote/content/shared/RemoteError.sys.mjs:8:8\nWebDriverError@chrome://remote/content/shared/webdriver/Errors.sys.mjs:191:5\nNoSuchElementError@chrome://remote/content/shared/webdriver/Errors.sys.mjs:509:5\ndom.find/&amp;lt;/&amp;lt;@chrome://remote/content/shared/DOM.sys.mjs:136:16\n\n&#34;}], &#34;test_orange_menu_validation.py::test_buzz_menu_label_absent&#34;: [{&#34;extras&#34;: [], &#34;result&#34;: &#34;Failed&#34;, &#34;testId&#34;: &#34;test_orange_menu_validation.py::test_buzz_menu_label_absent&#34;, &#34;duration&#34;: &#34;00:00:23&#34;, &#34;resultsTableRow&#34;: [&#34;&lt;td class=\&#34;col-result\&#34;&gt;Failed&lt;/td&gt;&#34;, &#34;&lt;td class=\&#34;col-testId\&#34;&gt;test_orange_menu_validation.py::test_buzz_menu_label_absent&lt;/td&gt;&#34;, &#34;&lt;td class=\&#34;col-duration\&#34;&gt;00:00:23&lt;/td&gt;&#34;, &#34;&lt;td class=\&#34;col-links\&#34;&gt;&lt;/td&gt;&#34;], &#34;log&#34;: &#34;menu_list = &amp;lt;Automation_Scripts.orange_menu_validation.Menu_validation object at 0x000001C4E3DB88C0&amp;gt;\n\n    def test_buzz_menu_label_absent(menu_list):\n        buzz_menu = WebDriverWait(menu_list.driver, 20).until(\n            EC.visibility_of_element_located((By.XPATH, locators.WebLocators().buzz)))\n&amp;gt;       assert &amp;quot;Buzz&amp;quot; not in buzz_menu.text\nE       AssertionError: assert &amp;#x27;Buzz&amp;#x27; not in &amp;#x27;Buzz&amp;#x27;\nE         &amp;#x27;Buzz&amp;#x27; is contained here:\nE           Buzz\n\ntest_orange_menu_validation.py:572: AssertionError\n\n---------------------------- Captured stdout setup -----------------------------\nBrowser started successfully.\nError during login: Message: \nStacktrace:\nRemoteError@chrome://remote/content/shared/RemoteError.sys.mjs:8:8\nWebDriverError@chrome://remote/content/shared/webdriver/Errors.sys.mjs:191:5\nNoSuchElementError@chrome://remote/content/shared/webdriver/Errors.sys.mjs:509:5\ndom.find/&amp;lt;/&amp;lt;@chrome://remote/content/shared/DOM.sys.mjs:136:16\n\n&#34;}], &#34;test_orange_menu_validation.py::test_buzz_menu_displayed&#34;: [{&#34;extras&#34;: [], &#34;result&#34;: &#34;Passed&#34;, &#34;testId&#34;: &#34;test_orange_menu_validation.py::test_buzz_menu_displayed&#34;, &#34;duration&#34;: &#34;00:00:23&#34;, &#34;resultsTableRow&#34;: [&#34;&lt;td class=\&#34;col-result\&#34;&gt;Passed&lt;/td&gt;&#34;, &#34;&lt;td class=\&#34;col-testId\&#34;&gt;test_orange_menu_validation.py::test_buzz_menu_displayed&lt;/td&gt;&#34;, &#34;&lt;td class=\&#34;col-duration\&#34;&gt;00:00:23&lt;/td&gt;&#34;, &#34;&lt;td class=\&#34;col-links\&#34;&gt;&lt;/td&gt;&#34;], &#34;log&#34;: &#34;---------------------------- Captured stdout setup -----------------------------\nBrowser started successfully.\nError during login: Message: \nStacktrace:\nRemoteError@chrome://remote/content/shared/RemoteError.sys.mjs:8:8\nWebDriverError@chrome://remote/content/shared/webdriver/Errors.sys.mjs:191:5\nNoSuchElementError@chrome://remote/content/shared/webdriver/Errors.sys.mjs:509:5\ndom.find/&amp;lt;/&amp;lt;@chrome://remote/content/shared/DOM.sys.mjs:136:16\n\n&#34;}], &#34;test_orange_menu_validation.py::test_buzz_menu_not_displayed&#34;: [{&#34;extras&#34;: [], &#34;result&#34;: &#34;Failed&#34;, &#34;testId&#34;: &#34;test_orange_menu_validation.py::test_buzz_menu_not_displayed&#34;, &#34;duration&#34;: &#34;00:00:22&#34;, &#34;resultsTableRow&#34;: [&#34;&lt;td class=\&#34;col-result\&#34;&gt;Failed&lt;/td&gt;&#34;, &#34;&lt;td class=\&#34;col-testId\&#34;&gt;test_orange_menu_validation.py::test_buzz_menu_not_displayed&lt;/td&gt;&#34;, &#34;&lt;td class=\&#34;col-duration\&#34;&gt;00:00:22&lt;/td&gt;&#34;, &#34;&lt;td class=\&#34;col-links\&#34;&gt;&lt;/td&gt;&#34;], &#34;log&#34;: &#34;menu_list = &amp;lt;Automation_Scripts.orange_menu_validation.Menu_validation object at 0x000001C4E3DB8B00&amp;gt;\n\n    def test_buzz_menu_not_displayed(menu_list):\n        buzz_menu = WebDriverWait(menu_list.driver, 20).until(\n            EC.visibility_of_element_located((By.XPATH, locators.WebLocators().buzz)))\n&amp;gt;       assert not buzz_menu.is_displayed()\nE       assert not True\nE        +  where True = &amp;lt;bound method WebElement.is_displayed of &amp;lt;selenium.webdriver.remote.webelement.WebElement (session=&amp;quot;975aecba-dc85-4959-abc7-ddc291767ba2&amp;quot;, element=&amp;quot;a882853c-525a-41df-a735-7cfb7cf49690&amp;quot;)&amp;gt;&amp;gt;()\nE        +    where &amp;lt;bound method WebElement.is_displayed of &amp;lt;selenium.webdriver.remote.webelement.WebElement (session=&amp;quot;975aecba-dc85-4959-abc7-ddc291767ba2&amp;quot;, element=&amp;quot;a882853c-525a-41df-a735-7cfb7cf49690&amp;quot;)&amp;gt;&amp;gt; = &amp;lt;selenium.webdriver.remote.webelement.WebElement (session=&amp;quot;975aecba-dc85-4959-abc7-ddc291767ba2&amp;quot;, element=&amp;quot;a882853c-525a-41df-a735-7cfb7cf49690&amp;quot;)&amp;gt;.is_displayed\n\ntest_orange_menu_validation.py:584: AssertionError\n\n---------------------------- Captured stdout setup -----------------------------\nBrowser started successfully.\nError during login: Message: \nStacktrace:\nRemoteError@chrome://remote/content/shared/RemoteError.sys.mjs:8:8\nWebDriverError@chrome://remote/content/shared/webdriver/Errors.sys.mjs:191:5\nNoSuchElementError@chrome://remote/content/shared/webdriver/Errors.sys.mjs:509:5\ndom.find/&amp;lt;/&amp;lt;@chrome://remote/content/shared/DOM.sys.mjs:136:16\n\n&#34;}], &#34;test_orange_menu_validation.py::test_buzz_menu_enabled&#34;: [{&#34;extras&#34;: [], &#34;result&#34;: &#34;Passed&#34;, &#34;testId&#34;: &#34;test_orange_menu_validation.py::test_buzz_menu_enabled&#34;, &#34;duration&#34;: &#34;00:00:23&#34;, &#34;resultsTableRow&#34;: [&#34;&lt;td class=\&#34;col-result\&#34;&gt;Passed&lt;/td&gt;&#34;, &#34;&lt;td class=\&#34;col-testId\&#34;&gt;test_orange_menu_validation.py::test_buzz_menu_enabled&lt;/td&gt;&#34;, &#34;&lt;td class=\&#34;col-duration\&#34;&gt;00:00:23&lt;/td&gt;&#34;, &#34;&lt;td class=\&#34;col-links\&#34;&gt;&lt;/td&gt;&#34;], &#34;log&#34;: &#34;---------------------------- Captured stdout setup -----------------------------\nBrowser started successfully.\nError during login: Message: \nStacktrace:\nRemoteError@chrome://remote/content/shared/RemoteError.sys.mjs:8:8\nWebDriverError@chrome://remote/content/shared/webdriver/Errors.sys.mjs:191:5\nNoSuchElementError@chrome://remote/content/shared/webdriver/Errors.sys.mjs:509:5\ndom.find/&amp;lt;/&amp;lt;@chrome://remote/content/shared/DOM.sys.mjs:136:16\n\n&#34;}], &#34;test_orange_menu_validation.py::test_buzz_menu_not_enabled&#34;: [{&#34;extras&#34;: [], &#34;result&#34;: &#34;Failed&#34;, &#34;testId&#34;: &#34;test_orange_menu_validation.py::test_buzz_menu_not_enabled&#34;, &#34;duration&#34;: &#34;00:00:22&#34;, &#34;resultsTableRow&#34;: [&#34;&lt;td class=\&#34;col-result\&#34;&gt;Failed&lt;/td&gt;&#34;, &#34;&lt;td class=\&#34;col-testId\&#34;&gt;test_orange_menu_validation.py::test_buzz_menu_not_enabled&lt;/td&gt;&#34;, &#34;&lt;td class=\&#34;col-duration\&#34;&gt;00:00:22&lt;/td&gt;&#34;, &#34;&lt;td class=\&#34;col-links\&#34;&gt;&lt;/td&gt;&#34;], &#34;log&#34;: &#34;menu_list = &amp;lt;Automation_Scripts.orange_menu_validation.Menu_validation object at 0x000001C4E3DB9460&amp;gt;\n\n    def test_buzz_menu_not_enabled(menu_list):\n        buzz_menu = WebDriverWait(menu_list.driver, 20).until(\n            EC.visibility_of_element_located((By.XPATH, locators.WebLocators().buzz)))\n&amp;gt;       assert not buzz_menu.is_enabled()\nE       assert not True\nE        +  where True = &amp;lt;bound method WebElement.is_enabled of &amp;lt;selenium.webdriver.remote.webelement.WebElement (session=&amp;quot;975aecba-dc85-4959-abc7-ddc291767ba2&amp;quot;, element=&amp;quot;cd14e6af-f489-41e1-935f-2127f5b141c1&amp;quot;)&amp;gt;&amp;gt;()\nE        +    where &amp;lt;bound method WebElement.is_enabled of &amp;lt;selenium.webdriver.remote.webelement.WebElement (session=&amp;quot;975aecba-dc85-4959-abc7-ddc291767ba2&amp;quot;, element=&amp;quot;cd14e6af-f489-41e1-935f-2127f5b141c1&amp;quot;)&amp;gt;&amp;gt; = &amp;lt;selenium.webdriver.remote.webelement.WebElement (session=&amp;quot;975aecba-dc85-4959-abc7-ddc291767ba2&amp;quot;, element=&amp;quot;cd14e6af-f489-41e1-935f-2127f5b141c1&amp;quot;)&amp;gt;.is_enabled\n\ntest_orange_menu_validation.py:596: AssertionError\n\n---------------------------- Captured stdout setup -----------------------------\nBrowser started successfully.\nError during login: Message: \nStacktrace:\nRemoteError@chrome://remote/content/shared/RemoteError.sys.mjs:8:8\nWebDriverError@chrome://remote/content/shared/webdriver/Errors.sys.mjs:191:5\nNoSuchElementError@chrome://remote/content/shared/webdriver/Errors.sys.mjs:509:5\ndom.find/&amp;lt;/&amp;lt;@chrome://remote/content/shared/DOM.sys.mjs:136:16\n\n&#34;}], &#34;test_orange_menu_validation.py::test_buzz_menu_selected&#34;: [{&#34;extras&#34;: [], &#34;result&#34;: &#34;Failed&#34;, &#34;testId&#34;: &#34;test_orange_menu_validation.py::test_buzz_menu_selected&#34;, &#34;duration&#34;: &#34;00:00:23&#34;, &#34;resultsTableRow&#34;: [&#34;&lt;td class=\&#34;col-result\&#34;&gt;Failed&lt;/td&gt;&#34;, &#34;&lt;td class=\&#34;col-testId\&#34;&gt;test_orange_menu_validation.py::test_buzz_menu_selected&lt;/td&gt;&#34;, &#34;&lt;td class=\&#34;col-duration\&#34;&gt;00:00:23&lt;/td&gt;&#34;, &#34;&lt;td class=\&#34;col-links\&#34;&gt;&lt;/td&gt;&#34;], &#34;log&#34;: &#34;menu_list = &amp;lt;Automation_Scripts.orange_menu_validation.Menu_validation object at 0x000001C4E3DBA7E0&amp;gt;\n\n    def test_buzz_menu_selected(menu_list):\n        buzz_menu = WebDriverWait(menu_list.driver, 20).until(\n            EC.visibility_of_element_located((By.XPATH, locators.WebLocators().buzz)))\n&amp;gt;       assert buzz_menu.is_selected()\nE       assert False\nE        +  where False = &amp;lt;bound method WebElement.is_selected of &amp;lt;selenium.webdriver.remote.webelement.WebElement (session=&amp;quot;975aecba-dc85-4959-abc7-ddc291767ba2&amp;quot;, element=&amp;quot;82c27706-aebf-4931-a97e-0aad57736201&amp;quot;)&amp;gt;&amp;gt;()\nE        +    where &amp;lt;bound method WebElement.is_selected of &amp;lt;selenium.webdriver.remote.webelement.WebElement (session=&amp;quot;975aecba-dc85-4959-abc7-ddc291767ba2&amp;quot;, element=&amp;quot;82c27706-aebf-4931-a97e-0aad57736201&amp;quot;)&amp;gt;&amp;gt; = &amp;lt;selenium.webdriver.remote.webelement.WebElement (session=&amp;quot;975aecba-dc85-4959-abc7-ddc291767ba2&amp;quot;, element=&amp;quot;82c27706-aebf-4931-a97e-0aad57736201&amp;quot;)&amp;gt;.is_selected\n\ntest_orange_menu_validation.py:602: AssertionError\n\n---------------------------- Captured stdout setup -----------------------------\nBrowser started successfully.\nError during login: Message: \nStacktrace:\nRemoteError@chrome://remote/content/shared/RemoteError.sys.mjs:8:8\nWebDriverError@chrome://remote/content/shared/webdriver/Errors.sys.mjs:191:5\nNoSuchElementError@chrome://remote/content/shared/webdriver/Errors.sys.mjs:509:5\ndom.find/&amp;lt;/&amp;lt;@chrome://remote/content/shared/DOM.sys.mjs:136:16\n\n&#34;}], &#34;test_orange_menu_validation.py::test_buzz_menu_not_selected&#34;: [{&#34;extras&#34;: [], &#34;result&#34;: &#34;Passed&#34;, &#34;testId&#34;: &#34;test_orange_menu_validation.py::test_buzz_menu_not_selected&#34;, &#34;duration&#34;: &#34;00:00:22&#34;, &#34;resultsTableRow&#34;: [&#34;&lt;td class=\&#34;col-result\&#34;&gt;Passed&lt;/td&gt;&#34;, &#34;&lt;td class=\&#34;col-testId\&#34;&gt;test_orange_menu_validation.py::test_buzz_menu_not_selected&lt;/td&gt;&#34;, &#34;&lt;td class=\&#34;col-duration\&#34;&gt;00:00:22&lt;/td&gt;&#34;, &#34;&lt;td class=\&#34;col-links\&#34;&gt;&lt;/td&gt;&#34;], &#34;log&#34;: &#34;---------------------------- Captured stdout setup -----------------------------\nBrowser started successfully.\nError during login: Message: \nStacktrace:\nRemoteError@chrome://remote/content/shared/RemoteError.sys.mjs:8:8\nWebDriverError@chrome://remote/content/shared/webdriver/Errors.sys.mjs:191:5\nNoSuchElementError@chrome://remote/content/shared/webdriver/Errors.sys.mjs:509:5\ndom.find/&amp;lt;/&amp;lt;@chrome://remote/content/shared/DOM.sys.mjs:136:16\n\n&#34;}]}, &#34;renderCollapsed&#34;: [&#34;passed&#34;], &#34;initialSort&#34;: &#34;result&#34;, &#34;title&#34;: &#34;testcase_TC_PIM_03_Menu_Validation&#34;}"></div>
    <script>
      (function(){function r(e,n,t){function o(i,f){if(!n[i]){if(!e[i]){var c="function"==typeof require&&require;if(!f&&c)return c(i,!0);if(u)return u(i,!0);var a=new Error("Cannot find module '"+i+"'");throw a.code="MODULE_NOT_FOUND",a}var p=n[i]={exports:{}};e[i][0].call(p.exports,function(r){var n=e[i][1][r];return o(n||r)},p,p.exports,r,e,n,t)}return n[i].exports}for(var u="function"==typeof require&&require,i=0;i<t.length;i++)o(t[i]);return o}return r})()({1:[function(require,module,exports){
const { getCollapsedCategory, setCollapsedIds } = require('./storage.js')

class DataManager {
    setManager(data) {
        const collapsedCategories = [...getCollapsedCategory(data.renderCollapsed)]
        const collapsedIds = []
        const tests = Object.values(data.tests).flat().map((test, index) => {
            const collapsed = collapsedCategories.includes(test.result.toLowerCase())
            const id = `test_${index}`
            if (collapsed) {
                collapsedIds.push(id)
            }
            return {
                ...test,
                id,
                collapsed,
            }
        })
        const dataBlob = { ...data, tests }
        this.data = { ...dataBlob }
        this.renderData = { ...dataBlob }
        setCollapsedIds(collapsedIds)
    }

    get allData() {
        return { ...this.data }
    }

    resetRender() {
        this.renderData = { ...this.data }
    }

    setRender(data) {
        this.renderData.tests = [...data]
    }

    toggleCollapsedItem(id) {
        this.renderData.tests = this.renderData.tests.map((test) =>
            test.id === id ? { ...test, collapsed: !test.collapsed } : test,
        )
    }

    set allCollapsed(collapsed) {
        this.renderData = { ...this.renderData, tests: [...this.renderData.tests.map((test) => (
            { ...test, collapsed }
        ))] }
    }

    get testSubset() {
        return [...this.renderData.tests]
    }

    get environment() {
        return this.renderData.environment
    }

    get initialSort() {
        return this.data.initialSort
    }
}

module.exports = {
    manager: new DataManager(),
}

},{"./storage.js":8}],2:[function(require,module,exports){
const mediaViewer = require('./mediaviewer.js')
const templateEnvRow = document.getElementById('template_environment_row')
const templateResult = document.getElementById('template_results-table__tbody')

function htmlToElements(html) {
    const temp = document.createElement('template')
    temp.innerHTML = html
    return temp.content.childNodes
}

const find = (selector, elem) => {
    if (!elem) {
        elem = document
    }
    return elem.querySelector(selector)
}

const findAll = (selector, elem) => {
    if (!elem) {
        elem = document
    }
    return [...elem.querySelectorAll(selector)]
}

const dom = {
    getStaticRow: (key, value) => {
        const envRow = templateEnvRow.content.cloneNode(true)
        const isObj = typeof value === 'object' && value !== null
        const values = isObj ? Object.keys(value).map((k) => `${k}: ${value[k]}`) : null

        const valuesElement = htmlToElements(
            values ? `<ul>${values.map((val) => `<li>${val}</li>`).join('')}<ul>` : `<div>${value}</div>`)[0]
        const td = findAll('td', envRow)
        td[0].textContent = key
        td[1].appendChild(valuesElement)

        return envRow
    },
    getResultTBody: ({ testId, id, log, extras, resultsTableRow, tableHtml, result, collapsed }) => {
        const resultBody = templateResult.content.cloneNode(true)
        resultBody.querySelector('tbody').classList.add(result.toLowerCase())
        resultBody.querySelector('tbody').id = testId
        resultBody.querySelector('.collapsible').dataset.id = id

        resultsTableRow.forEach((html) => {
            const t = document.createElement('template')
            t.innerHTML = html
            resultBody.querySelector('.collapsible').appendChild(t.content)
        })

        if (log) {
            // Wrap lines starting with "E" with span.error to color those lines red
            const wrappedLog = log.replace(/^E.*$/gm, (match) => `<span class="error">${match}</span>`)
            resultBody.querySelector('.log').innerHTML = wrappedLog
        } else {
            resultBody.querySelector('.log').remove()
        }

        if (collapsed) {
            resultBody.querySelector('.collapsible > td')?.classList.add('collapsed')
            resultBody.querySelector('.extras-row').classList.add('hidden')
        } else {
            resultBody.querySelector('.collapsible > td')?.classList.remove('collapsed')
        }

        const media = []
        extras?.forEach(({ name, format_type, content }) => {
            if (['image', 'video'].includes(format_type)) {
                media.push({ path: content, name, format_type })
            }

            if (format_type === 'html') {
                resultBody.querySelector('.extraHTML').insertAdjacentHTML('beforeend', `<div>${content}</div>`)
            }
        })
        mediaViewer.setup(resultBody, media)

        // Add custom html from the pytest_html_results_table_html hook
        tableHtml?.forEach((item) => {
            resultBody.querySelector('td[class="extra"]').insertAdjacentHTML('beforeend', item)
        })

        return resultBody
    },
}

module.exports = {
    dom,
    htmlToElements,
    find,
    findAll,
}

},{"./mediaviewer.js":6}],3:[function(require,module,exports){
const { manager } = require('./datamanager.js')
const { doSort } = require('./sort.js')
const storageModule = require('./storage.js')

const getFilteredSubSet = (filter) =>
    manager.allData.tests.filter(({ result }) => filter.includes(result.toLowerCase()))

const doInitFilter = () => {
    const currentFilter = storageModule.getVisible()
    const filteredSubset = getFilteredSubSet(currentFilter)
    manager.setRender(filteredSubset)
}

const doFilter = (type, show) => {
    if (show) {
        storageModule.showCategory(type)
    } else {
        storageModule.hideCategory(type)
    }

    const currentFilter = storageModule.getVisible()
    const filteredSubset = getFilteredSubSet(currentFilter)
    manager.setRender(filteredSubset)

    const sortColumn = storageModule.getSort()
    doSort(sortColumn, true)
}

module.exports = {
    doFilter,
    doInitFilter,
}

},{"./datamanager.js":1,"./sort.js":7,"./storage.js":8}],4:[function(require,module,exports){
const { redraw, bindEvents, renderStatic } = require('./main.js')
const { doInitFilter } = require('./filter.js')
const { doInitSort } = require('./sort.js')
const { manager } = require('./datamanager.js')
const data = JSON.parse(document.getElementById('data-container').dataset.jsonblob)

function init() {
    manager.setManager(data)
    doInitFilter()
    doInitSort()
    renderStatic()
    redraw()
    bindEvents()
}

init()

},{"./datamanager.js":1,"./filter.js":3,"./main.js":5,"./sort.js":7}],5:[function(require,module,exports){
const { dom, find, findAll } = require('./dom.js')
const { manager } = require('./datamanager.js')
const { doSort } = require('./sort.js')
const { doFilter } = require('./filter.js')
const {
    getVisible,
    getCollapsedIds,
    setCollapsedIds,
    getSort,
    getSortDirection,
    possibleFilters,
} = require('./storage.js')

const removeChildren = (node) => {
    while (node.firstChild) {
        node.removeChild(node.firstChild)
    }
}

const renderStatic = () => {
    const renderEnvironmentTable = () => {
        const environment = manager.environment
        const rows = Object.keys(environment).map((key) => dom.getStaticRow(key, environment[key]))
        const table = document.getElementById('environment')
        removeChildren(table)
        rows.forEach((row) => table.appendChild(row))
    }
    renderEnvironmentTable()
}

const addItemToggleListener = (elem) => {
    elem.addEventListener('click', ({ target }) => {
        const id = target.parentElement.dataset.id
        manager.toggleCollapsedItem(id)

        const collapsedIds = getCollapsedIds()
        if (collapsedIds.includes(id)) {
            const updated = collapsedIds.filter((item) => item !== id)
            setCollapsedIds(updated)
        } else {
            collapsedIds.push(id)
            setCollapsedIds(collapsedIds)
        }
        redraw()
    })
}

const renderContent = (tests) => {
    const sortAttr = getSort(manager.initialSort)
    const sortAsc = JSON.parse(getSortDirection())
    const rows = tests.map(dom.getResultTBody)
    const table = document.getElementById('results-table')
    const tableHeader = document.getElementById('results-table-head')

    const newTable = document.createElement('table')
    newTable.id = 'results-table'

    // remove all sorting classes and set the relevant
    findAll('.sortable', tableHeader).forEach((elem) => elem.classList.remove('asc', 'desc'))
    tableHeader.querySelector(`.sortable[data-column-type="${sortAttr}"]`)?.classList.add(sortAsc ? 'desc' : 'asc')
    newTable.appendChild(tableHeader)

    if (!rows.length) {
        const emptyTable = document.getElementById('template_results-table__body--empty').content.cloneNode(true)
        newTable.appendChild(emptyTable)
    } else {
        rows.forEach((row) => {
            if (!!row) {
                findAll('.collapsible td:not(.col-links', row).forEach(addItemToggleListener)
                find('.logexpander', row).addEventListener('click',
                    (evt) => evt.target.parentNode.classList.toggle('expanded'),
                )
                newTable.appendChild(row)
            }
        })
    }

    table.replaceWith(newTable)
}

const renderDerived = () => {
    const currentFilter = getVisible()
    possibleFilters.forEach((result) => {
        const input = document.querySelector(`input[data-test-result="${result}"]`)
        input.checked = currentFilter.includes(result)
    })
}

const bindEvents = () => {
    const filterColumn = (evt) => {
        const { target: element } = evt
        const { testResult } = element.dataset

        doFilter(testResult, element.checked)
        const collapsedIds = getCollapsedIds()
        const updated = manager.renderData.tests.map((test) => {
            return {
                ...test,
                collapsed: collapsedIds.includes(test.id),
            }
        })
        manager.setRender(updated)
        redraw()
    }

    const header = document.getElementById('environment-header')
    header.addEventListener('click', () => {
        const table = document.getElementById('environment')
        table.classList.toggle('hidden')
        header.classList.toggle('collapsed')
    })

    findAll('input[name="filter_checkbox"]').forEach((elem) => {
        elem.addEventListener('click', filterColumn)
    })

    findAll('.sortable').forEach((elem) => {
        elem.addEventListener('click', (evt) => {
            const { target: element } = evt
            const { columnType } = element.dataset
            doSort(columnType)
            redraw()
        })
    })

    document.getElementById('show_all_details').addEventListener('click', () => {
        manager.allCollapsed = false
        setCollapsedIds([])
        redraw()
    })
    document.getElementById('hide_all_details').addEventListener('click', () => {
        manager.allCollapsed = true
        const allIds = manager.renderData.tests.map((test) => test.id)
        setCollapsedIds(allIds)
        redraw()
    })
}

const redraw = () => {
    const { testSubset } = manager

    renderContent(testSubset)
    renderDerived()
}

module.exports = {
    redraw,
    bindEvents,
    renderStatic,
}

},{"./datamanager.js":1,"./dom.js":2,"./filter.js":3,"./sort.js":7,"./storage.js":8}],6:[function(require,module,exports){
class MediaViewer {
    constructor(assets) {
        this.assets = assets
        this.index = 0
    }

    nextActive() {
        this.index = this.index === this.assets.length - 1 ? 0 : this.index + 1
        return [this.activeFile, this.index]
    }

    prevActive() {
        this.index = this.index === 0 ? this.assets.length - 1 : this.index -1
        return [this.activeFile, this.index]
    }

    get currentIndex() {
        return this.index
    }

    get activeFile() {
        return this.assets[this.index]
    }
}


const setup = (resultBody, assets) => {
    if (!assets.length) {
        resultBody.querySelector('.media').classList.add('hidden')
        return
    }

    const mediaViewer = new MediaViewer(assets)
    const container = resultBody.querySelector('.media-container')
    const leftArrow = resultBody.querySelector('.media-container__nav--left')
    const rightArrow = resultBody.querySelector('.media-container__nav--right')
    const mediaName = resultBody.querySelector('.media__name')
    const counter = resultBody.querySelector('.media__counter')
    const imageEl = resultBody.querySelector('img')
    const sourceEl = resultBody.querySelector('source')
    const videoEl = resultBody.querySelector('video')

    const setImg = (media, index) => {
        if (media?.format_type === 'image') {
            imageEl.src = media.path

            imageEl.classList.remove('hidden')
            videoEl.classList.add('hidden')
        } else if (media?.format_type === 'video') {
            sourceEl.src = media.path

            videoEl.classList.remove('hidden')
            imageEl.classList.add('hidden')
        }

        mediaName.innerText = media?.name
        counter.innerText = `${index + 1} / ${assets.length}`
    }
    setImg(mediaViewer.activeFile, mediaViewer.currentIndex)

    const moveLeft = () => {
        const [media, index] = mediaViewer.prevActive()
        setImg(media, index)
    }
    const doRight = () => {
        const [media, index] = mediaViewer.nextActive()
        setImg(media, index)
    }
    const openImg = () => {
        window.open(mediaViewer.activeFile.path, '_blank')
    }
    if (assets.length === 1) {
        container.classList.add('media-container--fullscreen')
    } else {
        leftArrow.addEventListener('click', moveLeft)
        rightArrow.addEventListener('click', doRight)
    }
    imageEl.addEventListener('click', openImg)
}

module.exports = {
    setup,
}

},{}],7:[function(require,module,exports){
const { manager } = require('./datamanager.js')
const storageModule = require('./storage.js')

const genericSort = (list, key, ascending, customOrder) => {
    let sorted
    if (customOrder) {
        sorted = list.sort((a, b) => {
            const aValue = a.result.toLowerCase()
            const bValue = b.result.toLowerCase()

            const aIndex = customOrder.findIndex((item) => item.toLowerCase() === aValue)
            const bIndex = customOrder.findIndex((item) => item.toLowerCase() === bValue)

            // Compare the indices to determine the sort order
            return aIndex - bIndex
        })
    } else {
        sorted = list.sort((a, b) => a[key] === b[key] ? 0 : a[key] > b[key] ? 1 : -1)
    }

    if (ascending) {
        sorted.reverse()
    }
    return sorted
}

const durationSort = (list, ascending) => {
    const parseDuration = (duration) => {
        if (duration.includes(':')) {
            // If it's in the format "HH:mm:ss"
            const [hours, minutes, seconds] = duration.split(':').map(Number)
            return (hours * 3600 + minutes * 60 + seconds) * 1000
        } else {
            // If it's in the format "nnn ms"
            return parseInt(duration)
        }
    }
    const sorted = list.sort((a, b) => parseDuration(a['duration']) - parseDuration(b['duration']))
    if (ascending) {
        sorted.reverse()
    }
    return sorted
}

const doInitSort = () => {
    const type = storageModule.getSort(manager.initialSort)
    const ascending = storageModule.getSortDirection()
    const list = manager.testSubset
    const initialOrder = ['Error', 'Failed', 'Rerun', 'XFailed', 'XPassed', 'Skipped', 'Passed']

    storageModule.setSort(type)
    storageModule.setSortDirection(ascending)

    if (type?.toLowerCase() === 'original') {
        manager.setRender(list)
    } else {
        let sortedList
        switch (type) {
        case 'duration':
            sortedList = durationSort(list, ascending)
            break
        case 'result':
            sortedList = genericSort(list, type, ascending, initialOrder)
            break
        default:
            sortedList = genericSort(list, type, ascending)
            break
        }
        manager.setRender(sortedList)
    }
}

const doSort = (type, skipDirection) => {
    const newSortType = storageModule.getSort(manager.initialSort) !== type
    const currentAsc = storageModule.getSortDirection()
    let ascending
    if (skipDirection) {
        ascending = currentAsc
    } else {
        ascending = newSortType ? false : !currentAsc
    }
    storageModule.setSort(type)
    storageModule.setSortDirection(ascending)

    const list = manager.testSubset
    const sortedList = type === 'duration' ? durationSort(list, ascending) : genericSort(list, type, ascending)
    manager.setRender(sortedList)
}

module.exports = {
    doInitSort,
    doSort,
}

},{"./datamanager.js":1,"./storage.js":8}],8:[function(require,module,exports){
const possibleFilters = [
    'passed',
    'skipped',
    'failed',
    'error',
    'xfailed',
    'xpassed',
    'rerun',
]

const getVisible = () => {
    const url = new URL(window.location.href)
    const settings = new URLSearchParams(url.search).get('visible')
    const lower = (item) => {
        const lowerItem = item.toLowerCase()
        if (possibleFilters.includes(lowerItem)) {
            return lowerItem
        }
        return null
    }
    return settings === null ?
        possibleFilters :
        [...new Set(settings?.split(',').map(lower).filter((item) => item))]
}

const hideCategory = (categoryToHide) => {
    const url = new URL(window.location.href)
    const visibleParams = new URLSearchParams(url.search).get('visible')
    const currentVisible = visibleParams ? visibleParams.split(',') : [...possibleFilters]
    const settings = [...new Set(currentVisible)].filter((f) => f !== categoryToHide).join(',')

    url.searchParams.set('visible', settings)
    window.history.pushState({}, null, unescape(url.href))
}

const showCategory = (categoryToShow) => {
    if (typeof window === 'undefined') {
        return
    }
    const url = new URL(window.location.href)
    const currentVisible = new URLSearchParams(url.search).get('visible')?.split(',').filter(Boolean) ||
        [...possibleFilters]
    const settings = [...new Set([categoryToShow, ...currentVisible])]
    const noFilter = possibleFilters.length === settings.length || !settings.length

    noFilter ? url.searchParams.delete('visible') : url.searchParams.set('visible', settings.join(','))
    window.history.pushState({}, null, unescape(url.href))
}

const getSort = (initialSort) => {
    const url = new URL(window.location.href)
    let sort = new URLSearchParams(url.search).get('sort')
    if (!sort) {
        sort = initialSort || 'result'
    }
    return sort
}

const setSort = (type) => {
    const url = new URL(window.location.href)
    url.searchParams.set('sort', type)
    window.history.pushState({}, null, unescape(url.href))
}

const getCollapsedCategory = (renderCollapsed) => {
    let categories
    if (typeof window !== 'undefined') {
        const url = new URL(window.location.href)
        const collapsedItems = new URLSearchParams(url.search).get('collapsed')
        switch (true) {
        case !renderCollapsed && collapsedItems === null:
            categories = ['passed']
            break
        case collapsedItems?.length === 0 || /^["']{2}$/.test(collapsedItems):
            categories = []
            break
        case /^all$/.test(collapsedItems) || collapsedItems === null && /^all$/.test(renderCollapsed):
            categories = [...possibleFilters]
            break
        default:
            categories = collapsedItems?.split(',').map((item) => item.toLowerCase()) || renderCollapsed
            break
        }
    } else {
        categories = []
    }
    return categories
}

const getSortDirection = () => JSON.parse(sessionStorage.getItem('sortAsc')) || false
const setSortDirection = (ascending) => sessionStorage.setItem('sortAsc', ascending)

const getCollapsedIds = () => JSON.parse(sessionStorage.getItem('collapsedIds')) || []
const setCollapsedIds = (list) => sessionStorage.setItem('collapsedIds', JSON.stringify(list))

module.exports = {
    getVisible,
    hideCategory,
    showCategory,
    getCollapsedIds,
    setCollapsedIds,
    getSort,
    setSort,
    getSortDirection,
    setSortDirection,
    getCollapsedCategory,
    possibleFilters,
}

},{}]},{},[4]);
    </script>
  </footer>
</html>